SF:/Users/smeya/git/cargo-quickstart/crates/quickstart-cli/src/args.rs
FN:72,_RNCNvXs7_NtCs18g0SCwlAMm_16cargo_quickstart4argsNtB7_7NewArgsNtNtCs6Y8tVzmg9rm_12clap_builder6derive14FromArgMatches20from_arg_matches_mut0B9_
FN:88,_RNCNvXs7_NtCs18g0SCwlAMm_16cargo_quickstart4argsNtB7_7NewArgsNtNtCs6Y8tVzmg9rm_12clap_builder6derive14FromArgMatches20from_arg_matches_muts0_0B9_
FN:92,_RNCNvXs7_NtCs18g0SCwlAMm_16cargo_quickstart4argsNtB7_7NewArgsNtNtCs6Y8tVzmg9rm_12clap_builder6derive14FromArgMatches20from_arg_matches_muts1_0B9_
FN:96,_RNCNvXs7_NtCs18g0SCwlAMm_16cargo_quickstart4argsNtB7_7NewArgsNtNtCs6Y8tVzmg9rm_12clap_builder6derive14FromArgMatches20from_arg_matches_muts2_0B9_
FN:100,_RNCNvXs7_NtCs18g0SCwlAMm_16cargo_quickstart4argsNtB7_7NewArgsNtNtCs6Y8tVzmg9rm_12clap_builder6derive14FromArgMatches20from_arg_matches_muts3_0B9_
FN:111,_RNCNvXs7_NtCs18g0SCwlAMm_16cargo_quickstart4argsNtB7_7NewArgsNtNtCs6Y8tVzmg9rm_12clap_builder6derive14FromArgMatches20from_arg_matches_muts4_0B9_
FN:80,_RNCNvXs7_NtCs18g0SCwlAMm_16cargo_quickstart4argsNtB7_7NewArgsNtNtCs6Y8tVzmg9rm_12clap_builder6derive14FromArgMatches20from_arg_matches_muts_0B9_
FN:123,_RNCNvXsa_NtCs18g0SCwlAMm_16cargo_quickstart4argsNtB7_8InitArgsNtNtCs6Y8tVzmg9rm_12clap_builder6derive14FromArgMatches20from_arg_matches_mut0B9_
FN:139,_RNCNvXsa_NtCs18g0SCwlAMm_16cargo_quickstart4argsNtB7_8InitArgsNtNtCs6Y8tVzmg9rm_12clap_builder6derive14FromArgMatches20from_arg_matches_muts0_0B9_
FN:143,_RNCNvXsa_NtCs18g0SCwlAMm_16cargo_quickstart4argsNtB7_8InitArgsNtNtCs6Y8tVzmg9rm_12clap_builder6derive14FromArgMatches20from_arg_matches_muts1_0B9_
FN:147,_RNCNvXsa_NtCs18g0SCwlAMm_16cargo_quickstart4argsNtB7_8InitArgsNtNtCs6Y8tVzmg9rm_12clap_builder6derive14FromArgMatches20from_arg_matches_muts2_0B9_
FN:155,_RNCNvXsa_NtCs18g0SCwlAMm_16cargo_quickstart4argsNtB7_8InitArgsNtNtCs6Y8tVzmg9rm_12clap_builder6derive14FromArgMatches20from_arg_matches_muts3_0B9_
FN:159,_RNCNvXsa_NtCs18g0SCwlAMm_16cargo_quickstart4argsNtB7_8InitArgsNtNtCs6Y8tVzmg9rm_12clap_builder6derive14FromArgMatches20from_arg_matches_muts4_0B9_
FN:131,_RNCNvXsa_NtCs18g0SCwlAMm_16cargo_quickstart4argsNtB7_8InitArgsNtNtCs6Y8tVzmg9rm_12clap_builder6derive14FromArgMatches20from_arg_matches_muts_0B9_
FN:168,_RNCNvXsd_NtCs18g0SCwlAMm_16cargo_quickstart4argsNtB7_15CompletionsArgsNtNtCs6Y8tVzmg9rm_12clap_builder6derive14FromArgMatches20from_arg_matches_mut0B9_
FN:205,_RNvNtCs18g0SCwlAMm_16cargo_quickstart4args16validate_edition
FN:212,_RNvNtCs18g0SCwlAMm_16cargo_quickstart4args16validate_license
FN:193,_RNvXNtCs18g0SCwlAMm_16cargo_quickstart4argsNtB2_5ShellNtNtCsf3ugU19TBud_4core3fmt7Display3fmt
FN:72,_RNCNvXs7_NtCs18g0SCwlAMm_16cargo_quickstart4argsNtB7_7NewArgsNtNtCs6Y8tVzmg9rm_12clap_builder6derive14FromArgMatches27update_from_arg_matches_mut0B9_
FN:88,_RNCNvXs7_NtCs18g0SCwlAMm_16cargo_quickstart4argsNtB7_7NewArgsNtNtCs6Y8tVzmg9rm_12clap_builder6derive14FromArgMatches27update_from_arg_matches_muts0_0B9_
FN:92,_RNCNvXs7_NtCs18g0SCwlAMm_16cargo_quickstart4argsNtB7_7NewArgsNtNtCs6Y8tVzmg9rm_12clap_builder6derive14FromArgMatches27update_from_arg_matches_muts1_0B9_
FN:96,_RNCNvXs7_NtCs18g0SCwlAMm_16cargo_quickstart4argsNtB7_7NewArgsNtNtCs6Y8tVzmg9rm_12clap_builder6derive14FromArgMatches27update_from_arg_matches_muts2_0B9_
FN:100,_RNCNvXs7_NtCs18g0SCwlAMm_16cargo_quickstart4argsNtB7_7NewArgsNtNtCs6Y8tVzmg9rm_12clap_builder6derive14FromArgMatches27update_from_arg_matches_muts3_0B9_
FN:111,_RNCNvXs7_NtCs18g0SCwlAMm_16cargo_quickstart4argsNtB7_7NewArgsNtNtCs6Y8tVzmg9rm_12clap_builder6derive14FromArgMatches27update_from_arg_matches_muts4_0B9_
FN:80,_RNCNvXs7_NtCs18g0SCwlAMm_16cargo_quickstart4argsNtB7_7NewArgsNtNtCs6Y8tVzmg9rm_12clap_builder6derive14FromArgMatches27update_from_arg_matches_muts_0B9_
FN:123,_RNCNvXsa_NtCs18g0SCwlAMm_16cargo_quickstart4argsNtB7_8InitArgsNtNtCs6Y8tVzmg9rm_12clap_builder6derive14FromArgMatches27update_from_arg_matches_mut0B9_
FN:139,_RNCNvXsa_NtCs18g0SCwlAMm_16cargo_quickstart4argsNtB7_8InitArgsNtNtCs6Y8tVzmg9rm_12clap_builder6derive14FromArgMatches27update_from_arg_matches_muts0_0B9_
FN:143,_RNCNvXsa_NtCs18g0SCwlAMm_16cargo_quickstart4argsNtB7_8InitArgsNtNtCs6Y8tVzmg9rm_12clap_builder6derive14FromArgMatches27update_from_arg_matches_muts1_0B9_
FN:147,_RNCNvXsa_NtCs18g0SCwlAMm_16cargo_quickstart4argsNtB7_8InitArgsNtNtCs6Y8tVzmg9rm_12clap_builder6derive14FromArgMatches27update_from_arg_matches_muts2_0B9_
FN:155,_RNCNvXsa_NtCs18g0SCwlAMm_16cargo_quickstart4argsNtB7_8InitArgsNtNtCs6Y8tVzmg9rm_12clap_builder6derive14FromArgMatches27update_from_arg_matches_muts3_0B9_
FN:159,_RNCNvXsa_NtCs18g0SCwlAMm_16cargo_quickstart4argsNtB7_8InitArgsNtNtCs6Y8tVzmg9rm_12clap_builder6derive14FromArgMatches27update_from_arg_matches_muts4_0B9_
FN:131,_RNCNvXsa_NtCs18g0SCwlAMm_16cargo_quickstart4argsNtB7_8InitArgsNtNtCs6Y8tVzmg9rm_12clap_builder6derive14FromArgMatches27update_from_arg_matches_muts_0B9_
FN:168,_RNCNvXsd_NtCs18g0SCwlAMm_16cargo_quickstart4argsNtB7_15CompletionsArgsNtNtCs6Y8tVzmg9rm_12clap_builder6derive14FromArgMatches27update_from_arg_matches_mut0B9_
FN:227,_RNvNtNtCshjNxrFoUmw3_16cargo_quickstart4args5testss_10verify_cli
FN:233,_RNvNtNtCshjNxrFoUmw3_16cargo_quickstart4args5testss_16test_new_command
FN:245,_RNvNtNtCshjNxrFoUmw3_16cargo_quickstart4args5testss_17test_init_command
FN:327,_RNvNtNtCshjNxrFoUmw3_16cargo_quickstart4args5testss_19test_doctor_command
FN:339,_RNvNtNtCshjNxrFoUmw3_16cargo_quickstart4args5testss_24test_completions_command
FN:315,_RNvNtNtCshjNxrFoUmw3_16cargo_quickstart4args5testss_25test_list_templates_alias
FN:281,_RNvNtNtCshjNxrFoUmw3_16cargo_quickstart4args5testss_25test_new_with_custom_path
FN:373,_RNvNtNtCshjNxrFoUmw3_16cargo_quickstart4args5testss_27test_completions_all_shells
FN:304,_RNvNtNtCshjNxrFoUmw3_16cargo_quickstart4args5testss_27test_list_templates_command
FN:396,_RNvNtNtCshjNxrFoUmw3_16cargo_quickstart4args5testss_27test_validate_edition_valid
FN:411,_RNvNtNtCshjNxrFoUmw3_16cargo_quickstart4args5testss_27test_validate_license_valid
FN:353,_RNvNtNtCshjNxrFoUmw3_16cargo_quickstart4args5testss_28test_completions_with_output
FN:257,_RNvNtNtCshjNxrFoUmw3_16cargo_quickstart4args5testss_28test_init_with_custom_values
FN:404,_RNvNtNtCshjNxrFoUmw3_16cargo_quickstart4args5testss_29test_validate_edition_invalid
FN:421,_RNvNtNtCshjNxrFoUmw3_16cargo_quickstart4args5testss_29test_validate_license_invalid
FN:72,_RNCNvXs7_NtCshjNxrFoUmw3_16cargo_quickstart4argsNtB7_7NewArgsNtNtCs6Y8tVzmg9rm_12clap_builder6derive14FromArgMatches20from_arg_matches_mut0B9_
FN:88,_RNCNvXs7_NtCshjNxrFoUmw3_16cargo_quickstart4argsNtB7_7NewArgsNtNtCs6Y8tVzmg9rm_12clap_builder6derive14FromArgMatches20from_arg_matches_muts0_0B9_
FN:92,_RNCNvXs7_NtCshjNxrFoUmw3_16cargo_quickstart4argsNtB7_7NewArgsNtNtCs6Y8tVzmg9rm_12clap_builder6derive14FromArgMatches20from_arg_matches_muts1_0B9_
FN:96,_RNCNvXs7_NtCshjNxrFoUmw3_16cargo_quickstart4argsNtB7_7NewArgsNtNtCs6Y8tVzmg9rm_12clap_builder6derive14FromArgMatches20from_arg_matches_muts2_0B9_
FN:100,_RNCNvXs7_NtCshjNxrFoUmw3_16cargo_quickstart4argsNtB7_7NewArgsNtNtCs6Y8tVzmg9rm_12clap_builder6derive14FromArgMatches20from_arg_matches_muts3_0B9_
FN:111,_RNCNvXs7_NtCshjNxrFoUmw3_16cargo_quickstart4argsNtB7_7NewArgsNtNtCs6Y8tVzmg9rm_12clap_builder6derive14FromArgMatches20from_arg_matches_muts4_0B9_
FN:80,_RNCNvXs7_NtCshjNxrFoUmw3_16cargo_quickstart4argsNtB7_7NewArgsNtNtCs6Y8tVzmg9rm_12clap_builder6derive14FromArgMatches20from_arg_matches_muts_0B9_
FN:123,_RNCNvXsa_NtCshjNxrFoUmw3_16cargo_quickstart4argsNtB7_8InitArgsNtNtCs6Y8tVzmg9rm_12clap_builder6derive14FromArgMatches20from_arg_matches_mut0B9_
FN:139,_RNCNvXsa_NtCshjNxrFoUmw3_16cargo_quickstart4argsNtB7_8InitArgsNtNtCs6Y8tVzmg9rm_12clap_builder6derive14FromArgMatches20from_arg_matches_muts0_0B9_
FN:143,_RNCNvXsa_NtCshjNxrFoUmw3_16cargo_quickstart4argsNtB7_8InitArgsNtNtCs6Y8tVzmg9rm_12clap_builder6derive14FromArgMatches20from_arg_matches_muts1_0B9_
FN:147,_RNCNvXsa_NtCshjNxrFoUmw3_16cargo_quickstart4argsNtB7_8InitArgsNtNtCs6Y8tVzmg9rm_12clap_builder6derive14FromArgMatches20from_arg_matches_muts2_0B9_
FN:155,_RNCNvXsa_NtCshjNxrFoUmw3_16cargo_quickstart4argsNtB7_8InitArgsNtNtCs6Y8tVzmg9rm_12clap_builder6derive14FromArgMatches20from_arg_matches_muts3_0B9_
FN:159,_RNCNvXsa_NtCshjNxrFoUmw3_16cargo_quickstart4argsNtB7_8InitArgsNtNtCs6Y8tVzmg9rm_12clap_builder6derive14FromArgMatches20from_arg_matches_muts4_0B9_
FN:131,_RNCNvXsa_NtCshjNxrFoUmw3_16cargo_quickstart4argsNtB7_8InitArgsNtNtCs6Y8tVzmg9rm_12clap_builder6derive14FromArgMatches20from_arg_matches_muts_0B9_
FN:168,_RNCNvXsd_NtCshjNxrFoUmw3_16cargo_quickstart4argsNtB7_15CompletionsArgsNtNtCs6Y8tVzmg9rm_12clap_builder6derive14FromArgMatches20from_arg_matches_mut0B9_
FN:205,_RNvNtCshjNxrFoUmw3_16cargo_quickstart4args16validate_edition
FN:212,_RNvNtCshjNxrFoUmw3_16cargo_quickstart4args16validate_license
FN:193,_RNvXNtCshjNxrFoUmw3_16cargo_quickstart4argsNtB2_5ShellNtNtCsf3ugU19TBud_4core3fmt7Display3fmt
FN:72,_RNCNvXs7_NtCshjNxrFoUmw3_16cargo_quickstart4argsNtB7_7NewArgsNtNtCs6Y8tVzmg9rm_12clap_builder6derive14FromArgMatches27update_from_arg_matches_mut0B9_
FN:88,_RNCNvXs7_NtCshjNxrFoUmw3_16cargo_quickstart4argsNtB7_7NewArgsNtNtCs6Y8tVzmg9rm_12clap_builder6derive14FromArgMatches27update_from_arg_matches_muts0_0B9_
FN:92,_RNCNvXs7_NtCshjNxrFoUmw3_16cargo_quickstart4argsNtB7_7NewArgsNtNtCs6Y8tVzmg9rm_12clap_builder6derive14FromArgMatches27update_from_arg_matches_muts1_0B9_
FN:96,_RNCNvXs7_NtCshjNxrFoUmw3_16cargo_quickstart4argsNtB7_7NewArgsNtNtCs6Y8tVzmg9rm_12clap_builder6derive14FromArgMatches27update_from_arg_matches_muts2_0B9_
FN:100,_RNCNvXs7_NtCshjNxrFoUmw3_16cargo_quickstart4argsNtB7_7NewArgsNtNtCs6Y8tVzmg9rm_12clap_builder6derive14FromArgMatches27update_from_arg_matches_muts3_0B9_
FN:111,_RNCNvXs7_NtCshjNxrFoUmw3_16cargo_quickstart4argsNtB7_7NewArgsNtNtCs6Y8tVzmg9rm_12clap_builder6derive14FromArgMatches27update_from_arg_matches_muts4_0B9_
FN:80,_RNCNvXs7_NtCshjNxrFoUmw3_16cargo_quickstart4argsNtB7_7NewArgsNtNtCs6Y8tVzmg9rm_12clap_builder6derive14FromArgMatches27update_from_arg_matches_muts_0B9_
FN:123,_RNCNvXsa_NtCshjNxrFoUmw3_16cargo_quickstart4argsNtB7_8InitArgsNtNtCs6Y8tVzmg9rm_12clap_builder6derive14FromArgMatches27update_from_arg_matches_mut0B9_
FN:139,_RNCNvXsa_NtCshjNxrFoUmw3_16cargo_quickstart4argsNtB7_8InitArgsNtNtCs6Y8tVzmg9rm_12clap_builder6derive14FromArgMatches27update_from_arg_matches_muts0_0B9_
FN:143,_RNCNvXsa_NtCshjNxrFoUmw3_16cargo_quickstart4argsNtB7_8InitArgsNtNtCs6Y8tVzmg9rm_12clap_builder6derive14FromArgMatches27update_from_arg_matches_muts1_0B9_
FN:147,_RNCNvXsa_NtCshjNxrFoUmw3_16cargo_quickstart4argsNtB7_8InitArgsNtNtCs6Y8tVzmg9rm_12clap_builder6derive14FromArgMatches27update_from_arg_matches_muts2_0B9_
FN:155,_RNCNvXsa_NtCshjNxrFoUmw3_16cargo_quickstart4argsNtB7_8InitArgsNtNtCs6Y8tVzmg9rm_12clap_builder6derive14FromArgMatches27update_from_arg_matches_muts3_0B9_
FN:159,_RNCNvXsa_NtCshjNxrFoUmw3_16cargo_quickstart4argsNtB7_8InitArgsNtNtCs6Y8tVzmg9rm_12clap_builder6derive14FromArgMatches27update_from_arg_matches_muts4_0B9_
FN:131,_RNCNvXsa_NtCshjNxrFoUmw3_16cargo_quickstart4argsNtB7_8InitArgsNtNtCs6Y8tVzmg9rm_12clap_builder6derive14FromArgMatches27update_from_arg_matches_muts_0B9_
FN:168,_RNCNvXsd_NtCshjNxrFoUmw3_16cargo_quickstart4argsNtB7_15CompletionsArgsNtNtCs6Y8tVzmg9rm_12clap_builder6derive14FromArgMatches27update_from_arg_matches_mut0B9_
FNDA:0,_RNCNvXs7_NtCs18g0SCwlAMm_16cargo_quickstart4argsNtB7_7NewArgsNtNtCs6Y8tVzmg9rm_12clap_builder6derive14FromArgMatches20from_arg_matches_mut0B9_
FNDA:0,_RNCNvXs7_NtCs18g0SCwlAMm_16cargo_quickstart4argsNtB7_7NewArgsNtNtCs6Y8tVzmg9rm_12clap_builder6derive14FromArgMatches20from_arg_matches_muts0_0B9_
FNDA:0,_RNCNvXs7_NtCs18g0SCwlAMm_16cargo_quickstart4argsNtB7_7NewArgsNtNtCs6Y8tVzmg9rm_12clap_builder6derive14FromArgMatches20from_arg_matches_muts1_0B9_
FNDA:0,_RNCNvXs7_NtCs18g0SCwlAMm_16cargo_quickstart4argsNtB7_7NewArgsNtNtCs6Y8tVzmg9rm_12clap_builder6derive14FromArgMatches20from_arg_matches_muts2_0B9_
FNDA:0,_RNCNvXs7_NtCs18g0SCwlAMm_16cargo_quickstart4argsNtB7_7NewArgsNtNtCs6Y8tVzmg9rm_12clap_builder6derive14FromArgMatches20from_arg_matches_muts3_0B9_
FNDA:0,_RNCNvXs7_NtCs18g0SCwlAMm_16cargo_quickstart4argsNtB7_7NewArgsNtNtCs6Y8tVzmg9rm_12clap_builder6derive14FromArgMatches20from_arg_matches_muts4_0B9_
FNDA:0,_RNCNvXs7_NtCs18g0SCwlAMm_16cargo_quickstart4argsNtB7_7NewArgsNtNtCs6Y8tVzmg9rm_12clap_builder6derive14FromArgMatches20from_arg_matches_muts_0B9_
FNDA:0,_RNCNvXsa_NtCs18g0SCwlAMm_16cargo_quickstart4argsNtB7_8InitArgsNtNtCs6Y8tVzmg9rm_12clap_builder6derive14FromArgMatches20from_arg_matches_mut0B9_
FNDA:0,_RNCNvXsa_NtCs18g0SCwlAMm_16cargo_quickstart4argsNtB7_8InitArgsNtNtCs6Y8tVzmg9rm_12clap_builder6derive14FromArgMatches20from_arg_matches_muts0_0B9_
FNDA:0,_RNCNvXsa_NtCs18g0SCwlAMm_16cargo_quickstart4argsNtB7_8InitArgsNtNtCs6Y8tVzmg9rm_12clap_builder6derive14FromArgMatches20from_arg_matches_muts1_0B9_
FNDA:0,_RNCNvXsa_NtCs18g0SCwlAMm_16cargo_quickstart4argsNtB7_8InitArgsNtNtCs6Y8tVzmg9rm_12clap_builder6derive14FromArgMatches20from_arg_matches_muts2_0B9_
FNDA:0,_RNCNvXsa_NtCs18g0SCwlAMm_16cargo_quickstart4argsNtB7_8InitArgsNtNtCs6Y8tVzmg9rm_12clap_builder6derive14FromArgMatches20from_arg_matches_muts3_0B9_
FNDA:0,_RNCNvXsa_NtCs18g0SCwlAMm_16cargo_quickstart4argsNtB7_8InitArgsNtNtCs6Y8tVzmg9rm_12clap_builder6derive14FromArgMatches20from_arg_matches_muts4_0B9_
FNDA:0,_RNCNvXsa_NtCs18g0SCwlAMm_16cargo_quickstart4argsNtB7_8InitArgsNtNtCs6Y8tVzmg9rm_12clap_builder6derive14FromArgMatches20from_arg_matches_muts_0B9_
FNDA:0,_RNCNvXsd_NtCs18g0SCwlAMm_16cargo_quickstart4argsNtB7_15CompletionsArgsNtNtCs6Y8tVzmg9rm_12clap_builder6derive14FromArgMatches20from_arg_matches_mut0B9_
FNDA:0,_RNvNtCs18g0SCwlAMm_16cargo_quickstart4args16validate_edition
FNDA:0,_RNvNtCs18g0SCwlAMm_16cargo_quickstart4args16validate_license
FNDA:0,_RNvXNtCs18g0SCwlAMm_16cargo_quickstart4argsNtB2_5ShellNtNtCsf3ugU19TBud_4core3fmt7Display3fmt
FNDA:0,_RNCNvXs7_NtCs18g0SCwlAMm_16cargo_quickstart4argsNtB7_7NewArgsNtNtCs6Y8tVzmg9rm_12clap_builder6derive14FromArgMatches27update_from_arg_matches_mut0B9_
FNDA:0,_RNCNvXs7_NtCs18g0SCwlAMm_16cargo_quickstart4argsNtB7_7NewArgsNtNtCs6Y8tVzmg9rm_12clap_builder6derive14FromArgMatches27update_from_arg_matches_muts0_0B9_
FNDA:0,_RNCNvXs7_NtCs18g0SCwlAMm_16cargo_quickstart4argsNtB7_7NewArgsNtNtCs6Y8tVzmg9rm_12clap_builder6derive14FromArgMatches27update_from_arg_matches_muts1_0B9_
FNDA:0,_RNCNvXs7_NtCs18g0SCwlAMm_16cargo_quickstart4argsNtB7_7NewArgsNtNtCs6Y8tVzmg9rm_12clap_builder6derive14FromArgMatches27update_from_arg_matches_muts2_0B9_
FNDA:0,_RNCNvXs7_NtCs18g0SCwlAMm_16cargo_quickstart4argsNtB7_7NewArgsNtNtCs6Y8tVzmg9rm_12clap_builder6derive14FromArgMatches27update_from_arg_matches_muts3_0B9_
FNDA:0,_RNCNvXs7_NtCs18g0SCwlAMm_16cargo_quickstart4argsNtB7_7NewArgsNtNtCs6Y8tVzmg9rm_12clap_builder6derive14FromArgMatches27update_from_arg_matches_muts4_0B9_
FNDA:0,_RNCNvXs7_NtCs18g0SCwlAMm_16cargo_quickstart4argsNtB7_7NewArgsNtNtCs6Y8tVzmg9rm_12clap_builder6derive14FromArgMatches27update_from_arg_matches_muts_0B9_
FNDA:0,_RNCNvXsa_NtCs18g0SCwlAMm_16cargo_quickstart4argsNtB7_8InitArgsNtNtCs6Y8tVzmg9rm_12clap_builder6derive14FromArgMatches27update_from_arg_matches_mut0B9_
FNDA:0,_RNCNvXsa_NtCs18g0SCwlAMm_16cargo_quickstart4argsNtB7_8InitArgsNtNtCs6Y8tVzmg9rm_12clap_builder6derive14FromArgMatches27update_from_arg_matches_muts0_0B9_
FNDA:0,_RNCNvXsa_NtCs18g0SCwlAMm_16cargo_quickstart4argsNtB7_8InitArgsNtNtCs6Y8tVzmg9rm_12clap_builder6derive14FromArgMatches27update_from_arg_matches_muts1_0B9_
FNDA:0,_RNCNvXsa_NtCs18g0SCwlAMm_16cargo_quickstart4argsNtB7_8InitArgsNtNtCs6Y8tVzmg9rm_12clap_builder6derive14FromArgMatches27update_from_arg_matches_muts2_0B9_
FNDA:0,_RNCNvXsa_NtCs18g0SCwlAMm_16cargo_quickstart4argsNtB7_8InitArgsNtNtCs6Y8tVzmg9rm_12clap_builder6derive14FromArgMatches27update_from_arg_matches_muts3_0B9_
FNDA:0,_RNCNvXsa_NtCs18g0SCwlAMm_16cargo_quickstart4argsNtB7_8InitArgsNtNtCs6Y8tVzmg9rm_12clap_builder6derive14FromArgMatches27update_from_arg_matches_muts4_0B9_
FNDA:0,_RNCNvXsa_NtCs18g0SCwlAMm_16cargo_quickstart4argsNtB7_8InitArgsNtNtCs6Y8tVzmg9rm_12clap_builder6derive14FromArgMatches27update_from_arg_matches_muts_0B9_
FNDA:0,_RNCNvXsd_NtCs18g0SCwlAMm_16cargo_quickstart4argsNtB7_15CompletionsArgsNtNtCs6Y8tVzmg9rm_12clap_builder6derive14FromArgMatches27update_from_arg_matches_mut0B9_
FNDA:1,_RNvNtNtCshjNxrFoUmw3_16cargo_quickstart4args5testss_10verify_cli
FNDA:1,_RNvNtNtCshjNxrFoUmw3_16cargo_quickstart4args5testss_16test_new_command
FNDA:1,_RNvNtNtCshjNxrFoUmw3_16cargo_quickstart4args5testss_17test_init_command
FNDA:1,_RNvNtNtCshjNxrFoUmw3_16cargo_quickstart4args5testss_19test_doctor_command
FNDA:1,_RNvNtNtCshjNxrFoUmw3_16cargo_quickstart4args5testss_24test_completions_command
FNDA:1,_RNvNtNtCshjNxrFoUmw3_16cargo_quickstart4args5testss_25test_list_templates_alias
FNDA:1,_RNvNtNtCshjNxrFoUmw3_16cargo_quickstart4args5testss_25test_new_with_custom_path
FNDA:1,_RNvNtNtCshjNxrFoUmw3_16cargo_quickstart4args5testss_27test_completions_all_shells
FNDA:1,_RNvNtNtCshjNxrFoUmw3_16cargo_quickstart4args5testss_27test_list_templates_command
FNDA:1,_RNvNtNtCshjNxrFoUmw3_16cargo_quickstart4args5testss_27test_validate_edition_valid
FNDA:1,_RNvNtNtCshjNxrFoUmw3_16cargo_quickstart4args5testss_27test_validate_license_valid
FNDA:1,_RNvNtNtCshjNxrFoUmw3_16cargo_quickstart4args5testss_28test_completions_with_output
FNDA:1,_RNvNtNtCshjNxrFoUmw3_16cargo_quickstart4args5testss_28test_init_with_custom_values
FNDA:1,_RNvNtNtCshjNxrFoUmw3_16cargo_quickstart4args5testss_29test_validate_edition_invalid
FNDA:1,_RNvNtNtCshjNxrFoUmw3_16cargo_quickstart4args5testss_29test_validate_license_invalid
FNDA:0,_RNCNvXs7_NtCshjNxrFoUmw3_16cargo_quickstart4argsNtB7_7NewArgsNtNtCs6Y8tVzmg9rm_12clap_builder6derive14FromArgMatches20from_arg_matches_mut0B9_
FNDA:0,_RNCNvXs7_NtCshjNxrFoUmw3_16cargo_quickstart4argsNtB7_7NewArgsNtNtCs6Y8tVzmg9rm_12clap_builder6derive14FromArgMatches20from_arg_matches_muts0_0B9_
FNDA:0,_RNCNvXs7_NtCshjNxrFoUmw3_16cargo_quickstart4argsNtB7_7NewArgsNtNtCs6Y8tVzmg9rm_12clap_builder6derive14FromArgMatches20from_arg_matches_muts1_0B9_
FNDA:0,_RNCNvXs7_NtCshjNxrFoUmw3_16cargo_quickstart4argsNtB7_7NewArgsNtNtCs6Y8tVzmg9rm_12clap_builder6derive14FromArgMatches20from_arg_matches_muts2_0B9_
FNDA:0,_RNCNvXs7_NtCshjNxrFoUmw3_16cargo_quickstart4argsNtB7_7NewArgsNtNtCs6Y8tVzmg9rm_12clap_builder6derive14FromArgMatches20from_arg_matches_muts3_0B9_
FNDA:0,_RNCNvXs7_NtCshjNxrFoUmw3_16cargo_quickstart4argsNtB7_7NewArgsNtNtCs6Y8tVzmg9rm_12clap_builder6derive14FromArgMatches20from_arg_matches_muts4_0B9_
FNDA:0,_RNCNvXs7_NtCshjNxrFoUmw3_16cargo_quickstart4argsNtB7_7NewArgsNtNtCs6Y8tVzmg9rm_12clap_builder6derive14FromArgMatches20from_arg_matches_muts_0B9_
FNDA:0,_RNCNvXsa_NtCshjNxrFoUmw3_16cargo_quickstart4argsNtB7_8InitArgsNtNtCs6Y8tVzmg9rm_12clap_builder6derive14FromArgMatches20from_arg_matches_mut0B9_
FNDA:0,_RNCNvXsa_NtCshjNxrFoUmw3_16cargo_quickstart4argsNtB7_8InitArgsNtNtCs6Y8tVzmg9rm_12clap_builder6derive14FromArgMatches20from_arg_matches_muts0_0B9_
FNDA:0,_RNCNvXsa_NtCshjNxrFoUmw3_16cargo_quickstart4argsNtB7_8InitArgsNtNtCs6Y8tVzmg9rm_12clap_builder6derive14FromArgMatches20from_arg_matches_muts1_0B9_
FNDA:0,_RNCNvXsa_NtCshjNxrFoUmw3_16cargo_quickstart4argsNtB7_8InitArgsNtNtCs6Y8tVzmg9rm_12clap_builder6derive14FromArgMatches20from_arg_matches_muts2_0B9_
FNDA:0,_RNCNvXsa_NtCshjNxrFoUmw3_16cargo_quickstart4argsNtB7_8InitArgsNtNtCs6Y8tVzmg9rm_12clap_builder6derive14FromArgMatches20from_arg_matches_muts3_0B9_
FNDA:0,_RNCNvXsa_NtCshjNxrFoUmw3_16cargo_quickstart4argsNtB7_8InitArgsNtNtCs6Y8tVzmg9rm_12clap_builder6derive14FromArgMatches20from_arg_matches_muts4_0B9_
FNDA:0,_RNCNvXsa_NtCshjNxrFoUmw3_16cargo_quickstart4argsNtB7_8InitArgsNtNtCs6Y8tVzmg9rm_12clap_builder6derive14FromArgMatches20from_arg_matches_muts_0B9_
FNDA:0,_RNCNvXsd_NtCshjNxrFoUmw3_16cargo_quickstart4argsNtB7_15CompletionsArgsNtNtCs6Y8tVzmg9rm_12clap_builder6derive14FromArgMatches20from_arg_matches_mut0B9_
FNDA:13,_RNvNtCshjNxrFoUmw3_16cargo_quickstart4args16validate_edition
FNDA:12,_RNvNtCshjNxrFoUmw3_16cargo_quickstart4args16validate_license
FNDA:19,_RNvXNtCshjNxrFoUmw3_16cargo_quickstart4argsNtB2_5ShellNtNtCsf3ugU19TBud_4core3fmt7Display3fmt
FNDA:0,_RNCNvXs7_NtCshjNxrFoUmw3_16cargo_quickstart4argsNtB7_7NewArgsNtNtCs6Y8tVzmg9rm_12clap_builder6derive14FromArgMatches27update_from_arg_matches_mut0B9_
FNDA:0,_RNCNvXs7_NtCshjNxrFoUmw3_16cargo_quickstart4argsNtB7_7NewArgsNtNtCs6Y8tVzmg9rm_12clap_builder6derive14FromArgMatches27update_from_arg_matches_muts0_0B9_
FNDA:0,_RNCNvXs7_NtCshjNxrFoUmw3_16cargo_quickstart4argsNtB7_7NewArgsNtNtCs6Y8tVzmg9rm_12clap_builder6derive14FromArgMatches27update_from_arg_matches_muts1_0B9_
FNDA:0,_RNCNvXs7_NtCshjNxrFoUmw3_16cargo_quickstart4argsNtB7_7NewArgsNtNtCs6Y8tVzmg9rm_12clap_builder6derive14FromArgMatches27update_from_arg_matches_muts2_0B9_
FNDA:0,_RNCNvXs7_NtCshjNxrFoUmw3_16cargo_quickstart4argsNtB7_7NewArgsNtNtCs6Y8tVzmg9rm_12clap_builder6derive14FromArgMatches27update_from_arg_matches_muts3_0B9_
FNDA:0,_RNCNvXs7_NtCshjNxrFoUmw3_16cargo_quickstart4argsNtB7_7NewArgsNtNtCs6Y8tVzmg9rm_12clap_builder6derive14FromArgMatches27update_from_arg_matches_muts4_0B9_
FNDA:0,_RNCNvXs7_NtCshjNxrFoUmw3_16cargo_quickstart4argsNtB7_7NewArgsNtNtCs6Y8tVzmg9rm_12clap_builder6derive14FromArgMatches27update_from_arg_matches_muts_0B9_
FNDA:0,_RNCNvXsa_NtCshjNxrFoUmw3_16cargo_quickstart4argsNtB7_8InitArgsNtNtCs6Y8tVzmg9rm_12clap_builder6derive14FromArgMatches27update_from_arg_matches_mut0B9_
FNDA:0,_RNCNvXsa_NtCshjNxrFoUmw3_16cargo_quickstart4argsNtB7_8InitArgsNtNtCs6Y8tVzmg9rm_12clap_builder6derive14FromArgMatches27update_from_arg_matches_muts0_0B9_
FNDA:0,_RNCNvXsa_NtCshjNxrFoUmw3_16cargo_quickstart4argsNtB7_8InitArgsNtNtCs6Y8tVzmg9rm_12clap_builder6derive14FromArgMatches27update_from_arg_matches_muts1_0B9_
FNDA:0,_RNCNvXsa_NtCshjNxrFoUmw3_16cargo_quickstart4argsNtB7_8InitArgsNtNtCs6Y8tVzmg9rm_12clap_builder6derive14FromArgMatches27update_from_arg_matches_muts2_0B9_
FNDA:0,_RNCNvXsa_NtCshjNxrFoUmw3_16cargo_quickstart4argsNtB7_8InitArgsNtNtCs6Y8tVzmg9rm_12clap_builder6derive14FromArgMatches27update_from_arg_matches_muts3_0B9_
FNDA:0,_RNCNvXsa_NtCshjNxrFoUmw3_16cargo_quickstart4argsNtB7_8InitArgsNtNtCs6Y8tVzmg9rm_12clap_builder6derive14FromArgMatches27update_from_arg_matches_muts4_0B9_
FNDA:0,_RNCNvXsa_NtCshjNxrFoUmw3_16cargo_quickstart4argsNtB7_8InitArgsNtNtCs6Y8tVzmg9rm_12clap_builder6derive14FromArgMatches27update_from_arg_matches_muts_0B9_
FNDA:0,_RNCNvXsd_NtCshjNxrFoUmw3_16cargo_quickstart4argsNtB7_15CompletionsArgsNtNtCs6Y8tVzmg9rm_12clap_builder6derive14FromArgMatches27update_from_arg_matches_mut0B9_
FNF:33
FNH:18
DA:72,0
DA:80,0
DA:88,0
DA:92,0
DA:96,0
DA:100,0
DA:111,0
DA:123,0
DA:131,0
DA:139,0
DA:143,0
DA:147,0
DA:155,0
DA:159,0
DA:168,0
DA:193,19
DA:194,19
DA:195,6
DA:196,4
DA:197,3
DA:198,3
DA:199,3
DA:201,19
DA:202,19
DA:205,13
DA:206,13
DA:207,13
DA:208,3
DA:210,13
DA:212,12
DA:213,12
DA:214,12
DA:215,3
DA:217,12
DA:227,1
DA:228,1
DA:229,1
DA:230,1
DA:233,1
DA:234,1
DA:235,1
DA:236,1
DA:237,1
DA:238,1
DA:240,0
DA:242,1
DA:245,1
DA:246,1
DA:247,1
DA:248,1
DA:249,1
DA:250,1
DA:252,0
DA:254,1
DA:257,1
DA:258,1
DA:259,1
DA:260,1
DA:261,1
DA:262,1
DA:263,1
DA:264,1
DA:265,1
DA:266,1
DA:267,1
DA:268,1
DA:269,1
DA:270,1
DA:271,1
DA:272,1
DA:273,1
DA:274,1
DA:276,0
DA:278,1
DA:281,1
DA:282,1
DA:283,1
DA:284,1
DA:285,1
DA:286,1
DA:287,1
DA:288,1
DA:289,1
DA:290,1
DA:291,1
DA:292,1
DA:293,1
DA:294,1
DA:295,1
DA:296,1
DA:297,1
DA:299,0
DA:301,1
DA:304,1
DA:305,1
DA:306,1
DA:307,1
DA:308,1
DA:309,1
DA:310,0
DA:312,1
DA:315,1
DA:316,1
DA:317,1
DA:318,1
DA:319,1
DA:320,1
DA:321,0
DA:323,1
DA:327,1
DA:328,1
DA:329,1
DA:330,1
DA:331,1
DA:332,1
DA:333,0
DA:335,1
DA:339,1
DA:340,1
DA:341,1
DA:342,1
DA:343,1
DA:344,1
DA:345,1
DA:347,0
DA:349,1
DA:353,1
DA:354,1
DA:355,1
DA:356,1
DA:357,1
DA:358,1
DA:359,1
DA:360,1
DA:361,1
DA:362,1
DA:363,1
DA:364,1
DA:365,1
DA:367,0
DA:369,1
DA:373,1
DA:374,1
DA:375,1
DA:376,1
DA:377,1
DA:378,1
DA:379,1
DA:380,1
DA:383,6
DA:384,5
DA:385,5
DA:386,5
DA:387,5
DA:388,5
DA:390,0
DA:393,1
DA:396,1
DA:397,1
DA:398,1
DA:399,1
DA:400,1
DA:401,1
DA:404,1
DA:405,1
DA:406,1
DA:407,1
DA:408,1
DA:411,1
DA:412,1
DA:413,1
DA:414,1
DA:415,1
DA:418,1
DA:421,1
DA:422,1
DA:423,1
DA:424,1
DA:425,1
BRF:0
BRH:0
LF:179
LH:154
end_of_record
SF:/Users/smeya/git/cargo-quickstart/crates/quickstart-cli/src/commands/completions.rs
FN:43,_RNCNvNtNtCs18g0SCwlAMm_16cargo_quickstart8commands11completions7execute0B7_
FN:23,_RNvNtNtCs18g0SCwlAMm_16cargo_quickstart8commands11completions7execute
FN:43,_RNCNvNtNtCshjNxrFoUmw3_16cargo_quickstart8commands11completions7execute0B7_
FN:78,_RNvNtNtNtCshjNxrFoUmw3_16cargo_quickstart8commands11completions5testss_39test_execute_writes_completions_to_file
FN:103,_RNvNtNtNtCshjNxrFoUmw3_16cargo_quickstart8commands11completions5testss_41test_execute_writes_completions_to_stdout
FN:23,_RNvNtNtCshjNxrFoUmw3_16cargo_quickstart8commands11completions7execute
FNDA:0,_RNCNvNtNtCs18g0SCwlAMm_16cargo_quickstart8commands11completions7execute0B7_
FNDA:0,_RNvNtNtCs18g0SCwlAMm_16cargo_quickstart8commands11completions7execute
FNDA:0,_RNCNvNtNtCshjNxrFoUmw3_16cargo_quickstart8commands11completions7execute0B7_
FNDA:1,_RNvNtNtNtCshjNxrFoUmw3_16cargo_quickstart8commands11completions5testss_39test_execute_writes_completions_to_file
FNDA:1,_RNvNtNtNtCshjNxrFoUmw3_16cargo_quickstart8commands11completions5testss_41test_execute_writes_completions_to_stdout
FNDA:11,_RNvNtNtCshjNxrFoUmw3_16cargo_quickstart8commands11completions7execute
FNF:4
FNH:3
DA:23,11
DA:24,11
DA:25,11
DA:26,3
DA:27,2
DA:28,2
DA:29,2
DA:30,2
DA:34,11
DA:35,5
DA:37,6
DA:40,11
DA:41,5
DA:43,5
DA:44,0
DA:45,0
DA:47,5
DA:48,5
DA:49,5
DA:50,5
DA:51,5
DA:52,5
DA:53,5
DA:54,5
DA:56,6
DA:57,6
DA:58,6
DA:59,6
DA:60,6
DA:61,6
DA:62,6
DA:63,6
DA:64,6
DA:66,11
DA:67,11
DA:78,1
DA:79,5
DA:80,1
DA:81,1
DA:82,1
DA:83,1
DA:84,1
DA:86,5
DA:87,5
DA:88,5
DA:89,5
DA:90,5
DA:91,5
DA:92,5
DA:93,5
DA:94,5
DA:95,5
DA:96,5
DA:97,0
DA:100,1
DA:103,1
DA:104,5
DA:105,1
DA:106,1
DA:107,1
DA:108,1
DA:109,1
DA:111,5
DA:112,5
DA:113,5
DA:114,5
DA:115,5
DA:116,5
DA:117,5
DA:118,0
DA:121,1
BRF:0
BRH:0
LF:73
LH:67
end_of_record
SF:/Users/smeya/git/cargo-quickstart/crates/quickstart-cli/src/commands/doctor/checks/dependencies.rs
FN:31,_RNvMNtNtNtNtCs18g0SCwlAMm_16cargo_quickstart8commands6doctor6checks12dependenciesNtB2_19RealCommandExecutor3new
FN:152,_RNvMs2_NtNtNtNtCs18g0SCwlAMm_16cargo_quickstart8commands6doctor6checks12dependenciesNtB5_17DependenciesCheck12check_unused
FN:110,_RNvMs2_NtNtNtNtCs18g0SCwlAMm_16cargo_quickstart8commands6doctor6checks12dependenciesNtB5_17DependenciesCheck14check_outdated
FN:199,_RNvMs2_NtNtNtNtCs18g0SCwlAMm_16cargo_quickstart8commands6doctor6checks12dependenciesNtB5_17DependenciesCheck25check_dependency_versions
FN:97,_RNvMs2_NtNtNtNtCs18g0SCwlAMm_16cargo_quickstart8commands6doctor6checks12dependenciesNtB5_17DependenciesCheck3new
FN:70,_RNvXs0_NtNtNtNtCs18g0SCwlAMm_16cargo_quickstart8commands6doctor6checks12dependenciesNtB5_19RealCommandExecutorNtB5_15CommandExecutor13execute_udeps
FN:61,_RNvXs0_NtNtNtNtCs18g0SCwlAMm_16cargo_quickstart8commands6doctor6checks12dependenciesNtB5_19RealCommandExecutorNtB5_15CommandExecutor16execute_outdated
FN:79,_RNvXs0_NtNtNtNtCs18g0SCwlAMm_16cargo_quickstart8commands6doctor6checks12dependenciesNtB5_19RealCommandExecutorNtB5_15CommandExecutor20is_command_available
FN:212,_RNvXs3_NtNtNtNtCs18g0SCwlAMm_16cargo_quickstart8commands6doctor6checks12dependenciesNtB5_17DependenciesCheckNtNtB9_9diagnosis5Check3run
FN:220,_RNvXs3_NtNtNtNtCs18g0SCwlAMm_16cargo_quickstart8commands6doctor6checks12dependenciesNtB5_17DependenciesCheckNtNtB9_9diagnosis5Check4name
FN:228,_RNvXs3_NtNtNtNtCs18g0SCwlAMm_16cargo_quickstart8commands6doctor6checks12dependenciesNtB5_17DependenciesCheckNtNtB9_9diagnosis5Check8category
FN:39,_RNvXs_NtNtNtNtCs18g0SCwlAMm_16cargo_quickstart8commands6doctor6checks12dependenciesNtB4_19RealCommandExecutorNtNtNtCsf3ugU19TBud_4core3ops4drop4Drop4drop
FN:90,_RNvXs1_NtNtNtNtCs18g0SCwlAMm_16cargo_quickstart8commands6doctor6checks12dependenciesNtB5_17DependenciesCheckNtNtNtCsf3ugU19TBud_4core3ops4drop4Drop4drop
FN:224,_RNvXs3_NtNtNtNtCs18g0SCwlAMm_16cargo_quickstart8commands6doctor6checks12dependenciesNtB5_17DependenciesCheckNtNtB9_9diagnosis5Check11description
FN:105,_RNvMs2_NtNtNtNtCshjNxrFoUmw3_16cargo_quickstart8commands6doctor6checks12dependenciesNtB5_17DependenciesCheck13with_executor
FN:247,_RNvNtNtNtNtNtCshjNxrFoUmw3_16cargo_quickstart8commands6doctor6checks12dependencies5tests14failure_output
FN:239,_RNvNtNtNtNtNtCshjNxrFoUmw3_16cargo_quickstart8commands6doctor6checks12dependencies5tests14success_output
FN:256,_RNvNtNtNtNtNtCshjNxrFoUmw3_16cargo_quickstart8commands6doctor6checks12dependencies5testss_16test_name_method
FN:271,_RNvNtNtNtNtNtCshjNxrFoUmw3_16cargo_quickstart8commands6doctor6checks12dependencies5testss_20test_category_method
FN:262,_RNvNtNtNtNtNtCshjNxrFoUmw3_16cargo_quickstart8commands6doctor6checks12dependencies5testss_23test_description_method
FN:424,_RNvNtNtNtNtNtCshjNxrFoUmw3_16cargo_quickstart8commands6doctor6checks12dependencies5testss_24test_udeps_command_error
FN:380,_RNvNtNtNtNtNtCshjNxrFoUmw3_16cargo_quickstart8commands6doctor6checks12dependencies5testss_26test_udeps_command_failure
FN:359,_RNvNtNtNtNtNtCshjNxrFoUmw3_16cargo_quickstart8commands6doctor6checks12dependencies5testss_26test_udeps_command_success
FN:401,_RNvNtNtNtNtNtCshjNxrFoUmw3_16cargo_quickstart8commands6doctor6checks12dependencies5testss_27test_outdated_command_error
FN:447,_RNvNtNtNtNtNtCshjNxrFoUmw3_16cargo_quickstart8commands6doctor6checks12dependencies5testss_28test_run_returns_diagnostics
FN:336,_RNvNtNtNtNtNtCshjNxrFoUmw3_16cargo_quickstart8commands6doctor6checks12dependencies5testss_29test_outdated_command_failure
FN:315,_RNvNtNtNtNtNtCshjNxrFoUmw3_16cargo_quickstart8commands6doctor6checks12dependencies5testss_29test_outdated_command_success
FN:296,_RNvNtNtNtNtNtCshjNxrFoUmw3_16cargo_quickstart8commands6doctor6checks12dependencies5testss_32test_udeps_command_not_available
FN:277,_RNvNtNtNtNtNtCshjNxrFoUmw3_16cargo_quickstart8commands6doctor6checks12dependencies5testss_35test_outdated_command_not_available
FN:17,_RINvMs6_NtNtNtNtNtNtCshjNxrFoUmw3_16cargo_quickstart8commands6doctor6checks12dependencies42___mock_MockCommandExecutor_CommandExecutor18___execute_outdatedNtB6_11Expectation11return_onceNCNvNtBa_5testss_24test_udeps_command_error0EBi_
FN:17,_RINvMs6_NtNtNtNtNtNtCshjNxrFoUmw3_16cargo_quickstart8commands6doctor6checks12dependencies42___mock_MockCommandExecutor_CommandExecutor18___execute_outdatedNtB6_11Expectation11return_onceNCNvNtBa_5testss_26test_udeps_command_failure0EBi_
FN:17,_RINvMs6_NtNtNtNtNtNtCshjNxrFoUmw3_16cargo_quickstart8commands6doctor6checks12dependencies42___mock_MockCommandExecutor_CommandExecutor18___execute_outdatedNtB6_11Expectation11return_onceNCNvNtBa_5testss_26test_udeps_command_success0EBi_
FN:17,_RINvMs6_NtNtNtNtNtNtCshjNxrFoUmw3_16cargo_quickstart8commands6doctor6checks12dependencies42___mock_MockCommandExecutor_CommandExecutor18___execute_outdatedNtB6_11Expectation11return_onceNCNvNtBa_5testss_27test_outdated_command_error0EBi_
FN:17,_RINvMs6_NtNtNtNtNtNtCshjNxrFoUmw3_16cargo_quickstart8commands6doctor6checks12dependencies42___mock_MockCommandExecutor_CommandExecutor18___execute_outdatedNtB6_11Expectation11return_onceNCNvNtBa_5testss_28test_run_returns_diagnostics0EBi_
FN:17,_RINvMs6_NtNtNtNtNtNtCshjNxrFoUmw3_16cargo_quickstart8commands6doctor6checks12dependencies42___mock_MockCommandExecutor_CommandExecutor18___execute_outdatedNtB6_11Expectation11return_onceNCNvNtBa_5testss_29test_outdated_command_failure0EBi_
FN:17,_RINvMs6_NtNtNtNtNtNtCshjNxrFoUmw3_16cargo_quickstart8commands6doctor6checks12dependencies42___mock_MockCommandExecutor_CommandExecutor18___execute_outdatedNtB6_11Expectation11return_onceNCNvNtBa_5testss_29test_outdated_command_success0EBi_
FN:17,_RINvMs6_NtNtNtNtNtNtCshjNxrFoUmw3_16cargo_quickstart8commands6doctor6checks12dependencies42___mock_MockCommandExecutor_CommandExecutor18___execute_outdatedNtB6_11Expectation11return_onceNCNvNtBa_5testss_32test_udeps_command_not_available0EBi_
FN:17,_RNCNvMs0_NtNtNtNtNtNtCshjNxrFoUmw3_16cargo_quickstart8commands6doctor6checks12dependencies42___mock_MockCommandExecutor_CommandExecutor18___execute_outdatedNtB7_7Matcher7matches0Bj_
FN:17,_RNCNvMsa_NtNtNtNtNtNtCshjNxrFoUmw3_16cargo_quickstart8commands6doctor6checks12dependencies42___mock_MockCommandExecutor_CommandExecutor18___execute_outdatedNtB7_12Expectations4calls_0Bj_
FN:430,_RNCNvNtNtNtNtNtCshjNxrFoUmw3_16cargo_quickstart8commands6doctor6checks12dependencies5testss_24test_udeps_command_error0Bd_
FN:386,_RNCNvNtNtNtNtNtCshjNxrFoUmw3_16cargo_quickstart8commands6doctor6checks12dependencies5testss_26test_udeps_command_failure0Bd_
FN:365,_RNCNvNtNtNtNtNtCshjNxrFoUmw3_16cargo_quickstart8commands6doctor6checks12dependencies5testss_26test_udeps_command_success0Bd_
FN:407,_RNCNvNtNtNtNtNtCshjNxrFoUmw3_16cargo_quickstart8commands6doctor6checks12dependencies5testss_27test_outdated_command_error0Bd_
FN:453,_RNCNvNtNtNtNtNtCshjNxrFoUmw3_16cargo_quickstart8commands6doctor6checks12dependencies5testss_28test_run_returns_diagnostics0Bd_
FN:342,_RNCNvNtNtNtNtNtCshjNxrFoUmw3_16cargo_quickstart8commands6doctor6checks12dependencies5testss_29test_outdated_command_failure0Bd_
FN:321,_RNCNvNtNtNtNtNtCshjNxrFoUmw3_16cargo_quickstart8commands6doctor6checks12dependencies5testss_29test_outdated_command_success0Bd_
FN:302,_RNCNvNtNtNtNtNtCshjNxrFoUmw3_16cargo_quickstart8commands6doctor6checks12dependencies5testss_32test_udeps_command_not_available0Bd_
FN:17,_RNvMs4_NtNtNtNtNtNtCshjNxrFoUmw3_16cargo_quickstart8commands6doctor6checks12dependencies42___mock_MockCommandExecutor_CommandExecutor18___execute_outdatedNtB5_6Common7is_done
FN:17,_RNvMs4_NtNtNtNtNtNtCshjNxrFoUmw3_16cargo_quickstart8commands6doctor6checks12dependencies42___mock_MockCommandExecutor_CommandExecutor18___execute_outdatedNtB5_6Common7matches
FN:17,_RNvMs6_NtNtNtNtNtNtCshjNxrFoUmw3_16cargo_quickstart8commands6doctor6checks12dependencies42___mock_MockCommandExecutor_CommandExecutor18___execute_outdatedNtB5_11Expectation7is_done
FN:17,_RNvMs6_NtNtNtNtNtNtCshjNxrFoUmw3_16cargo_quickstart8commands6doctor6checks12dependencies42___mock_MockCommandExecutor_CommandExecutor18___execute_outdatedNtB5_11Expectation7matches
FN:17,_RNvMs8_NtNtNtNtNtNtCshjNxrFoUmw3_16cargo_quickstart8commands6doctor6checks12dependencies42___mock_MockCommandExecutor_CommandExecutor18___execute_outdatedNtB5_12Expectations3new
FN:17,_RNvMs8_NtNtNtNtNtNtCshjNxrFoUmw3_16cargo_quickstart8commands6doctor6checks12dependencies42___mock_MockCommandExecutor_CommandExecutor18___execute_outdatedNtB5_12Expectations6expect
FN:17,_RNvXs1_NtNtNtNtNtNtCshjNxrFoUmw3_16cargo_quickstart8commands6doctor6checks12dependencies42___mock_MockCommandExecutor_CommandExecutor18___execute_outdatedNtB5_7MatcherNtNtCsf3ugU19TBud_4core7default7Default7default
FN:17,_RNvXs3_NtNtNtNtNtNtCshjNxrFoUmw3_16cargo_quickstart8commands6doctor6checks12dependencies42___mock_MockCommandExecutor_CommandExecutor18___execute_outdatedNtB5_6CommonNtNtCsf3ugU19TBud_4core7default7Default7default
FN:17,_RNvXs7_NtNtNtNtNtNtCshjNxrFoUmw3_16cargo_quickstart8commands6doctor6checks12dependencies42___mock_MockCommandExecutor_CommandExecutor18___execute_outdatedNtB5_11ExpectationNtNtCsf3ugU19TBud_4core7default7Default7default
FN:17,_RNvXs9_NtNtNtNtNtNtCshjNxrFoUmw3_16cargo_quickstart8commands6doctor6checks12dependencies42___mock_MockCommandExecutor_CommandExecutor18___execute_outdatedNtB5_12ExpectationsNtNtCsf3ugU19TBud_4core7default7Default7default
FN:17,_RNvXs_NtNtNtNtNtNtCshjNxrFoUmw3_16cargo_quickstart8commands6doctor6checks12dependencies42___mock_MockCommandExecutor_CommandExecutor18___execute_outdatedNtB4_5RfuncNtNtCsf3ugU19TBud_4core7default7Default7default
FN:17,_RINvMs6_NtNtNtNtNtNtCshjNxrFoUmw3_16cargo_quickstart8commands6doctor6checks12dependencies42___mock_MockCommandExecutor_CommandExecutor15___execute_udepsNtB6_11Expectation11return_onceNCNvNtBa_5testss_24test_udeps_command_errors_0EBi_
FN:17,_RINvMs6_NtNtNtNtNtNtCshjNxrFoUmw3_16cargo_quickstart8commands6doctor6checks12dependencies42___mock_MockCommandExecutor_CommandExecutor15___execute_udepsNtB6_11Expectation11return_onceNCNvNtBa_5testss_26test_udeps_command_failures_0EBi_
FN:17,_RINvMs6_NtNtNtNtNtNtCshjNxrFoUmw3_16cargo_quickstart8commands6doctor6checks12dependencies42___mock_MockCommandExecutor_CommandExecutor15___execute_udepsNtB6_11Expectation11return_onceNCNvNtBa_5testss_26test_udeps_command_successs_0EBi_
FN:17,_RINvMs6_NtNtNtNtNtNtCshjNxrFoUmw3_16cargo_quickstart8commands6doctor6checks12dependencies42___mock_MockCommandExecutor_CommandExecutor15___execute_udepsNtB6_11Expectation11return_onceNCNvNtBa_5testss_27test_outdated_command_errors_0EBi_
FN:17,_RINvMs6_NtNtNtNtNtNtCshjNxrFoUmw3_16cargo_quickstart8commands6doctor6checks12dependencies42___mock_MockCommandExecutor_CommandExecutor15___execute_udepsNtB6_11Expectation11return_onceNCNvNtBa_5testss_28test_run_returns_diagnosticss_0EBi_
FN:17,_RINvMs6_NtNtNtNtNtNtCshjNxrFoUmw3_16cargo_quickstart8commands6doctor6checks12dependencies42___mock_MockCommandExecutor_CommandExecutor15___execute_udepsNtB6_11Expectation11return_onceNCNvNtBa_5testss_29test_outdated_command_failures_0EBi_
FN:17,_RINvMs6_NtNtNtNtNtNtCshjNxrFoUmw3_16cargo_quickstart8commands6doctor6checks12dependencies42___mock_MockCommandExecutor_CommandExecutor15___execute_udepsNtB6_11Expectation11return_onceNCNvNtBa_5testss_29test_outdated_command_successs_0EBi_
FN:17,_RINvMs6_NtNtNtNtNtNtCshjNxrFoUmw3_16cargo_quickstart8commands6doctor6checks12dependencies42___mock_MockCommandExecutor_CommandExecutor15___execute_udepsNtB6_11Expectation11return_onceNCNvNtBa_5testss_35test_outdated_command_not_available0EBi_
FN:17,_RNCNvMs0_NtNtNtNtNtNtCshjNxrFoUmw3_16cargo_quickstart8commands6doctor6checks12dependencies42___mock_MockCommandExecutor_CommandExecutor15___execute_udepsNtB7_7Matcher7matches0Bj_
FN:17,_RNCNvMsa_NtNtNtNtNtNtCshjNxrFoUmw3_16cargo_quickstart8commands6doctor6checks12dependencies42___mock_MockCommandExecutor_CommandExecutor15___execute_udepsNtB7_12Expectations4calls_0Bj_
FN:435,_RNCNvNtNtNtNtNtCshjNxrFoUmw3_16cargo_quickstart8commands6doctor6checks12dependencies5testss_24test_udeps_command_errors_0Bd_
FN:391,_RNCNvNtNtNtNtNtCshjNxrFoUmw3_16cargo_quickstart8commands6doctor6checks12dependencies5testss_26test_udeps_command_failures_0Bd_
FN:370,_RNCNvNtNtNtNtNtCshjNxrFoUmw3_16cargo_quickstart8commands6doctor6checks12dependencies5testss_26test_udeps_command_successs_0Bd_
FN:412,_RNCNvNtNtNtNtNtCshjNxrFoUmw3_16cargo_quickstart8commands6doctor6checks12dependencies5testss_27test_outdated_command_errors_0Bd_
FN:458,_RNCNvNtNtNtNtNtCshjNxrFoUmw3_16cargo_quickstart8commands6doctor6checks12dependencies5testss_28test_run_returns_diagnosticss_0Bd_
FN:347,_RNCNvNtNtNtNtNtCshjNxrFoUmw3_16cargo_quickstart8commands6doctor6checks12dependencies5testss_29test_outdated_command_failures_0Bd_
FN:326,_RNCNvNtNtNtNtNtCshjNxrFoUmw3_16cargo_quickstart8commands6doctor6checks12dependencies5testss_29test_outdated_command_successs_0Bd_
FN:286,_RNCNvNtNtNtNtNtCshjNxrFoUmw3_16cargo_quickstart8commands6doctor6checks12dependencies5testss_35test_outdated_command_not_available0Bd_
FN:17,_RNvMs4_NtNtNtNtNtNtCshjNxrFoUmw3_16cargo_quickstart8commands6doctor6checks12dependencies42___mock_MockCommandExecutor_CommandExecutor15___execute_udepsNtB5_6Common7is_done
FN:17,_RNvMs4_NtNtNtNtNtNtCshjNxrFoUmw3_16cargo_quickstart8commands6doctor6checks12dependencies42___mock_MockCommandExecutor_CommandExecutor15___execute_udepsNtB5_6Common7matches
FN:17,_RNvMs6_NtNtNtNtNtNtCshjNxrFoUmw3_16cargo_quickstart8commands6doctor6checks12dependencies42___mock_MockCommandExecutor_CommandExecutor15___execute_udepsNtB5_11Expectation7is_done
FN:17,_RNvMs6_NtNtNtNtNtNtCshjNxrFoUmw3_16cargo_quickstart8commands6doctor6checks12dependencies42___mock_MockCommandExecutor_CommandExecutor15___execute_udepsNtB5_11Expectation7matches
FN:17,_RNvMs8_NtNtNtNtNtNtCshjNxrFoUmw3_16cargo_quickstart8commands6doctor6checks12dependencies42___mock_MockCommandExecutor_CommandExecutor15___execute_udepsNtB5_12Expectations3new
FN:17,_RNvMs8_NtNtNtNtNtNtCshjNxrFoUmw3_16cargo_quickstart8commands6doctor6checks12dependencies42___mock_MockCommandExecutor_CommandExecutor15___execute_udepsNtB5_12Expectations6expect
FN:17,_RNvXs1_NtNtNtNtNtNtCshjNxrFoUmw3_16cargo_quickstart8commands6doctor6checks12dependencies42___mock_MockCommandExecutor_CommandExecutor15___execute_udepsNtB5_7MatcherNtNtCsf3ugU19TBud_4core7default7Default7default
FN:17,_RNvXs3_NtNtNtNtNtNtCshjNxrFoUmw3_16cargo_quickstart8commands6doctor6checks12dependencies42___mock_MockCommandExecutor_CommandExecutor15___execute_udepsNtB5_6CommonNtNtCsf3ugU19TBud_4core7default7Default7default
FN:17,_RNvXs7_NtNtNtNtNtNtCshjNxrFoUmw3_16cargo_quickstart8commands6doctor6checks12dependencies42___mock_MockCommandExecutor_CommandExecutor15___execute_udepsNtB5_11ExpectationNtNtCsf3ugU19TBud_4core7default7Default7default
FN:17,_RNvXs9_NtNtNtNtNtNtCshjNxrFoUmw3_16cargo_quickstart8commands6doctor6checks12dependencies42___mock_MockCommandExecutor_CommandExecutor15___execute_udepsNtB5_12ExpectationsNtNtCsf3ugU19TBud_4core7default7Default7default
FN:17,_RNvXs_NtNtNtNtNtNtCshjNxrFoUmw3_16cargo_quickstart8commands6doctor6checks12dependencies42___mock_MockCommandExecutor_CommandExecutor15___execute_udepsNtB4_5RfuncNtNtCsf3ugU19TBud_4core7default7Default7default
FN:31,_RNvMNtNtNtNtCshjNxrFoUmw3_16cargo_quickstart8commands6doctor6checks12dependenciesNtB2_19RealCommandExecutor3new
FN:152,_RNvMs2_NtNtNtNtCshjNxrFoUmw3_16cargo_quickstart8commands6doctor6checks12dependenciesNtB5_17DependenciesCheck12check_unused
FN:110,_RNvMs2_NtNtNtNtCshjNxrFoUmw3_16cargo_quickstart8commands6doctor6checks12dependenciesNtB5_17DependenciesCheck14check_outdated
FN:199,_RNvMs2_NtNtNtNtCshjNxrFoUmw3_16cargo_quickstart8commands6doctor6checks12dependenciesNtB5_17DependenciesCheck25check_dependency_versions
FN:97,_RNvMs2_NtNtNtNtCshjNxrFoUmw3_16cargo_quickstart8commands6doctor6checks12dependenciesNtB5_17DependenciesCheck3new
FN:17,_RNvMs8_NtNtNtNtCshjNxrFoUmw3_16cargo_quickstart8commands6doctor6checks12dependenciesNtB5_19MockCommandExecutor3new
FN:17,_RNvMsa_NtNtNtNtCshjNxrFoUmw3_16cargo_quickstart8commands6doctor6checks12dependenciesNtB5_19MockCommandExecutor20expect_execute_udeps
FN:17,_RNvMsa_NtNtNtNtCshjNxrFoUmw3_16cargo_quickstart8commands6doctor6checks12dependenciesNtB5_19MockCommandExecutor23expect_execute_outdated
FN:17,_RNvMsa_NtNtNtNtCshjNxrFoUmw3_16cargo_quickstart8commands6doctor6checks12dependenciesNtB5_19MockCommandExecutor27expect_is_command_available
FN:70,_RNvXs0_NtNtNtNtCshjNxrFoUmw3_16cargo_quickstart8commands6doctor6checks12dependenciesNtB5_19RealCommandExecutorNtB5_15CommandExecutor13execute_udeps
FN:61,_RNvXs0_NtNtNtNtCshjNxrFoUmw3_16cargo_quickstart8commands6doctor6checks12dependenciesNtB5_19RealCommandExecutorNtB5_15CommandExecutor16execute_outdated
FN:79,_RNvXs0_NtNtNtNtCshjNxrFoUmw3_16cargo_quickstart8commands6doctor6checks12dependenciesNtB5_19RealCommandExecutorNtB5_15CommandExecutor20is_command_available
FN:212,_RNvXs3_NtNtNtNtCshjNxrFoUmw3_16cargo_quickstart8commands6doctor6checks12dependenciesNtB5_17DependenciesCheckNtNtB9_9diagnosis5Check3run
FN:17,_RNvXs5_NtNtNtNtCshjNxrFoUmw3_16cargo_quickstart8commands6doctor6checks12dependenciesNtB5_19MockCommandExecutorNtNtCsf3ugU19TBud_4core7default7Default7default
FN:17,_RNvXs6_NtNtNtNtCshjNxrFoUmw3_16cargo_quickstart8commands6doctor6checks12dependenciesNtB5_35MockCommandExecutor_CommandExecutorNtNtCsf3ugU19TBud_4core7default7Default7default
FN:39,_RNvXs_NtNtNtNtCshjNxrFoUmw3_16cargo_quickstart8commands6doctor6checks12dependenciesNtB4_19RealCommandExecutorNtNtNtCsf3ugU19TBud_4core3ops4drop4Drop4drop
FN:17,_RINvMs4_NtNtNtNtNtNtCshjNxrFoUmw3_16cargo_quickstart8commands6doctor6checks12dependencies42___mock_MockCommandExecutor_CommandExecutor22___is_command_availableNtB6_6Common4withINtNtCs4Do0HtEou8q_10predicates3ord11EqPredicateReEEBi_
FN:17,_RINvMs6_NtNtNtNtNtNtCshjNxrFoUmw3_16cargo_quickstart8commands6doctor6checks12dependencies42___mock_MockCommandExecutor_CommandExecutor22___is_command_availableNtB6_11Expectation4withINtNtCs4Do0HtEou8q_10predicates3ord11EqPredicateReEEBi_
FN:17,_RINvMs6_NtNtNtNtNtNtCshjNxrFoUmw3_16cargo_quickstart8commands6doctor6checks12dependencies42___mock_MockCommandExecutor_CommandExecutor22___is_command_availableNtB6_11Expectation9returningNCINvB2_12return_constbE0EBi_
FN:17,_RNCINvMs6_NtNtNtNtNtNtCshjNxrFoUmw3_16cargo_quickstart8commands6doctor6checks12dependencies42___mock_MockCommandExecutor_CommandExecutor22___is_command_availableNtB8_11Expectation12return_constbE0Bk_
FN:17,_RNCNvMs0_NtNtNtNtNtNtCshjNxrFoUmw3_16cargo_quickstart8commands6doctor6checks12dependencies42___mock_MockCommandExecutor_CommandExecutor22___is_command_availableNtB7_7Matcher7matches0Bj_
FN:17,_RNCNvMsa_NtNtNtNtNtNtCshjNxrFoUmw3_16cargo_quickstart8commands6doctor6checks12dependencies42___mock_MockCommandExecutor_CommandExecutor22___is_command_availableNtB7_12Expectations4calls_0Bj_
FN:17,_RNvMs4_NtNtNtNtNtNtCshjNxrFoUmw3_16cargo_quickstart8commands6doctor6checks12dependencies42___mock_MockCommandExecutor_CommandExecutor22___is_command_availableNtB5_6Common7is_done
FN:17,_RNvMs4_NtNtNtNtNtNtCshjNxrFoUmw3_16cargo_quickstart8commands6doctor6checks12dependencies42___mock_MockCommandExecutor_CommandExecutor22___is_command_availableNtB5_6Common7matches
FN:17,_RNvMs6_NtNtNtNtNtNtCshjNxrFoUmw3_16cargo_quickstart8commands6doctor6checks12dependencies42___mock_MockCommandExecutor_CommandExecutor22___is_command_availableNtB5_11Expectation7is_done
FN:17,_RNvMs6_NtNtNtNtNtNtCshjNxrFoUmw3_16cargo_quickstart8commands6doctor6checks12dependencies42___mock_MockCommandExecutor_CommandExecutor22___is_command_availableNtB5_11Expectation7matches
FN:17,_RNvMs8_NtNtNtNtNtNtCshjNxrFoUmw3_16cargo_quickstart8commands6doctor6checks12dependencies42___mock_MockCommandExecutor_CommandExecutor22___is_command_availableNtB5_12Expectations3new
FN:17,_RNvMs8_NtNtNtNtNtNtCshjNxrFoUmw3_16cargo_quickstart8commands6doctor6checks12dependencies42___mock_MockCommandExecutor_CommandExecutor22___is_command_availableNtB5_12Expectations6expect
FN:90,_RNvXs1_NtNtNtNtCshjNxrFoUmw3_16cargo_quickstart8commands6doctor6checks12dependenciesNtB5_17DependenciesCheckNtNtNtCsf3ugU19TBud_4core3ops4drop4Drop4drop
FN:17,_RNvXs1_NtNtNtNtNtNtCshjNxrFoUmw3_16cargo_quickstart8commands6doctor6checks12dependencies42___mock_MockCommandExecutor_CommandExecutor22___is_command_availableNtB5_7MatcherNtNtCsf3ugU19TBud_4core7default7Default7default
FN:224,_RNvXs3_NtNtNtNtCshjNxrFoUmw3_16cargo_quickstart8commands6doctor6checks12dependenciesNtB5_17DependenciesCheckNtNtB9_9diagnosis5Check11description
FN:220,_RNvXs3_NtNtNtNtCshjNxrFoUmw3_16cargo_quickstart8commands6doctor6checks12dependenciesNtB5_17DependenciesCheckNtNtB9_9diagnosis5Check4name
FN:228,_RNvXs3_NtNtNtNtCshjNxrFoUmw3_16cargo_quickstart8commands6doctor6checks12dependenciesNtB5_17DependenciesCheckNtNtB9_9diagnosis5Check8category
FN:17,_RNvXs3_NtNtNtNtNtNtCshjNxrFoUmw3_16cargo_quickstart8commands6doctor6checks12dependencies42___mock_MockCommandExecutor_CommandExecutor22___is_command_availableNtB5_6CommonNtNtCsf3ugU19TBud_4core7default7Default7default
FN:17,_RNvXs7_NtNtNtNtNtNtCshjNxrFoUmw3_16cargo_quickstart8commands6doctor6checks12dependencies42___mock_MockCommandExecutor_CommandExecutor22___is_command_availableNtB5_11ExpectationNtNtCsf3ugU19TBud_4core7default7Default7default
FN:17,_RNvXs9_NtNtNtNtNtNtCshjNxrFoUmw3_16cargo_quickstart8commands6doctor6checks12dependencies42___mock_MockCommandExecutor_CommandExecutor22___is_command_availableNtB5_12ExpectationsNtNtCsf3ugU19TBud_4core7default7Default7default
FN:17,_RNvXs_NtNtNtNtNtNtCshjNxrFoUmw3_16cargo_quickstart8commands6doctor6checks12dependencies42___mock_MockCommandExecutor_CommandExecutor22___is_command_availableNtB4_5RfuncNtNtCsf3ugU19TBud_4core7default7Default7default
FN:17,_RINvMs4_NtNtNtNtNtNtCshjNxrFoUmw3_16cargo_quickstart8commands6doctor6checks12dependencies42___mock_MockCommandExecutor_CommandExecutor15___execute_udepsNtB6_6Common5timespEBi_
FN:17,_RINvMs4_NtNtNtNtNtNtCshjNxrFoUmw3_16cargo_quickstart8commands6doctor6checks12dependencies42___mock_MockCommandExecutor_CommandExecutor15___execute_udepsNtB6_6Common5withfpEBi_
FN:17,_RINvMs4_NtNtNtNtNtNtCshjNxrFoUmw3_16cargo_quickstart8commands6doctor6checks12dependencies42___mock_MockCommandExecutor_CommandExecutor15___execute_udepsNtB6_6Common8withf_stpEBi_
FN:17,_RINvMs4_NtNtNtNtNtNtCshjNxrFoUmw3_16cargo_quickstart8commands6doctor6checks12dependencies42___mock_MockCommandExecutor_CommandExecutor18___execute_outdatedNtB6_6Common5timespEBi_
FN:17,_RINvMs4_NtNtNtNtNtNtCshjNxrFoUmw3_16cargo_quickstart8commands6doctor6checks12dependencies42___mock_MockCommandExecutor_CommandExecutor18___execute_outdatedNtB6_6Common5withfpEBi_
FN:17,_RINvMs4_NtNtNtNtNtNtCshjNxrFoUmw3_16cargo_quickstart8commands6doctor6checks12dependencies42___mock_MockCommandExecutor_CommandExecutor18___execute_outdatedNtB6_6Common8withf_stpEBi_
FN:17,_RINvMs4_NtNtNtNtNtNtCshjNxrFoUmw3_16cargo_quickstart8commands6doctor6checks12dependencies42___mock_MockCommandExecutor_CommandExecutor22___is_command_availableNtB6_6Common5timespEBi_
FN:17,_RINvMs4_NtNtNtNtNtNtCshjNxrFoUmw3_16cargo_quickstart8commands6doctor6checks12dependencies42___mock_MockCommandExecutor_CommandExecutor22___is_command_availableNtB6_6Common5withfpEBi_
FN:17,_RINvMs4_NtNtNtNtNtNtCshjNxrFoUmw3_16cargo_quickstart8commands6doctor6checks12dependencies42___mock_MockCommandExecutor_CommandExecutor22___is_command_availableNtB6_6Common8withf_stpEBi_
FN:17,_RINvMs6_NtNtNtNtNtNtCshjNxrFoUmw3_16cargo_quickstart8commands6doctor6checks12dependencies42___mock_MockCommandExecutor_CommandExecutor15___execute_udepsNtB6_11Expectation12returning_stpEBi_
FN:17,_RINvMs6_NtNtNtNtNtNtCshjNxrFoUmw3_16cargo_quickstart8commands6doctor6checks12dependencies42___mock_MockCommandExecutor_CommandExecutor15___execute_udepsNtB6_11Expectation14return_once_stpEBi_
FN:17,_RINvMs6_NtNtNtNtNtNtCshjNxrFoUmw3_16cargo_quickstart8commands6doctor6checks12dependencies42___mock_MockCommandExecutor_CommandExecutor15___execute_udepsNtB6_11Expectation5timespEBi_
FN:17,_RINvMs6_NtNtNtNtNtNtCshjNxrFoUmw3_16cargo_quickstart8commands6doctor6checks12dependencies42___mock_MockCommandExecutor_CommandExecutor15___execute_udepsNtB6_11Expectation5withfpEBi_
FN:17,_RINvMs6_NtNtNtNtNtNtCshjNxrFoUmw3_16cargo_quickstart8commands6doctor6checks12dependencies42___mock_MockCommandExecutor_CommandExecutor15___execute_udepsNtB6_11Expectation8withf_stpEBi_
FN:17,_RINvMs6_NtNtNtNtNtNtCshjNxrFoUmw3_16cargo_quickstart8commands6doctor6checks12dependencies42___mock_MockCommandExecutor_CommandExecutor15___execute_udepsNtB6_11Expectation9returningpEBi_
FN:17,_RINvMs6_NtNtNtNtNtNtCshjNxrFoUmw3_16cargo_quickstart8commands6doctor6checks12dependencies42___mock_MockCommandExecutor_CommandExecutor18___execute_outdatedNtB6_11Expectation12returning_stpEBi_
FN:17,_RINvMs6_NtNtNtNtNtNtCshjNxrFoUmw3_16cargo_quickstart8commands6doctor6checks12dependencies42___mock_MockCommandExecutor_CommandExecutor18___execute_outdatedNtB6_11Expectation14return_once_stpEBi_
FN:17,_RINvMs6_NtNtNtNtNtNtCshjNxrFoUmw3_16cargo_quickstart8commands6doctor6checks12dependencies42___mock_MockCommandExecutor_CommandExecutor18___execute_outdatedNtB6_11Expectation5timespEBi_
FN:17,_RINvMs6_NtNtNtNtNtNtCshjNxrFoUmw3_16cargo_quickstart8commands6doctor6checks12dependencies42___mock_MockCommandExecutor_CommandExecutor18___execute_outdatedNtB6_11Expectation5withfpEBi_
FN:17,_RINvMs6_NtNtNtNtNtNtCshjNxrFoUmw3_16cargo_quickstart8commands6doctor6checks12dependencies42___mock_MockCommandExecutor_CommandExecutor18___execute_outdatedNtB6_11Expectation8withf_stpEBi_
FN:17,_RINvMs6_NtNtNtNtNtNtCshjNxrFoUmw3_16cargo_quickstart8commands6doctor6checks12dependencies42___mock_MockCommandExecutor_CommandExecutor18___execute_outdatedNtB6_11Expectation9returningpEBi_
FN:17,_RINvMs6_NtNtNtNtNtNtCshjNxrFoUmw3_16cargo_quickstart8commands6doctor6checks12dependencies42___mock_MockCommandExecutor_CommandExecutor22___is_command_availableNtB6_11Expectation11return_oncepEBi_
FN:17,_RINvMs6_NtNtNtNtNtNtCshjNxrFoUmw3_16cargo_quickstart8commands6doctor6checks12dependencies42___mock_MockCommandExecutor_CommandExecutor22___is_command_availableNtB6_11Expectation12returning_stpEBi_
FN:17,_RINvMs6_NtNtNtNtNtNtCshjNxrFoUmw3_16cargo_quickstart8commands6doctor6checks12dependencies42___mock_MockCommandExecutor_CommandExecutor22___is_command_availableNtB6_11Expectation14return_once_stpEBi_
FN:17,_RINvMs6_NtNtNtNtNtNtCshjNxrFoUmw3_16cargo_quickstart8commands6doctor6checks12dependencies42___mock_MockCommandExecutor_CommandExecutor22___is_command_availableNtB6_11Expectation5timespEBi_
FN:17,_RINvMs6_NtNtNtNtNtNtCshjNxrFoUmw3_16cargo_quickstart8commands6doctor6checks12dependencies42___mock_MockCommandExecutor_CommandExecutor22___is_command_availableNtB6_11Expectation5withfpEBi_
FN:17,_RINvMs6_NtNtNtNtNtNtCshjNxrFoUmw3_16cargo_quickstart8commands6doctor6checks12dependencies42___mock_MockCommandExecutor_CommandExecutor22___is_command_availableNtB6_11Expectation8withf_stpEBi_
FN:17,_RNCINvMs6_NtNtNtNtNtNtCshjNxrFoUmw3_16cargo_quickstart8commands6doctor6checks12dependencies42___mock_MockCommandExecutor_CommandExecutor15___execute_udepsNtB8_11Expectation12return_constpE0Bk_
FN:17,_RNCINvMs6_NtNtNtNtNtNtCshjNxrFoUmw3_16cargo_quickstart8commands6doctor6checks12dependencies42___mock_MockCommandExecutor_CommandExecutor15___execute_udepsNtB8_11Expectation15return_const_stpE0Bk_
FN:17,_RNCINvMs6_NtNtNtNtNtNtCshjNxrFoUmw3_16cargo_quickstart8commands6doctor6checks12dependencies42___mock_MockCommandExecutor_CommandExecutor18___execute_outdatedNtB8_11Expectation12return_constpE0Bk_
FN:17,_RNCINvMs6_NtNtNtNtNtNtCshjNxrFoUmw3_16cargo_quickstart8commands6doctor6checks12dependencies42___mock_MockCommandExecutor_CommandExecutor18___execute_outdatedNtB8_11Expectation15return_const_stpE0Bk_
FN:17,_RNCINvMs6_NtNtNtNtNtNtCshjNxrFoUmw3_16cargo_quickstart8commands6doctor6checks12dependencies42___mock_MockCommandExecutor_CommandExecutor22___is_command_availableNtB8_11Expectation15return_const_stpE0Bk_
FN:17,_RNvMs4_NtNtNtNtNtNtCshjNxrFoUmw3_16cargo_quickstart8commands6doctor6checks12dependencies42___mock_MockCommandExecutor_CommandExecutor15___execute_udepsNtB5_6Common4with
FN:17,_RNvMs4_NtNtNtNtNtNtCshjNxrFoUmw3_16cargo_quickstart8commands6doctor6checks12dependencies42___mock_MockCommandExecutor_CommandExecutor15___execute_udepsNtB5_6Common5never
FN:17,_RNvMs4_NtNtNtNtNtNtCshjNxrFoUmw3_16cargo_quickstart8commands6doctor6checks12dependencies42___mock_MockCommandExecutor_CommandExecutor18___execute_outdatedNtB5_6Common4with
FN:17,_RNvMs4_NtNtNtNtNtNtCshjNxrFoUmw3_16cargo_quickstart8commands6doctor6checks12dependencies42___mock_MockCommandExecutor_CommandExecutor18___execute_outdatedNtB5_6Common5never
FN:17,_RNvMs4_NtNtNtNtNtNtCshjNxrFoUmw3_16cargo_quickstart8commands6doctor6checks12dependencies42___mock_MockCommandExecutor_CommandExecutor22___is_command_availableNtB5_6Common5never
FN:17,_RNvMs6_NtNtNtNtNtNtCshjNxrFoUmw3_16cargo_quickstart8commands6doctor6checks12dependencies42___mock_MockCommandExecutor_CommandExecutor15___execute_udepsNtB5_11Expectation11in_sequence
FN:17,_RNvMs6_NtNtNtNtNtNtCshjNxrFoUmw3_16cargo_quickstart8commands6doctor6checks12dependencies42___mock_MockCommandExecutor_CommandExecutor15___execute_udepsNtB5_11Expectation3new
FN:17,_RNvMs6_NtNtNtNtNtNtCshjNxrFoUmw3_16cargo_quickstart8commands6doctor6checks12dependencies42___mock_MockCommandExecutor_CommandExecutor15___execute_udepsNtB5_11Expectation4once
FN:17,_RNvMs6_NtNtNtNtNtNtCshjNxrFoUmw3_16cargo_quickstart8commands6doctor6checks12dependencies42___mock_MockCommandExecutor_CommandExecutor15___execute_udepsNtB5_11Expectation4with
FN:17,_RNvMs6_NtNtNtNtNtNtCshjNxrFoUmw3_16cargo_quickstart8commands6doctor6checks12dependencies42___mock_MockCommandExecutor_CommandExecutor15___execute_udepsNtB5_11Expectation5never
FN:17,_RNvMs6_NtNtNtNtNtNtCshjNxrFoUmw3_16cargo_quickstart8commands6doctor6checks12dependencies42___mock_MockCommandExecutor_CommandExecutor18___execute_outdatedNtB5_11Expectation11in_sequence
FN:17,_RNvMs6_NtNtNtNtNtNtCshjNxrFoUmw3_16cargo_quickstart8commands6doctor6checks12dependencies42___mock_MockCommandExecutor_CommandExecutor18___execute_outdatedNtB5_11Expectation3new
FN:17,_RNvMs6_NtNtNtNtNtNtCshjNxrFoUmw3_16cargo_quickstart8commands6doctor6checks12dependencies42___mock_MockCommandExecutor_CommandExecutor18___execute_outdatedNtB5_11Expectation4once
FN:17,_RNvMs6_NtNtNtNtNtNtCshjNxrFoUmw3_16cargo_quickstart8commands6doctor6checks12dependencies42___mock_MockCommandExecutor_CommandExecutor18___execute_outdatedNtB5_11Expectation4with
FN:17,_RNvMs6_NtNtNtNtNtNtCshjNxrFoUmw3_16cargo_quickstart8commands6doctor6checks12dependencies42___mock_MockCommandExecutor_CommandExecutor18___execute_outdatedNtB5_11Expectation5never
FN:17,_RNvMs6_NtNtNtNtNtNtCshjNxrFoUmw3_16cargo_quickstart8commands6doctor6checks12dependencies42___mock_MockCommandExecutor_CommandExecutor22___is_command_availableNtB5_11Expectation11in_sequence
FN:17,_RNvMs6_NtNtNtNtNtNtCshjNxrFoUmw3_16cargo_quickstart8commands6doctor6checks12dependencies42___mock_MockCommandExecutor_CommandExecutor22___is_command_availableNtB5_11Expectation3new
FN:17,_RNvMs6_NtNtNtNtNtNtCshjNxrFoUmw3_16cargo_quickstart8commands6doctor6checks12dependencies42___mock_MockCommandExecutor_CommandExecutor22___is_command_availableNtB5_11Expectation4once
FN:17,_RNvMs6_NtNtNtNtNtNtCshjNxrFoUmw3_16cargo_quickstart8commands6doctor6checks12dependencies42___mock_MockCommandExecutor_CommandExecutor22___is_command_availableNtB5_11Expectation5never
FN:17,_RNvMs7_NtNtNtNtCshjNxrFoUmw3_16cargo_quickstart8commands6doctor6checks12dependenciesNtB5_35MockCommandExecutor_CommandExecutor10checkpoint
FN:17,_RNvMs8_NtNtNtNtCshjNxrFoUmw3_16cargo_quickstart8commands6doctor6checks12dependenciesNtB5_19MockCommandExecutor10checkpoint
FN:17,_RNvMs8_NtNtNtNtNtNtCshjNxrFoUmw3_16cargo_quickstart8commands6doctor6checks12dependencies42___mock_MockCommandExecutor_CommandExecutor15___execute_udepsNtB5_12Expectations10checkpoint
FN:17,_RNvMs8_NtNtNtNtNtNtCshjNxrFoUmw3_16cargo_quickstart8commands6doctor6checks12dependencies42___mock_MockCommandExecutor_CommandExecutor18___execute_outdatedNtB5_12Expectations10checkpoint
FN:17,_RNvMs8_NtNtNtNtNtNtCshjNxrFoUmw3_16cargo_quickstart8commands6doctor6checks12dependencies42___mock_MockCommandExecutor_CommandExecutor22___is_command_availableNtB5_12Expectations10checkpoint
FN:17,_RNvXs4_NtNtNtNtCshjNxrFoUmw3_16cargo_quickstart8commands6doctor6checks12dependenciesNtB5_19MockCommandExecutorNtNtCsf3ugU19TBud_4core3fmt5Debug3fmt
FNDA:5,_RNvMNtNtNtNtCs18g0SCwlAMm_16cargo_quickstart8commands6doctor6checks12dependenciesNtB2_19RealCommandExecutor3new
FNDA:5,_RNvMs2_NtNtNtNtCs18g0SCwlAMm_16cargo_quickstart8commands6doctor6checks12dependenciesNtB5_17DependenciesCheck12check_unused
FNDA:5,_RNvMs2_NtNtNtNtCs18g0SCwlAMm_16cargo_quickstart8commands6doctor6checks12dependenciesNtB5_17DependenciesCheck14check_outdated
FNDA:5,_RNvMs2_NtNtNtNtCs18g0SCwlAMm_16cargo_quickstart8commands6doctor6checks12dependenciesNtB5_17DependenciesCheck25check_dependency_versions
FNDA:5,_RNvMs2_NtNtNtNtCs18g0SCwlAMm_16cargo_quickstart8commands6doctor6checks12dependenciesNtB5_17DependenciesCheck3new
FNDA:5,_RNvXs0_NtNtNtNtCs18g0SCwlAMm_16cargo_quickstart8commands6doctor6checks12dependenciesNtB5_19RealCommandExecutorNtB5_15CommandExecutor13execute_udeps
FNDA:5,_RNvXs0_NtNtNtNtCs18g0SCwlAMm_16cargo_quickstart8commands6doctor6checks12dependenciesNtB5_19RealCommandExecutorNtB5_15CommandExecutor16execute_outdated
FNDA:10,_RNvXs0_NtNtNtNtCs18g0SCwlAMm_16cargo_quickstart8commands6doctor6checks12dependenciesNtB5_19RealCommandExecutorNtB5_15CommandExecutor20is_command_available
FNDA:5,_RNvXs3_NtNtNtNtCs18g0SCwlAMm_16cargo_quickstart8commands6doctor6checks12dependenciesNtB5_17DependenciesCheckNtNtB9_9diagnosis5Check3run
FNDA:20,_RNvXs3_NtNtNtNtCs18g0SCwlAMm_16cargo_quickstart8commands6doctor6checks12dependenciesNtB5_17DependenciesCheckNtNtB9_9diagnosis5Check4name
FNDA:20,_RNvXs3_NtNtNtNtCs18g0SCwlAMm_16cargo_quickstart8commands6doctor6checks12dependenciesNtB5_17DependenciesCheckNtNtB9_9diagnosis5Check8category
FNDA:5,_RNvXs_NtNtNtNtCs18g0SCwlAMm_16cargo_quickstart8commands6doctor6checks12dependenciesNtB4_19RealCommandExecutorNtNtNtCsf3ugU19TBud_4core3ops4drop4Drop4drop
FNDA:5,_RNvXs1_NtNtNtNtCs18g0SCwlAMm_16cargo_quickstart8commands6doctor6checks12dependenciesNtB5_17DependenciesCheckNtNtNtCsf3ugU19TBud_4core3ops4drop4Drop4drop
FNDA:5,_RNvXs3_NtNtNtNtCs18g0SCwlAMm_16cargo_quickstart8commands6doctor6checks12dependenciesNtB5_17DependenciesCheckNtNtB9_9diagnosis5Check11description
FNDA:9,_RNvMs2_NtNtNtNtCshjNxrFoUmw3_16cargo_quickstart8commands6doctor6checks12dependenciesNtB5_17DependenciesCheck13with_executor
FNDA:2,_RNvNtNtNtNtNtCshjNxrFoUmw3_16cargo_quickstart8commands6doctor6checks12dependencies5tests14failure_output
FNDA:12,_RNvNtNtNtNtNtCshjNxrFoUmw3_16cargo_quickstart8commands6doctor6checks12dependencies5tests14success_output
FNDA:1,_RNvNtNtNtNtNtCshjNxrFoUmw3_16cargo_quickstart8commands6doctor6checks12dependencies5testss_16test_name_method
FNDA:1,_RNvNtNtNtNtNtCshjNxrFoUmw3_16cargo_quickstart8commands6doctor6checks12dependencies5testss_20test_category_method
FNDA:1,_RNvNtNtNtNtNtCshjNxrFoUmw3_16cargo_quickstart8commands6doctor6checks12dependencies5testss_23test_description_method
FNDA:1,_RNvNtNtNtNtNtCshjNxrFoUmw3_16cargo_quickstart8commands6doctor6checks12dependencies5testss_24test_udeps_command_error
FNDA:1,_RNvNtNtNtNtNtCshjNxrFoUmw3_16cargo_quickstart8commands6doctor6checks12dependencies5testss_26test_udeps_command_failure
FNDA:1,_RNvNtNtNtNtNtCshjNxrFoUmw3_16cargo_quickstart8commands6doctor6checks12dependencies5testss_26test_udeps_command_success
FNDA:1,_RNvNtNtNtNtNtCshjNxrFoUmw3_16cargo_quickstart8commands6doctor6checks12dependencies5testss_27test_outdated_command_error
FNDA:1,_RNvNtNtNtNtNtCshjNxrFoUmw3_16cargo_quickstart8commands6doctor6checks12dependencies5testss_28test_run_returns_diagnostics
FNDA:1,_RNvNtNtNtNtNtCshjNxrFoUmw3_16cargo_quickstart8commands6doctor6checks12dependencies5testss_29test_outdated_command_failure
FNDA:1,_RNvNtNtNtNtNtCshjNxrFoUmw3_16cargo_quickstart8commands6doctor6checks12dependencies5testss_29test_outdated_command_success
FNDA:1,_RNvNtNtNtNtNtCshjNxrFoUmw3_16cargo_quickstart8commands6doctor6checks12dependencies5testss_32test_udeps_command_not_available
FNDA:1,_RNvNtNtNtNtNtCshjNxrFoUmw3_16cargo_quickstart8commands6doctor6checks12dependencies5testss_35test_outdated_command_not_available
FNDA:1,_RINvMs6_NtNtNtNtNtNtCshjNxrFoUmw3_16cargo_quickstart8commands6doctor6checks12dependencies42___mock_MockCommandExecutor_CommandExecutor18___execute_outdatedNtB6_11Expectation11return_onceNCNvNtBa_5testss_24test_udeps_command_error0EBi_
FNDA:1,_RINvMs6_NtNtNtNtNtNtCshjNxrFoUmw3_16cargo_quickstart8commands6doctor6checks12dependencies42___mock_MockCommandExecutor_CommandExecutor18___execute_outdatedNtB6_11Expectation11return_onceNCNvNtBa_5testss_26test_udeps_command_failure0EBi_
FNDA:1,_RINvMs6_NtNtNtNtNtNtCshjNxrFoUmw3_16cargo_quickstart8commands6doctor6checks12dependencies42___mock_MockCommandExecutor_CommandExecutor18___execute_outdatedNtB6_11Expectation11return_onceNCNvNtBa_5testss_26test_udeps_command_success0EBi_
FNDA:1,_RINvMs6_NtNtNtNtNtNtCshjNxrFoUmw3_16cargo_quickstart8commands6doctor6checks12dependencies42___mock_MockCommandExecutor_CommandExecutor18___execute_outdatedNtB6_11Expectation11return_onceNCNvNtBa_5testss_27test_outdated_command_error0EBi_
FNDA:1,_RINvMs6_NtNtNtNtNtNtCshjNxrFoUmw3_16cargo_quickstart8commands6doctor6checks12dependencies42___mock_MockCommandExecutor_CommandExecutor18___execute_outdatedNtB6_11Expectation11return_onceNCNvNtBa_5testss_28test_run_returns_diagnostics0EBi_
FNDA:1,_RINvMs6_NtNtNtNtNtNtCshjNxrFoUmw3_16cargo_quickstart8commands6doctor6checks12dependencies42___mock_MockCommandExecutor_CommandExecutor18___execute_outdatedNtB6_11Expectation11return_onceNCNvNtBa_5testss_29test_outdated_command_failure0EBi_
FNDA:1,_RINvMs6_NtNtNtNtNtNtCshjNxrFoUmw3_16cargo_quickstart8commands6doctor6checks12dependencies42___mock_MockCommandExecutor_CommandExecutor18___execute_outdatedNtB6_11Expectation11return_onceNCNvNtBa_5testss_29test_outdated_command_success0EBi_
FNDA:1,_RINvMs6_NtNtNtNtNtNtCshjNxrFoUmw3_16cargo_quickstart8commands6doctor6checks12dependencies42___mock_MockCommandExecutor_CommandExecutor18___execute_outdatedNtB6_11Expectation11return_onceNCNvNtBa_5testss_32test_udeps_command_not_available0EBi_
FNDA:0,_RNCNvMs0_NtNtNtNtNtNtCshjNxrFoUmw3_16cargo_quickstart8commands6doctor6checks12dependencies42___mock_MockCommandExecutor_CommandExecutor18___execute_outdatedNtB7_7Matcher7matches0Bj_
FNDA:8,_RNCNvMsa_NtNtNtNtNtNtCshjNxrFoUmw3_16cargo_quickstart8commands6doctor6checks12dependencies42___mock_MockCommandExecutor_CommandExecutor18___execute_outdatedNtB7_12Expectations4calls_0Bj_
FNDA:1,_RNCNvNtNtNtNtNtCshjNxrFoUmw3_16cargo_quickstart8commands6doctor6checks12dependencies5testss_24test_udeps_command_error0Bd_
FNDA:1,_RNCNvNtNtNtNtNtCshjNxrFoUmw3_16cargo_quickstart8commands6doctor6checks12dependencies5testss_26test_udeps_command_failure0Bd_
FNDA:1,_RNCNvNtNtNtNtNtCshjNxrFoUmw3_16cargo_quickstart8commands6doctor6checks12dependencies5testss_26test_udeps_command_success0Bd_
FNDA:1,_RNCNvNtNtNtNtNtCshjNxrFoUmw3_16cargo_quickstart8commands6doctor6checks12dependencies5testss_27test_outdated_command_error0Bd_
FNDA:1,_RNCNvNtNtNtNtNtCshjNxrFoUmw3_16cargo_quickstart8commands6doctor6checks12dependencies5testss_28test_run_returns_diagnostics0Bd_
FNDA:1,_RNCNvNtNtNtNtNtCshjNxrFoUmw3_16cargo_quickstart8commands6doctor6checks12dependencies5testss_29test_outdated_command_failure0Bd_
FNDA:1,_RNCNvNtNtNtNtNtCshjNxrFoUmw3_16cargo_quickstart8commands6doctor6checks12dependencies5testss_29test_outdated_command_success0Bd_
FNDA:1,_RNCNvNtNtNtNtNtCshjNxrFoUmw3_16cargo_quickstart8commands6doctor6checks12dependencies5testss_32test_udeps_command_not_available0Bd_
FNDA:8,_RNvMs4_NtNtNtNtNtNtCshjNxrFoUmw3_16cargo_quickstart8commands6doctor6checks12dependencies42___mock_MockCommandExecutor_CommandExecutor18___execute_outdatedNtB5_6Common7is_done
FNDA:8,_RNvMs4_NtNtNtNtNtNtCshjNxrFoUmw3_16cargo_quickstart8commands6doctor6checks12dependencies42___mock_MockCommandExecutor_CommandExecutor18___execute_outdatedNtB5_6Common7matches
FNDA:8,_RNvMs6_NtNtNtNtNtNtCshjNxrFoUmw3_16cargo_quickstart8commands6doctor6checks12dependencies42___mock_MockCommandExecutor_CommandExecutor18___execute_outdatedNtB5_11Expectation7is_done
FNDA:8,_RNvMs6_NtNtNtNtNtNtCshjNxrFoUmw3_16cargo_quickstart8commands6doctor6checks12dependencies42___mock_MockCommandExecutor_CommandExecutor18___execute_outdatedNtB5_11Expectation7matches
FNDA:9,_RNvMs8_NtNtNtNtNtNtCshjNxrFoUmw3_16cargo_quickstart8commands6doctor6checks12dependencies42___mock_MockCommandExecutor_CommandExecutor18___execute_outdatedNtB5_12Expectations3new
FNDA:8,_RNvMs8_NtNtNtNtNtNtCshjNxrFoUmw3_16cargo_quickstart8commands6doctor6checks12dependencies42___mock_MockCommandExecutor_CommandExecutor18___execute_outdatedNtB5_12Expectations6expect
FNDA:8,_RNvXs1_NtNtNtNtNtNtCshjNxrFoUmw3_16cargo_quickstart8commands6doctor6checks12dependencies42___mock_MockCommandExecutor_CommandExecutor18___execute_outdatedNtB5_7MatcherNtNtCsf3ugU19TBud_4core7default7Default7default
FNDA:8,_RNvXs3_NtNtNtNtNtNtCshjNxrFoUmw3_16cargo_quickstart8commands6doctor6checks12dependencies42___mock_MockCommandExecutor_CommandExecutor18___execute_outdatedNtB5_6CommonNtNtCsf3ugU19TBud_4core7default7Default7default
FNDA:8,_RNvXs7_NtNtNtNtNtNtCshjNxrFoUmw3_16cargo_quickstart8commands6doctor6checks12dependencies42___mock_MockCommandExecutor_CommandExecutor18___execute_outdatedNtB5_11ExpectationNtNtCsf3ugU19TBud_4core7default7Default7default
FNDA:9,_RNvXs9_NtNtNtNtNtNtCshjNxrFoUmw3_16cargo_quickstart8commands6doctor6checks12dependencies42___mock_MockCommandExecutor_CommandExecutor18___execute_outdatedNtB5_12ExpectationsNtNtCsf3ugU19TBud_4core7default7Default7default
FNDA:8,_RNvXs_NtNtNtNtNtNtCshjNxrFoUmw3_16cargo_quickstart8commands6doctor6checks12dependencies42___mock_MockCommandExecutor_CommandExecutor18___execute_outdatedNtB4_5RfuncNtNtCsf3ugU19TBud_4core7default7Default7default
FNDA:1,_RINvMs6_NtNtNtNtNtNtCshjNxrFoUmw3_16cargo_quickstart8commands6doctor6checks12dependencies42___mock_MockCommandExecutor_CommandExecutor15___execute_udepsNtB6_11Expectation11return_onceNCNvNtBa_5testss_24test_udeps_command_errors_0EBi_
FNDA:1,_RINvMs6_NtNtNtNtNtNtCshjNxrFoUmw3_16cargo_quickstart8commands6doctor6checks12dependencies42___mock_MockCommandExecutor_CommandExecutor15___execute_udepsNtB6_11Expectation11return_onceNCNvNtBa_5testss_26test_udeps_command_failures_0EBi_
FNDA:1,_RINvMs6_NtNtNtNtNtNtCshjNxrFoUmw3_16cargo_quickstart8commands6doctor6checks12dependencies42___mock_MockCommandExecutor_CommandExecutor15___execute_udepsNtB6_11Expectation11return_onceNCNvNtBa_5testss_26test_udeps_command_successs_0EBi_
FNDA:1,_RINvMs6_NtNtNtNtNtNtCshjNxrFoUmw3_16cargo_quickstart8commands6doctor6checks12dependencies42___mock_MockCommandExecutor_CommandExecutor15___execute_udepsNtB6_11Expectation11return_onceNCNvNtBa_5testss_27test_outdated_command_errors_0EBi_
FNDA:1,_RINvMs6_NtNtNtNtNtNtCshjNxrFoUmw3_16cargo_quickstart8commands6doctor6checks12dependencies42___mock_MockCommandExecutor_CommandExecutor15___execute_udepsNtB6_11Expectation11return_onceNCNvNtBa_5testss_28test_run_returns_diagnosticss_0EBi_
FNDA:1,_RINvMs6_NtNtNtNtNtNtCshjNxrFoUmw3_16cargo_quickstart8commands6doctor6checks12dependencies42___mock_MockCommandExecutor_CommandExecutor15___execute_udepsNtB6_11Expectation11return_onceNCNvNtBa_5testss_29test_outdated_command_failures_0EBi_
FNDA:1,_RINvMs6_NtNtNtNtNtNtCshjNxrFoUmw3_16cargo_quickstart8commands6doctor6checks12dependencies42___mock_MockCommandExecutor_CommandExecutor15___execute_udepsNtB6_11Expectation11return_onceNCNvNtBa_5testss_29test_outdated_command_successs_0EBi_
FNDA:1,_RINvMs6_NtNtNtNtNtNtCshjNxrFoUmw3_16cargo_quickstart8commands6doctor6checks12dependencies42___mock_MockCommandExecutor_CommandExecutor15___execute_udepsNtB6_11Expectation11return_onceNCNvNtBa_5testss_35test_outdated_command_not_available0EBi_
FNDA:0,_RNCNvMs0_NtNtNtNtNtNtCshjNxrFoUmw3_16cargo_quickstart8commands6doctor6checks12dependencies42___mock_MockCommandExecutor_CommandExecutor15___execute_udepsNtB7_7Matcher7matches0Bj_
FNDA:8,_RNCNvMsa_NtNtNtNtNtNtCshjNxrFoUmw3_16cargo_quickstart8commands6doctor6checks12dependencies42___mock_MockCommandExecutor_CommandExecutor15___execute_udepsNtB7_12Expectations4calls_0Bj_
FNDA:1,_RNCNvNtNtNtNtNtCshjNxrFoUmw3_16cargo_quickstart8commands6doctor6checks12dependencies5testss_24test_udeps_command_errors_0Bd_
FNDA:1,_RNCNvNtNtNtNtNtCshjNxrFoUmw3_16cargo_quickstart8commands6doctor6checks12dependencies5testss_26test_udeps_command_failures_0Bd_
FNDA:1,_RNCNvNtNtNtNtNtCshjNxrFoUmw3_16cargo_quickstart8commands6doctor6checks12dependencies5testss_26test_udeps_command_successs_0Bd_
FNDA:1,_RNCNvNtNtNtNtNtCshjNxrFoUmw3_16cargo_quickstart8commands6doctor6checks12dependencies5testss_27test_outdated_command_errors_0Bd_
FNDA:1,_RNCNvNtNtNtNtNtCshjNxrFoUmw3_16cargo_quickstart8commands6doctor6checks12dependencies5testss_28test_run_returns_diagnosticss_0Bd_
FNDA:1,_RNCNvNtNtNtNtNtCshjNxrFoUmw3_16cargo_quickstart8commands6doctor6checks12dependencies5testss_29test_outdated_command_failures_0Bd_
FNDA:1,_RNCNvNtNtNtNtNtCshjNxrFoUmw3_16cargo_quickstart8commands6doctor6checks12dependencies5testss_29test_outdated_command_successs_0Bd_
FNDA:1,_RNCNvNtNtNtNtNtCshjNxrFoUmw3_16cargo_quickstart8commands6doctor6checks12dependencies5testss_35test_outdated_command_not_available0Bd_
FNDA:8,_RNvMs4_NtNtNtNtNtNtCshjNxrFoUmw3_16cargo_quickstart8commands6doctor6checks12dependencies42___mock_MockCommandExecutor_CommandExecutor15___execute_udepsNtB5_6Common7is_done
FNDA:8,_RNvMs4_NtNtNtNtNtNtCshjNxrFoUmw3_16cargo_quickstart8commands6doctor6checks12dependencies42___mock_MockCommandExecutor_CommandExecutor15___execute_udepsNtB5_6Common7matches
FNDA:8,_RNvMs6_NtNtNtNtNtNtCshjNxrFoUmw3_16cargo_quickstart8commands6doctor6checks12dependencies42___mock_MockCommandExecutor_CommandExecutor15___execute_udepsNtB5_11Expectation7is_done
FNDA:8,_RNvMs6_NtNtNtNtNtNtCshjNxrFoUmw3_16cargo_quickstart8commands6doctor6checks12dependencies42___mock_MockCommandExecutor_CommandExecutor15___execute_udepsNtB5_11Expectation7matches
FNDA:9,_RNvMs8_NtNtNtNtNtNtCshjNxrFoUmw3_16cargo_quickstart8commands6doctor6checks12dependencies42___mock_MockCommandExecutor_CommandExecutor15___execute_udepsNtB5_12Expectations3new
FNDA:8,_RNvMs8_NtNtNtNtNtNtCshjNxrFoUmw3_16cargo_quickstart8commands6doctor6checks12dependencies42___mock_MockCommandExecutor_CommandExecutor15___execute_udepsNtB5_12Expectations6expect
FNDA:8,_RNvXs1_NtNtNtNtNtNtCshjNxrFoUmw3_16cargo_quickstart8commands6doctor6checks12dependencies42___mock_MockCommandExecutor_CommandExecutor15___execute_udepsNtB5_7MatcherNtNtCsf3ugU19TBud_4core7default7Default7default
FNDA:8,_RNvXs3_NtNtNtNtNtNtCshjNxrFoUmw3_16cargo_quickstart8commands6doctor6checks12dependencies42___mock_MockCommandExecutor_CommandExecutor15___execute_udepsNtB5_6CommonNtNtCsf3ugU19TBud_4core7default7Default7default
FNDA:8,_RNvXs7_NtNtNtNtNtNtCshjNxrFoUmw3_16cargo_quickstart8commands6doctor6checks12dependencies42___mock_MockCommandExecutor_CommandExecutor15___execute_udepsNtB5_11ExpectationNtNtCsf3ugU19TBud_4core7default7Default7default
FNDA:9,_RNvXs9_NtNtNtNtNtNtCshjNxrFoUmw3_16cargo_quickstart8commands6doctor6checks12dependencies42___mock_MockCommandExecutor_CommandExecutor15___execute_udepsNtB5_12ExpectationsNtNtCsf3ugU19TBud_4core7default7Default7default
FNDA:8,_RNvXs_NtNtNtNtNtNtCshjNxrFoUmw3_16cargo_quickstart8commands6doctor6checks12dependencies42___mock_MockCommandExecutor_CommandExecutor15___execute_udepsNtB4_5RfuncNtNtCsf3ugU19TBud_4core7default7Default7default
FNDA:6,_RNvMNtNtNtNtCshjNxrFoUmw3_16cargo_quickstart8commands6doctor6checks12dependenciesNtB2_19RealCommandExecutor3new
FNDA:11,_RNvMs2_NtNtNtNtCshjNxrFoUmw3_16cargo_quickstart8commands6doctor6checks12dependenciesNtB5_17DependenciesCheck12check_unused
FNDA:11,_RNvMs2_NtNtNtNtCshjNxrFoUmw3_16cargo_quickstart8commands6doctor6checks12dependenciesNtB5_17DependenciesCheck14check_outdated
FNDA:11,_RNvMs2_NtNtNtNtCshjNxrFoUmw3_16cargo_quickstart8commands6doctor6checks12dependenciesNtB5_17DependenciesCheck25check_dependency_versions
FNDA:6,_RNvMs2_NtNtNtNtCshjNxrFoUmw3_16cargo_quickstart8commands6doctor6checks12dependenciesNtB5_17DependenciesCheck3new
FNDA:9,_RNvMs8_NtNtNtNtCshjNxrFoUmw3_16cargo_quickstart8commands6doctor6checks12dependenciesNtB5_19MockCommandExecutor3new
FNDA:8,_RNvMsa_NtNtNtNtCshjNxrFoUmw3_16cargo_quickstart8commands6doctor6checks12dependenciesNtB5_19MockCommandExecutor20expect_execute_udeps
FNDA:8,_RNvMsa_NtNtNtNtCshjNxrFoUmw3_16cargo_quickstart8commands6doctor6checks12dependenciesNtB5_19MockCommandExecutor23expect_execute_outdated
FNDA:18,_RNvMsa_NtNtNtNtCshjNxrFoUmw3_16cargo_quickstart8commands6doctor6checks12dependenciesNtB5_19MockCommandExecutor27expect_is_command_available
FNDA:2,_RNvXs0_NtNtNtNtCshjNxrFoUmw3_16cargo_quickstart8commands6doctor6checks12dependenciesNtB5_19RealCommandExecutorNtB5_15CommandExecutor13execute_udeps
FNDA:2,_RNvXs0_NtNtNtNtCshjNxrFoUmw3_16cargo_quickstart8commands6doctor6checks12dependenciesNtB5_19RealCommandExecutorNtB5_15CommandExecutor16execute_outdated
FNDA:4,_RNvXs0_NtNtNtNtCshjNxrFoUmw3_16cargo_quickstart8commands6doctor6checks12dependenciesNtB5_19RealCommandExecutorNtB5_15CommandExecutor20is_command_available
FNDA:11,_RNvXs3_NtNtNtNtCshjNxrFoUmw3_16cargo_quickstart8commands6doctor6checks12dependenciesNtB5_17DependenciesCheckNtNtB9_9diagnosis5Check3run
FNDA:9,_RNvXs5_NtNtNtNtCshjNxrFoUmw3_16cargo_quickstart8commands6doctor6checks12dependenciesNtB5_19MockCommandExecutorNtNtCsf3ugU19TBud_4core7default7Default7default
FNDA:9,_RNvXs6_NtNtNtNtCshjNxrFoUmw3_16cargo_quickstart8commands6doctor6checks12dependenciesNtB5_35MockCommandExecutor_CommandExecutorNtNtCsf3ugU19TBud_4core7default7Default7default
FNDA:6,_RNvXs_NtNtNtNtCshjNxrFoUmw3_16cargo_quickstart8commands6doctor6checks12dependenciesNtB4_19RealCommandExecutorNtNtNtCsf3ugU19TBud_4core3ops4drop4Drop4drop
FNDA:18,_RINvMs4_NtNtNtNtNtNtCshjNxrFoUmw3_16cargo_quickstart8commands6doctor6checks12dependencies42___mock_MockCommandExecutor_CommandExecutor22___is_command_availableNtB6_6Common4withINtNtCs4Do0HtEou8q_10predicates3ord11EqPredicateReEEBi_
FNDA:18,_RINvMs6_NtNtNtNtNtNtCshjNxrFoUmw3_16cargo_quickstart8commands6doctor6checks12dependencies42___mock_MockCommandExecutor_CommandExecutor22___is_command_availableNtB6_11Expectation4withINtNtCs4Do0HtEou8q_10predicates3ord11EqPredicateReEEBi_
FNDA:18,_RINvMs6_NtNtNtNtNtNtCshjNxrFoUmw3_16cargo_quickstart8commands6doctor6checks12dependencies42___mock_MockCommandExecutor_CommandExecutor22___is_command_availableNtB6_11Expectation9returningNCINvB2_12return_constbE0EBi_
FNDA:18,_RNCINvMs6_NtNtNtNtNtNtCshjNxrFoUmw3_16cargo_quickstart8commands6doctor6checks12dependencies42___mock_MockCommandExecutor_CommandExecutor22___is_command_availableNtB8_11Expectation12return_constbE0Bk_
FNDA:27,_RNCNvMs0_NtNtNtNtNtNtCshjNxrFoUmw3_16cargo_quickstart8commands6doctor6checks12dependencies42___mock_MockCommandExecutor_CommandExecutor22___is_command_availableNtB7_7Matcher7matches0Bj_
FNDA:18,_RNCNvMsa_NtNtNtNtNtNtCshjNxrFoUmw3_16cargo_quickstart8commands6doctor6checks12dependencies42___mock_MockCommandExecutor_CommandExecutor22___is_command_availableNtB7_12Expectations4calls_0Bj_
FNDA:18,_RNvMs4_NtNtNtNtNtNtCshjNxrFoUmw3_16cargo_quickstart8commands6doctor6checks12dependencies42___mock_MockCommandExecutor_CommandExecutor22___is_command_availableNtB5_6Common7is_done
FNDA:27,_RNvMs4_NtNtNtNtNtNtCshjNxrFoUmw3_16cargo_quickstart8commands6doctor6checks12dependencies42___mock_MockCommandExecutor_CommandExecutor22___is_command_availableNtB5_6Common7matches
FNDA:18,_RNvMs6_NtNtNtNtNtNtCshjNxrFoUmw3_16cargo_quickstart8commands6doctor6checks12dependencies42___mock_MockCommandExecutor_CommandExecutor22___is_command_availableNtB5_11Expectation7is_done
FNDA:27,_RNvMs6_NtNtNtNtNtNtCshjNxrFoUmw3_16cargo_quickstart8commands6doctor6checks12dependencies42___mock_MockCommandExecutor_CommandExecutor22___is_command_availableNtB5_11Expectation7matches
FNDA:9,_RNvMs8_NtNtNtNtNtNtCshjNxrFoUmw3_16cargo_quickstart8commands6doctor6checks12dependencies42___mock_MockCommandExecutor_CommandExecutor22___is_command_availableNtB5_12Expectations3new
FNDA:18,_RNvMs8_NtNtNtNtNtNtCshjNxrFoUmw3_16cargo_quickstart8commands6doctor6checks12dependencies42___mock_MockCommandExecutor_CommandExecutor22___is_command_availableNtB5_12Expectations6expect
FNDA:15,_RNvXs1_NtNtNtNtCshjNxrFoUmw3_16cargo_quickstart8commands6doctor6checks12dependenciesNtB5_17DependenciesCheckNtNtNtCsf3ugU19TBud_4core3ops4drop4Drop4drop
FNDA:18,_RNvXs1_NtNtNtNtNtNtCshjNxrFoUmw3_16cargo_quickstart8commands6doctor6checks12dependencies42___mock_MockCommandExecutor_CommandExecutor22___is_command_availableNtB5_7MatcherNtNtCsf3ugU19TBud_4core7default7Default7default
FNDA:3,_RNvXs3_NtNtNtNtCshjNxrFoUmw3_16cargo_quickstart8commands6doctor6checks12dependenciesNtB5_17DependenciesCheckNtNtB9_9diagnosis5Check11description
FNDA:36,_RNvXs3_NtNtNtNtCshjNxrFoUmw3_16cargo_quickstart8commands6doctor6checks12dependenciesNtB5_17DependenciesCheckNtNtB9_9diagnosis5Check4name
FNDA:36,_RNvXs3_NtNtNtNtCshjNxrFoUmw3_16cargo_quickstart8commands6doctor6checks12dependenciesNtB5_17DependenciesCheckNtNtB9_9diagnosis5Check8category
FNDA:18,_RNvXs3_NtNtNtNtNtNtCshjNxrFoUmw3_16cargo_quickstart8commands6doctor6checks12dependencies42___mock_MockCommandExecutor_CommandExecutor22___is_command_availableNtB5_6CommonNtNtCsf3ugU19TBud_4core7default7Default7default
[...]
FN:37,_RNvMNtNtCsPJoNaQwrzK_14quickstart_lib8template6loaderNtB2_14TemplateLoader15template_exists
FN:135,_RNvMNtNtCsPJoNaQwrzK_14quickstart_lib8template6loaderNtB2_14TemplateLoader20get_destination_path
FN:97,_RNvMNtNtCsPJoNaQwrzK_14quickstart_lib8template6loaderNtB2_14TemplateLoader26collect_templates_from_dir
FN:178,_RNvMNtNtCsPJoNaQwrzK_14quickstart_lib8template6loaderNtB2_14TemplateLoader9base_path
FN:21,_RINvMNtNtCsPJoNaQwrzK_14quickstart_lib8template6loaderNtB3_14TemplateLoader3newNtNtCs9Hp0xAO7C7G_3std4path7PathBufECshjNxrFoUmw3_16cargo_quickstart
FN:21,_RINvMNtNtCsPJoNaQwrzK_14quickstart_lib8template6loaderNtB3_14TemplateLoader3newRNtNtCs9Hp0xAO7C7G_3std4path4PathECshjNxrFoUmw3_16cargo_quickstart
FN:21,_RINvMNtNtCshc8EGbB5EFa_14quickstart_lib8template6loaderNtB3_14TemplateLoader3newNtNtCs9Hp0xAO7C7G_3std4path7PathBufEB7_
FN:21,_RINvMNtNtCshc8EGbB5EFa_14quickstart_lib8template6loaderNtB3_14TemplateLoader3newRNtNtCs9Hp0xAO7C7G_3std4path4PathEB7_
FN:30,_RNCNvMNtNtCshc8EGbB5EFa_14quickstart_lib8template6loaderNtB4_14TemplateLoader13load_template0B8_
FN:138,_RNCNvMNtNtCshc8EGbB5EFa_14quickstart_lib8template6loaderNtB4_14TemplateLoader20get_destination_path0B8_
FN:106,_RNCNvMNtNtCshc8EGbB5EFa_14quickstart_lib8template6loaderNtB4_14TemplateLoader26collect_templates_from_dir0B8_
FN:110,_RNCNvMNtNtCshc8EGbB5EFa_14quickstart_lib8template6loaderNtB4_14TemplateLoader26collect_templates_from_dirs_0B8_
FN:28,_RNvMNtNtCshc8EGbB5EFa_14quickstart_lib8template6loaderNtB2_14TemplateLoader13load_template
FN:43,_RNvMNtNtCshc8EGbB5EFa_14quickstart_lib8template6loaderNtB2_14TemplateLoader14list_templates
FN:37,_RNvMNtNtCshc8EGbB5EFa_14quickstart_lib8template6loaderNtB2_14TemplateLoader15template_exists
FN:135,_RNvMNtNtCshc8EGbB5EFa_14quickstart_lib8template6loaderNtB2_14TemplateLoader20get_destination_path
FN:97,_RNvMNtNtCshc8EGbB5EFa_14quickstart_lib8template6loaderNtB2_14TemplateLoader26collect_templates_from_dir
FN:178,_RNvMNtNtCshc8EGbB5EFa_14quickstart_lib8template6loaderNtB2_14TemplateLoader9base_path
FN:261,_RNCNvNtNtNtCshc8EGbB5EFa_14quickstart_lib8template6loader5testss_19test_list_templates0B9_
FN:264,_RNCNvNtNtNtCshc8EGbB5EFa_14quickstart_lib8template6loader5testss_19test_list_templatess_0B9_
FN:190,_RNvNtNtNtCshc8EGbB5EFa_14quickstart_lib8template6loader5tests24create_test_template_dir
FN:229,_RNvNtNtNtCshc8EGbB5EFa_14quickstart_lib8template6loader5testss_18test_load_template
FN:247,_RNvNtNtNtCshc8EGbB5EFa_14quickstart_lib8template6loader5testss_19test_list_templates
FN:238,_RNvNtNtNtCshc8EGbB5EFa_14quickstart_lib8template6loader5testss_20test_template_exists
FN:271,_RNvNtNtNtCshc8EGbB5EFa_14quickstart_lib8template6loader5testss_25test_get_destination_path
FNDA:0,_RINvMNtNtCsPJoNaQwrzK_14quickstart_lib8template6loaderNtB3_14TemplateLoader3newNtNtCs9Hp0xAO7C7G_3std4path7PathBufECs18g0SCwlAMm_16cargo_quickstart
FNDA:6,_RINvMNtNtCsPJoNaQwrzK_14quickstart_lib8template6loaderNtB3_14TemplateLoader3newNtNtCs9Hp0xAO7C7G_3std4path7PathBufEB7_
FNDA:0,_RNCNvMNtNtCsPJoNaQwrzK_14quickstart_lib8template6loaderNtB4_14TemplateLoader13load_template0B8_
FNDA:0,_RNCNvMNtNtCsPJoNaQwrzK_14quickstart_lib8template6loaderNtB4_14TemplateLoader20get_destination_path0B8_
FNDA:0,_RNCNvMNtNtCsPJoNaQwrzK_14quickstart_lib8template6loaderNtB4_14TemplateLoader26collect_templates_from_dir0B8_
FNDA:0,_RNCNvMNtNtCsPJoNaQwrzK_14quickstart_lib8template6loaderNtB4_14TemplateLoader26collect_templates_from_dirs_0B8_
FNDA:8,_RNvMNtNtCsPJoNaQwrzK_14quickstart_lib8template6loaderNtB2_14TemplateLoader13load_template
FNDA:18,_RNvMNtNtCsPJoNaQwrzK_14quickstart_lib8template6loaderNtB2_14TemplateLoader14list_templates
FNDA:0,_RNvMNtNtCsPJoNaQwrzK_14quickstart_lib8template6loaderNtB2_14TemplateLoader15template_exists
FNDA:8,_RNvMNtNtCsPJoNaQwrzK_14quickstart_lib8template6loaderNtB2_14TemplateLoader20get_destination_path
FNDA:43,_RNvMNtNtCsPJoNaQwrzK_14quickstart_lib8template6loaderNtB2_14TemplateLoader26collect_templates_from_dir
FNDA:61,_RNvMNtNtCsPJoNaQwrzK_14quickstart_lib8template6loaderNtB2_14TemplateLoader9base_path
FNDA:1,_RINvMNtNtCsPJoNaQwrzK_14quickstart_lib8template6loaderNtB3_14TemplateLoader3newNtNtCs9Hp0xAO7C7G_3std4path7PathBufECshjNxrFoUmw3_16cargo_quickstart
FNDA:2,_RINvMNtNtCsPJoNaQwrzK_14quickstart_lib8template6loaderNtB3_14TemplateLoader3newRNtNtCs9Hp0xAO7C7G_3std4path4PathECshjNxrFoUmw3_16cargo_quickstart
FNDA:1,_RINvMNtNtCshc8EGbB5EFa_14quickstart_lib8template6loaderNtB3_14TemplateLoader3newNtNtCs9Hp0xAO7C7G_3std4path7PathBufEB7_
FNDA:4,_RINvMNtNtCshc8EGbB5EFa_14quickstart_lib8template6loaderNtB3_14TemplateLoader3newRNtNtCs9Hp0xAO7C7G_3std4path4PathEB7_
FNDA:0,_RNCNvMNtNtCshc8EGbB5EFa_14quickstart_lib8template6loaderNtB4_14TemplateLoader13load_template0B8_
FNDA:0,_RNCNvMNtNtCshc8EGbB5EFa_14quickstart_lib8template6loaderNtB4_14TemplateLoader20get_destination_path0B8_
FNDA:0,_RNCNvMNtNtCshc8EGbB5EFa_14quickstart_lib8template6loaderNtB4_14TemplateLoader26collect_templates_from_dir0B8_
FNDA:0,_RNCNvMNtNtCshc8EGbB5EFa_14quickstart_lib8template6loaderNtB4_14TemplateLoader26collect_templates_from_dirs_0B8_
FNDA:1,_RNvMNtNtCshc8EGbB5EFa_14quickstart_lib8template6loaderNtB2_14TemplateLoader13load_template
FNDA:2,_RNvMNtNtCshc8EGbB5EFa_14quickstart_lib8template6loaderNtB2_14TemplateLoader14list_templates
FNDA:2,_RNvMNtNtCshc8EGbB5EFa_14quickstart_lib8template6loaderNtB2_14TemplateLoader15template_exists
FNDA:1,_RNvMNtNtCshc8EGbB5EFa_14quickstart_lib8template6loaderNtB2_14TemplateLoader20get_destination_path
FNDA:5,_RNvMNtNtCshc8EGbB5EFa_14quickstart_lib8template6loaderNtB2_14TemplateLoader26collect_templates_from_dir
FNDA:0,_RNvMNtNtCshc8EGbB5EFa_14quickstart_lib8template6loaderNtB2_14TemplateLoader9base_path
FNDA:1,_RNCNvNtNtNtCshc8EGbB5EFa_14quickstart_lib8template6loader5testss_19test_list_templates0B9_
FNDA:2,_RNCNvNtNtNtCshc8EGbB5EFa_14quickstart_lib8template6loader5testss_19test_list_templatess_0B9_
FNDA:4,_RNvNtNtNtCshc8EGbB5EFa_14quickstart_lib8template6loader5tests24create_test_template_dir
FNDA:1,_RNvNtNtNtCshc8EGbB5EFa_14quickstart_lib8template6loader5testss_18test_load_template
FNDA:1,_RNvNtNtNtCshc8EGbB5EFa_14quickstart_lib8template6loader5testss_19test_list_templates
FNDA:1,_RNvNtNtNtCshc8EGbB5EFa_14quickstart_lib8template6loader5testss_20test_template_exists
FNDA:1,_RNvNtNtNtCshc8EGbB5EFa_14quickstart_lib8template6loader5testss_25test_get_destination_path
FNF:18
FNH:14
DA:21,14
DA:22,14
DA:23,14
DA:24,14
DA:25,14
DA:28,9
DA:29,9
DA:30,9
DA:31,0
DA:32,0
DA:33,0
DA:34,9
DA:37,2
DA:38,2
DA:39,2
DA:40,2
DA:43,20
DA:44,20
DA:45,20
DA:46,20
DA:47,20
DA:49,20
DA:50,13
DA:51,7
DA:54,20
DA:55,7
DA:56,13
DA:59,20
DA:60,20
DA:61,20
DA:62,20
DA:63,20
DA:64,20
DA:65,20
DA:66,20
DA:67,7
DA:68,7
DA:69,7
DA:70,7
DA:71,13
DA:74,13
DA:75,12
DA:76,12
DA:78,1
DA:79,1
DA:83,13
DA:84,13
DA:85,13
DA:86,13
DA:87,13
DA:88,104
DA:89,91
DA:90,91
DA:92,13
DA:93,20
DA:97,48
DA:98,48
DA:99,0
DA:100,0
DA:101,0
DA:102,48
DA:103,48
DA:104,48
DA:106,120
DA:107,0
DA:108,0
DA:109,0
DA:110,120
DA:111,0
DA:112,0
DA:113,0
DA:115,120
DA:116,120
DA:117,120
DA:119,23
DA:120,23
DA:123,97
DA:124,91
DA:125,91
DA:126,91
DA:127,6
DA:131,48
DA:132,48
DA:135,9
DA:136,9
DA:137,9
DA:138,9
DA:141,9
DA:142,9
DA:143,9
DA:144,9
DA:147,9
DA:148,9
DA:149,9
DA:150,4
DA:152,4
DA:153,4
DA:155,0
DA:158,5
DA:161,0
DA:165,9
DA:168,9
DA:169,9
DA:170,9
DA:171,0
DA:172,0
DA:174,0
DA:175,9
DA:178,61
DA:179,61
DA:180,61
DA:190,4
DA:191,4
DA:192,4
DA:193,4
DA:194,4
DA:195,4
DA:196,4
DA:197,4
DA:198,4
DA:199,4
DA:200,4
DA:201,4
DA:202,4
DA:203,4
DA:204,4
DA:205,4
DA:206,4
DA:207,4
DA:208,4
DA:209,4
DA:210,4
DA:211,4
DA:212,4
DA:213,4
DA:214,4
DA:215,4
DA:216,4
DA:217,4
DA:218,4
DA:219,4
DA:220,4
DA:221,4
DA:222,4
DA:223,4
DA:224,4
DA:225,4
DA:226,4
DA:229,1
DA:230,1
DA:231,1
DA:232,1
DA:233,1
DA:234,1
DA:235,1
DA:238,1
DA:239,1
DA:240,1
DA:241,1
DA:242,1
DA:243,1
DA:244,1
DA:247,1
DA:248,1
DA:249,1
DA:250,1
DA:251,1
DA:252,1
DA:253,1
DA:254,1
DA:255,1
DA:256,1
DA:259,1
DA:260,1
DA:261,1
DA:262,1
DA:263,1
DA:264,2
DA:266,1
DA:267,1
DA:268,1
DA:271,1
DA:272,1
DA:273,1
DA:274,1
DA:275,1
DA:276,1
DA:277,1
DA:278,1
DA:279,1
DA:280,1
DA:281,1
DA:282,1
BRF:0
BRH:0
LF:201
LH:178
end_of_record
SF:/Users/smeya/git/cargo-quickstart/crates/quickstart-lib/src/template/mod.rs
FN:24,_RNvXNtCsPJoNaQwrzK_14quickstart_lib8templateNtB2_15TemplateVariantNtNtCsf3ugU19TBud_4core7default7Default7default
FN:70,_RNvNtNtCshc8EGbB5EFa_14quickstart_lib8template5testss_26test_template_variant_enum
FN:24,_RNvXNtCshc8EGbB5EFa_14quickstart_lib8templateNtB2_15TemplateVariantNtNtCsf3ugU19TBud_4core7default7Default7default
FN:104,_RINvNvNtNtCshc8EGbB5EFa_14quickstart_lib8template5testss_16test_result_type12takes_resulthEB8_
FN:103,_RNvNtNtCshc8EGbB5EFa_14quickstart_lib8template5testss_16test_result_type
FN:80,_RNvNtNtCshc8EGbB5EFa_14quickstart_lib8template5testss_28test_template_error_variants
FNDA:0,_RNvXNtCsPJoNaQwrzK_14quickstart_lib8templateNtB2_15TemplateVariantNtNtCsf3ugU19TBud_4core7default7Default7default
FNDA:1,_RNvNtNtCshc8EGbB5EFa_14quickstart_lib8template5testss_26test_template_variant_enum
FNDA:1,_RNvXNtCshc8EGbB5EFa_14quickstart_lib8templateNtB2_15TemplateVariantNtNtCsf3ugU19TBud_4core7default7Default7default
FNDA:2,_RINvNvNtNtCshc8EGbB5EFa_14quickstart_lib8template5testss_16test_result_type12takes_resulthEB8_
FNDA:1,_RNvNtNtCshc8EGbB5EFa_14quickstart_lib8template5testss_16test_result_type
FNDA:1,_RNvNtNtCshc8EGbB5EFa_14quickstart_lib8template5testss_28test_template_error_variants
FNF:5
FNH:5
DA:24,1
DA:25,1
DA:26,1
DA:70,1
DA:71,1
DA:72,1
DA:73,1
DA:74,1
DA:77,1
DA:80,1
DA:81,1
DA:82,1
DA:83,1
DA:84,1
DA:85,1
DA:86,1
DA:89,1
DA:90,1
DA:91,1
DA:92,1
DA:93,1
DA:96,1
DA:97,1
DA:98,1
DA:99,1
DA:100,1
DA:103,1
DA:104,2
DA:105,2
DA:106,2
DA:107,1
DA:108,1
DA:109,1
DA:110,1
DA:111,1
BRF:0
BRH:0
LF:35
LH:35
end_of_record
SF:/Users/smeya/git/cargo-quickstart/crates/quickstart-lib/src/template/variables.rs
FN:104,_RNvMNtNtCsPJoNaQwrzK_14quickstart_lib8template9variablesNtB2_17TemplateVariables11from_config
FN:104,_RNvMNtNtCshc8EGbB5EFa_14quickstart_lib8template9variablesNtB2_17TemplateVariables11from_config
FN:160,_RNvMNtNtCshc8EGbB5EFa_14quickstart_lib8template9variablesNtB2_17TemplateVariables22default_test_variables
FNDA:6,_RNvMNtNtCsPJoNaQwrzK_14quickstart_lib8template9variablesNtB2_17TemplateVariables11from_config
FNDA:1,_RNvMNtNtCshc8EGbB5EFa_14quickstart_lib8template9variablesNtB2_17TemplateVariables11from_config
FNDA:7,_RNvMNtNtCshc8EGbB5EFa_14quickstart_lib8template9variablesNtB2_17TemplateVariables22default_test_variables
FNF:2
FNH:2
DA:104,7
DA:105,7
DA:106,7
DA:107,7
DA:108,7
DA:109,7
DA:110,7
DA:111,7
DA:112,7
DA:113,7
DA:114,7
DA:117,7
DA:118,7
DA:121,7
DA:122,7
DA:123,7
DA:124,7
DA:125,7
DA:126,7
DA:127,7
DA:128,7
DA:129,7
DA:130,7
DA:131,7
DA:132,7
DA:133,7
DA:134,7
DA:135,7
DA:136,7
DA:137,7
DA:138,7
DA:139,7
DA:140,7
DA:141,7
DA:142,7
DA:143,7
DA:144,7
DA:145,7
DA:146,7
DA:147,7
DA:148,7
DA:149,7
DA:150,7
DA:151,7
DA:152,7
DA:153,7
DA:154,7
DA:155,7
DA:156,7
DA:160,7
DA:161,7
DA:162,7
DA:163,7
DA:164,7
DA:165,7
DA:166,7
DA:167,7
DA:168,7
DA:169,7
DA:170,7
DA:171,7
DA:172,7
DA:173,7
DA:174,7
DA:175,7
DA:176,7
DA:177,7
DA:178,7
DA:179,7
DA:180,7
DA:181,7
DA:182,7
DA:183,7
DA:184,7
DA:185,7
DA:186,7
DA:187,7
DA:188,7
DA:189,7
DA:190,7
DA:191,7
BRF:0
BRH:0
LF:81
LH:81
end_of_record
SF:/Users/smeya/git/cargo-quickstart/crates/quickstart-lib/src/tools/helpers.rs
FN:31,_RNCNvXNtNtCsPJoNaQwrzK_14quickstart_lib5tools7helpersNtB4_15LowercaseHelperNtNtCs7OqAZrU4tHQ_10handlebars7helpers9HelperDef4call0B8_
FN:85,_RNCNvXs0_NtNtCsPJoNaQwrzK_14quickstart_lib5tools7helpersNtB7_15SnakeCaseHelperNtNtCs7OqAZrU4tHQ_10handlebars7helpers9HelperDef4call0Bb_
FN:113,_RNCNvXs1_NtNtCsPJoNaQwrzK_14quickstart_lib5tools7helpersNtB7_15KebabCaseHelperNtNtCs7OqAZrU4tHQ_10handlebars7helpers9HelperDef4call0Bb_
FN:58,_RNCNvXs_NtNtCsPJoNaQwrzK_14quickstart_lib5tools7helpersNtB6_15UppercaseHelperNtNtCs7OqAZrU4tHQ_10handlebars7helpers9HelperDef4call0Ba_
FN:155,_RNvNtNtCsPJoNaQwrzK_14quickstart_lib5tools7helpers13to_kebab_case
FN:129,_RNvNtNtCsPJoNaQwrzK_14quickstart_lib5tools7helpers13to_snake_case
FN:23,_RNvXNtNtCsPJoNaQwrzK_14quickstart_lib5tools7helpersNtB2_15LowercaseHelperNtNtCs7OqAZrU4tHQ_10handlebars7helpers9HelperDef4call
FN:77,_RNvXs0_NtNtCsPJoNaQwrzK_14quickstart_lib5tools7helpersNtB5_15SnakeCaseHelperNtNtCs7OqAZrU4tHQ_10handlebars7helpers9HelperDef4call
FN:105,_RNvXs1_NtNtCsPJoNaQwrzK_14quickstart_lib5tools7helpersNtB5_15KebabCaseHelperNtNtCs7OqAZrU4tHQ_10handlebars7helpers9HelperDef4call
FN:50,_RNvXs_NtNtCsPJoNaQwrzK_14quickstart_lib5tools7helpersNtB4_15UppercaseHelperNtNtCs7OqAZrU4tHQ_10handlebars7helpers9HelperDef4call
FN:188,_RNvNtNtNtCshc8EGbB5EFa_14quickstart_lib5tools7helpers5testss_21test_lowercase_helper
FN:202,_RNvNtNtNtCshc8EGbB5EFa_14quickstart_lib5tools7helpers5testss_21test_uppercase_helper
FN:230,_RNvNtNtNtCshc8EGbB5EFa_14quickstart_lib5tools7helpers5testss_22test_kebab_case_helper
FN:216,_RNvNtNtNtCshc8EGbB5EFa_14quickstart_lib5tools7helpers5testss_22test_snake_case_helper
FN:243,_RNvNtNtNtCshc8EGbB5EFa_14quickstart_lib5tools7helpers5testss_25test_helper_missing_param
FN:264,_RNvNtNtNtCshc8EGbB5EFa_14quickstart_lib5tools7helpers5testss_28test_helper_non_string_param
FN:294,_RNvNtNtNtCshc8EGbB5EFa_14quickstart_lib5tools7helpers5testss_29test_to_kebab_case_edge_cases
FN:285,_RNvNtNtNtCshc8EGbB5EFa_14quickstart_lib5tools7helpers5testss_29test_to_snake_case_edge_cases
FN:31,_RNCNvXNtNtCshc8EGbB5EFa_14quickstart_lib5tools7helpersNtB4_15LowercaseHelperNtNtCs7OqAZrU4tHQ_10handlebars7helpers9HelperDef4call0B8_
FN:85,_RNCNvXs0_NtNtCshc8EGbB5EFa_14quickstart_lib5tools7helpersNtB7_15SnakeCaseHelperNtNtCs7OqAZrU4tHQ_10handlebars7helpers9HelperDef4call0Bb_
FN:113,_RNCNvXs1_NtNtCshc8EGbB5EFa_14quickstart_lib5tools7helpersNtB7_15KebabCaseHelperNtNtCs7OqAZrU4tHQ_10handlebars7helpers9HelperDef4call0Bb_
FN:58,_RNCNvXs_NtNtCshc8EGbB5EFa_14quickstart_lib5tools7helpersNtB6_15UppercaseHelperNtNtCs7OqAZrU4tHQ_10handlebars7helpers9HelperDef4call0Ba_
FN:155,_RNvNtNtCshc8EGbB5EFa_14quickstart_lib5tools7helpers13to_kebab_case
FN:129,_RNvNtNtCshc8EGbB5EFa_14quickstart_lib5tools7helpers13to_snake_case
FN:23,_RNvXNtNtCshc8EGbB5EFa_14quickstart_lib5tools7helpersNtB2_15LowercaseHelperNtNtCs7OqAZrU4tHQ_10handlebars7helpers9HelperDef4call
FN:77,_RNvXs0_NtNtCshc8EGbB5EFa_14quickstart_lib5tools7helpersNtB5_15SnakeCaseHelperNtNtCs7OqAZrU4tHQ_10handlebars7helpers9HelperDef4call
FN:105,_RNvXs1_NtNtCshc8EGbB5EFa_14quickstart_lib5tools7helpersNtB5_15KebabCaseHelperNtNtCs7OqAZrU4tHQ_10handlebars7helpers9HelperDef4call
FN:50,_RNvXs_NtNtCshc8EGbB5EFa_14quickstart_lib5tools7helpersNtB4_15UppercaseHelperNtNtCs7OqAZrU4tHQ_10handlebars7helpers9HelperDef4call
FNDA:0,_RNCNvXNtNtCsPJoNaQwrzK_14quickstart_lib5tools7helpersNtB4_15LowercaseHelperNtNtCs7OqAZrU4tHQ_10handlebars7helpers9HelperDef4call0B8_
FNDA:0,_RNCNvXs0_NtNtCsPJoNaQwrzK_14quickstart_lib5tools7helpersNtB7_15SnakeCaseHelperNtNtCs7OqAZrU4tHQ_10handlebars7helpers9HelperDef4call0Bb_
FNDA:0,_RNCNvXs1_NtNtCsPJoNaQwrzK_14quickstart_lib5tools7helpersNtB7_15KebabCaseHelperNtNtCs7OqAZrU4tHQ_10handlebars7helpers9HelperDef4call0Bb_
FNDA:0,_RNCNvXs_NtNtCsPJoNaQwrzK_14quickstart_lib5tools7helpersNtB6_15UppercaseHelperNtNtCs7OqAZrU4tHQ_10handlebars7helpers9HelperDef4call0Ba_
FNDA:0,_RNvNtNtCsPJoNaQwrzK_14quickstart_lib5tools7helpers13to_kebab_case
FNDA:0,_RNvNtNtCsPJoNaQwrzK_14quickstart_lib5tools7helpers13to_snake_case
FNDA:0,_RNvXNtNtCsPJoNaQwrzK_14quickstart_lib5tools7helpersNtB2_15LowercaseHelperNtNtCs7OqAZrU4tHQ_10handlebars7helpers9HelperDef4call
FNDA:0,_RNvXs0_NtNtCsPJoNaQwrzK_14quickstart_lib5tools7helpersNtB5_15SnakeCaseHelperNtNtCs7OqAZrU4tHQ_10handlebars7helpers9HelperDef4call
FNDA:0,_RNvXs1_NtNtCsPJoNaQwrzK_14quickstart_lib5tools7helpersNtB5_15KebabCaseHelperNtNtCs7OqAZrU4tHQ_10handlebars7helpers9HelperDef4call
FNDA:0,_RNvXs_NtNtCsPJoNaQwrzK_14quickstart_lib5tools7helpersNtB4_15UppercaseHelperNtNtCs7OqAZrU4tHQ_10handlebars7helpers9HelperDef4call
FNDA:1,_RNvNtNtNtCshc8EGbB5EFa_14quickstart_lib5tools7helpers5testss_21test_lowercase_helper
FNDA:1,_RNvNtNtNtCshc8EGbB5EFa_14quickstart_lib5tools7helpers5testss_21test_uppercase_helper
FNDA:1,_RNvNtNtNtCshc8EGbB5EFa_14quickstart_lib5tools7helpers5testss_22test_kebab_case_helper
FNDA:1,_RNvNtNtNtCshc8EGbB5EFa_14quickstart_lib5tools7helpers5testss_22test_snake_case_helper
FNDA:1,_RNvNtNtNtCshc8EGbB5EFa_14quickstart_lib5tools7helpers5testss_25test_helper_missing_param
FNDA:1,_RNvNtNtNtCshc8EGbB5EFa_14quickstart_lib5tools7helpers5testss_28test_helper_non_string_param
FNDA:1,_RNvNtNtNtCshc8EGbB5EFa_14quickstart_lib5tools7helpers5testss_29test_to_kebab_case_edge_cases
FNDA:1,_RNvNtNtNtCshc8EGbB5EFa_14quickstart_lib5tools7helpers5testss_29test_to_snake_case_edge_cases
FNDA:1,_RNCNvXNtNtCshc8EGbB5EFa_14quickstart_lib5tools7helpersNtB4_15LowercaseHelperNtNtCs7OqAZrU4tHQ_10handlebars7helpers9HelperDef4call0B8_
FNDA:1,_RNCNvXs0_NtNtCshc8EGbB5EFa_14quickstart_lib5tools7helpersNtB7_15SnakeCaseHelperNtNtCs7OqAZrU4tHQ_10handlebars7helpers9HelperDef4call0Bb_
FNDA:1,_RNCNvXs1_NtNtCshc8EGbB5EFa_14quickstart_lib5tools7helpersNtB7_15KebabCaseHelperNtNtCs7OqAZrU4tHQ_10handlebars7helpers9HelperDef4call0Bb_
FNDA:1,_RNCNvXs_NtNtCshc8EGbB5EFa_14quickstart_lib5tools7helpersNtB6_15UppercaseHelperNtNtCs7OqAZrU4tHQ_10handlebars7helpers9HelperDef4call0Ba_
FNDA:7,_RNvNtNtCshc8EGbB5EFa_14quickstart_lib5tools7helpers13to_kebab_case
FNDA:7,_RNvNtNtCshc8EGbB5EFa_14quickstart_lib5tools7helpers13to_snake_case
FNDA:3,_RNvXNtNtCshc8EGbB5EFa_14quickstart_lib5tools7helpersNtB2_15LowercaseHelperNtNtCs7OqAZrU4tHQ_10handlebars7helpers9HelperDef4call
FNDA:3,_RNvXs0_NtNtCshc8EGbB5EFa_14quickstart_lib5tools7helpersNtB5_15SnakeCaseHelperNtNtCs7OqAZrU4tHQ_10handlebars7helpers9HelperDef4call
FNDA:3,_RNvXs1_NtNtCshc8EGbB5EFa_14quickstart_lib5tools7helpersNtB5_15KebabCaseHelperNtNtCs7OqAZrU4tHQ_10handlebars7helpers9HelperDef4call
FNDA:3,_RNvXs_NtNtCshc8EGbB5EFa_14quickstart_lib5tools7helpersNtB4_15UppercaseHelperNtNtCs7OqAZrU4tHQ_10handlebars7helpers9HelperDef4call
FNF:18
FNH:18
DA:23,3
DA:24,3
DA:25,3
DA:26,3
DA:27,3
DA:28,3
DA:29,3
DA:30,3
DA:31,3
DA:32,1
DA:33,1
DA:34,1
DA:35,1
DA:36,1
DA:38,2
DA:39,2
DA:41,2
DA:42,3
DA:50,3
DA:51,3
DA:52,3
DA:53,3
DA:54,3
DA:55,3
DA:56,3
DA:57,3
DA:58,3
DA:59,1
DA:60,1
DA:61,1
DA:62,1
DA:63,1
DA:65,2
DA:66,2
DA:68,2
DA:69,3
DA:77,3
DA:78,3
DA:79,3
DA:80,3
DA:81,3
DA:82,3
DA:83,3
DA:84,3
DA:85,3
DA:86,1
DA:87,1
DA:88,1
DA:89,1
DA:90,1
DA:92,2
DA:93,2
DA:94,2
DA:96,2
DA:97,3
DA:105,3
DA:106,3
DA:107,3
DA:108,3
DA:109,3
DA:110,3
DA:111,3
DA:112,3
DA:113,3
DA:114,1
DA:115,1
DA:116,1
DA:117,1
DA:118,1
DA:120,2
DA:121,2
DA:122,2
DA:124,2
DA:125,3
DA:129,7
DA:130,7
DA:131,7
DA:132,49
DA:133,49
DA:134,7
DA:135,4
DA:136,4
DA:137,7
DA:138,7
DA:139,7
DA:140,7
DA:141,42
DA:142,3
DA:143,3
DA:144,3
DA:145,3
DA:146,39
DA:147,39
DA:148,39
DA:149,39
DA:151,7
DA:152,7
DA:155,7
DA:156,7
DA:157,7
DA:158,56
DA:159,56
DA:160,5
DA:161,3
DA:162,3
DA:163,5
DA:164,5
DA:165,5
DA:166,5
DA:167,51
DA:168,4
DA:169,4
DA:170,4
DA:171,4
DA:172,47
DA:173,47
DA:174,47
DA:175,47
DA:177,7
DA:178,7
DA:188,1
DA:189,1
DA:190,1
DA:191,1
DA:192,1
DA:193,1
DA:194,1
DA:195,1
DA:196,1
DA:197,1
DA:198,1
DA:202,1
DA:203,1
DA:204,1
DA:205,1
DA:206,1
DA:207,1
DA:208,1
DA:209,1
DA:210,1
DA:211,1
DA:212,1
DA:216,1
DA:217,1
DA:218,1
DA:219,1
DA:220,1
DA:221,1
DA:222,1
DA:223,1
DA:224,1
DA:225,1
DA:226,1
DA:230,1
DA:231,1
DA:232,1
DA:233,1
DA:234,1
DA:235,1
DA:236,1
DA:237,1
DA:238,1
DA:239,1
DA:240,1
DA:243,1
DA:244,1
DA:245,1
DA:246,1
DA:247,1
DA:248,1
DA:249,1
DA:250,1
DA:251,5
DA:252,4
DA:253,4
DA:254,4
DA:255,4
DA:256,4
DA:257,0
DA:260,1
DA:264,1
DA:265,1
DA:266,1
DA:267,1
DA:268,1
DA:269,1
DA:270,1
DA:271,1
DA:272,1
DA:273,1
DA:274,1
DA:275,5
DA:276,4
DA:277,4
DA:278,4
DA:279,4
DA:280,4
DA:282,1
DA:285,1
DA:286,1
DA:287,1
DA:288,1
DA:289,1
DA:290,1
DA:291,1
DA:294,1
DA:295,1
DA:296,1
DA:297,1
DA:298,1
DA:299,1
DA:300,1
BRF:0
BRH:0
LF:220
LH:219
end_of_record