SF:/Users/smeya/git/cargo-quickstart/crates/quickstart-cli/src/args.rs
FN:211,_RNvNtCsdRS28FRhyO9_16cargo_quickstart4args16validate_edition
FN:219,_RNvNtCsdRS28FRhyO9_16cargo_quickstart4args16validate_license
FN:198,_RNvXNtCsdRS28FRhyO9_16cargo_quickstart4argsNtB2_5ShellNtNtCs6FgkbHSHiEg_4core3fmt7Display3fmt
FN:211,_RNvNtCs71rpGBOlD6b_16cargo_quickstart4args16validate_edition
FN:219,_RNvNtCs71rpGBOlD6b_16cargo_quickstart4args16validate_license
FN:198,_RNvXNtCs71rpGBOlD6b_16cargo_quickstart4argsNtB2_5ShellNtNtCs6FgkbHSHiEg_4core3fmt7Display3fmt
FN:233,_RNvNtNtCs71rpGBOlD6b_16cargo_quickstart4args5testss_10verify_cli
FN:239,_RNvNtNtCs71rpGBOlD6b_16cargo_quickstart4args5testss_16test_new_command
FN:251,_RNvNtNtCs71rpGBOlD6b_16cargo_quickstart4args5testss_17test_init_command
FN:333,_RNvNtNtCs71rpGBOlD6b_16cargo_quickstart4args5testss_19test_doctor_command
FN:345,_RNvNtNtCs71rpGBOlD6b_16cargo_quickstart4args5testss_24test_completions_command
FN:321,_RNvNtNtCs71rpGBOlD6b_16cargo_quickstart4args5testss_25test_list_templates_alias
FN:287,_RNvNtNtCs71rpGBOlD6b_16cargo_quickstart4args5testss_25test_new_with_custom_path
FN:379,_RNvNtNtCs71rpGBOlD6b_16cargo_quickstart4args5testss_27test_completions_all_shells
FN:310,_RNvNtNtCs71rpGBOlD6b_16cargo_quickstart4args5testss_27test_list_templates_command
FN:402,_RNvNtNtCs71rpGBOlD6b_16cargo_quickstart4args5testss_27test_validate_edition_valid
FN:431,_RNvNtNtCs71rpGBOlD6b_16cargo_quickstart4args5testss_27test_validate_license_valid
FN:359,_RNvNtNtCs71rpGBOlD6b_16cargo_quickstart4args5testss_28test_completions_with_output
FN:263,_RNvNtNtCs71rpGBOlD6b_16cargo_quickstart4args5testss_28test_init_with_custom_values
FN:424,_RNvNtNtCs71rpGBOlD6b_16cargo_quickstart4args5testss_29test_validate_edition_invalid
FN:449,_RNvNtNtCs71rpGBOlD6b_16cargo_quickstart4args5testss_29test_validate_license_invalid
FNDA:0,_RNvNtCsdRS28FRhyO9_16cargo_quickstart4args16validate_edition
FNDA:0,_RNvNtCsdRS28FRhyO9_16cargo_quickstart4args16validate_license
FNDA:0,_RNvXNtCsdRS28FRhyO9_16cargo_quickstart4argsNtB2_5ShellNtNtCs6FgkbHSHiEg_4core3fmt7Display3fmt
FNDA:13,_RNvNtCs71rpGBOlD6b_16cargo_quickstart4args16validate_edition
FNDA:12,_RNvNtCs71rpGBOlD6b_16cargo_quickstart4args16validate_license
FNDA:19,_RNvXNtCs71rpGBOlD6b_16cargo_quickstart4argsNtB2_5ShellNtNtCs6FgkbHSHiEg_4core3fmt7Display3fmt
FNDA:1,_RNvNtNtCs71rpGBOlD6b_16cargo_quickstart4args5testss_10verify_cli
FNDA:1,_RNvNtNtCs71rpGBOlD6b_16cargo_quickstart4args5testss_16test_new_command
FNDA:1,_RNvNtNtCs71rpGBOlD6b_16cargo_quickstart4args5testss_17test_init_command
FNDA:1,_RNvNtNtCs71rpGBOlD6b_16cargo_quickstart4args5testss_19test_doctor_command
FNDA:1,_RNvNtNtCs71rpGBOlD6b_16cargo_quickstart4args5testss_24test_completions_command
FNDA:1,_RNvNtNtCs71rpGBOlD6b_16cargo_quickstart4args5testss_25test_list_templates_alias
FNDA:1,_RNvNtNtCs71rpGBOlD6b_16cargo_quickstart4args5testss_25test_new_with_custom_path
FNDA:1,_RNvNtNtCs71rpGBOlD6b_16cargo_quickstart4args5testss_27test_completions_all_shells
FNDA:1,_RNvNtNtCs71rpGBOlD6b_16cargo_quickstart4args5testss_27test_list_templates_command
FNDA:1,_RNvNtNtCs71rpGBOlD6b_16cargo_quickstart4args5testss_27test_validate_edition_valid
FNDA:1,_RNvNtNtCs71rpGBOlD6b_16cargo_quickstart4args5testss_27test_validate_license_valid
FNDA:1,_RNvNtNtCs71rpGBOlD6b_16cargo_quickstart4args5testss_28test_completions_with_output
FNDA:1,_RNvNtNtCs71rpGBOlD6b_16cargo_quickstart4args5testss_28test_init_with_custom_values
FNDA:1,_RNvNtNtCs71rpGBOlD6b_16cargo_quickstart4args5testss_29test_validate_edition_invalid
FNDA:1,_RNvNtNtCs71rpGBOlD6b_16cargo_quickstart4args5testss_29test_validate_license_invalid
FNF:18
FNH:18
DA:198,19
DA:199,19
DA:200,6
DA:201,4
DA:202,3
DA:203,3
DA:204,3
DA:206,19
DA:207,19
DA:211,13
DA:212,13
DA:213,13
DA:214,3
DA:216,13
DA:219,12
DA:220,12
DA:221,12
DA:222,3
DA:224,12
DA:233,1
DA:235,1
DA:236,1
DA:239,1
DA:240,1
DA:241,1
DA:242,1
DA:243,1
DA:244,1
DA:246,0
DA:248,1
DA:251,1
DA:252,1
DA:253,1
DA:254,1
DA:255,1
DA:256,1
DA:258,0
DA:260,1
DA:263,1
DA:264,1
DA:265,1
DA:266,1
DA:267,1
DA:268,1
DA:269,1
DA:270,1
DA:271,1
DA:272,1
DA:273,1
DA:274,1
DA:276,1
DA:277,1
DA:278,1
DA:279,1
DA:280,1
DA:282,0
DA:284,1
DA:287,1
DA:288,1
DA:289,1
DA:290,1
DA:291,1
DA:292,1
DA:293,1
DA:294,1
DA:295,1
DA:296,1
DA:298,1
DA:299,1
DA:300,1
DA:301,1
DA:302,1
DA:303,1
DA:305,0
DA:307,1
DA:310,1
DA:311,1
DA:312,1
DA:313,1
DA:314,1
DA:315,1
DA:316,0
DA:318,1
DA:321,1
DA:322,1
DA:323,1
DA:324,1
DA:325,1
DA:326,1
DA:327,0
DA:329,1
DA:333,1
DA:334,1
DA:335,1
DA:336,1
DA:337,1
DA:338,1
DA:339,0
DA:341,1
DA:345,1
DA:346,1
DA:347,1
DA:348,1
DA:349,1
DA:350,1
DA:351,1
DA:353,0
DA:355,1
DA:359,1
DA:360,1
DA:361,1
DA:362,1
DA:363,1
DA:364,1
DA:365,1
DA:366,1
DA:367,1
DA:368,1
DA:369,1
DA:370,1
DA:371,1
DA:373,0
DA:375,1
DA:379,1
DA:381,1
DA:382,1
DA:383,1
DA:384,1
DA:385,1
DA:386,1
DA:389,6
DA:390,5
DA:391,5
DA:392,5
DA:393,5
DA:394,5
DA:396,0
DA:399,1
DA:402,1
DA:404,1
DA:405,1
DA:406,1
DA:407,1
DA:408,1
DA:409,1
DA:410,1
DA:411,1
DA:412,1
DA:413,1
DA:414,1
DA:415,1
DA:417,1
DA:418,1
DA:419,1
DA:420,1
DA:421,1
DA:424,1
DA:425,1
DA:426,1
DA:427,1
DA:428,1
DA:431,1
DA:433,1
DA:434,1
DA:435,1
DA:436,1
DA:437,1
DA:438,1
DA:439,1
DA:440,1
DA:441,1
DA:443,1
DA:444,1
DA:445,1
DA:446,1
DA:449,1
DA:450,1
DA:451,1
DA:452,1
DA:453,1
BRF:0
BRH:0
LF:180
LH:170
end_of_record
SF:/Users/smeya/git/cargo-quickstart/crates/quickstart-cli/src/commands/completions.rs
FN:43,_RNCNvNtNtCsdRS28FRhyO9_16cargo_quickstart8commands11completions7execute0B7_
FN:23,_RNvNtNtCsdRS28FRhyO9_16cargo_quickstart8commands11completions7execute
FN:23,_RNvNtNtCs71rpGBOlD6b_16cargo_quickstart8commands11completions7execute
FN:78,_RNvNtNtNtCs71rpGBOlD6b_16cargo_quickstart8commands11completions5testss_39test_execute_writes_completions_to_file
FN:113,_RNvNtNtNtCs71rpGBOlD6b_16cargo_quickstart8commands11completions5testss_41test_execute_writes_completions_to_stdout
FN:43,_RNCNvNtNtCs71rpGBOlD6b_16cargo_quickstart8commands11completions7execute0B7_
FN:92,_RNCNvNtNtNtCs71rpGBOlD6b_16cargo_quickstart8commands11completions5testss_39test_execute_writes_completions_to_file0B9_
FN:103,_RNCNvNtNtNtCs71rpGBOlD6b_16cargo_quickstart8commands11completions5testss_39test_execute_writes_completions_to_files_0B9_
FNDA:0,_RNCNvNtNtCsdRS28FRhyO9_16cargo_quickstart8commands11completions7execute0B7_
FNDA:0,_RNvNtNtCsdRS28FRhyO9_16cargo_quickstart8commands11completions7execute
FNDA:11,_RNvNtNtCs71rpGBOlD6b_16cargo_quickstart8commands11completions7execute
FNDA:1,_RNvNtNtNtCs71rpGBOlD6b_16cargo_quickstart8commands11completions5testss_39test_execute_writes_completions_to_file
FNDA:1,_RNvNtNtNtCs71rpGBOlD6b_16cargo_quickstart8commands11completions5testss_41test_execute_writes_completions_to_stdout
FNDA:0,_RNCNvNtNtCs71rpGBOlD6b_16cargo_quickstart8commands11completions7execute0B7_
FNDA:0,_RNCNvNtNtNtCs71rpGBOlD6b_16cargo_quickstart8commands11completions5testss_39test_execute_writes_completions_to_file0B9_
FNDA:0,_RNCNvNtNtNtCs71rpGBOlD6b_16cargo_quickstart8commands11completions5testss_39test_execute_writes_completions_to_files_0B9_
FNF:6
FNH:3
DA:23,11
DA:24,11
DA:25,11
DA:26,3
DA:27,2
DA:28,2
DA:29,2
DA:30,2
DA:34,11
DA:35,5
DA:37,6
DA:40,11
DA:41,5
DA:43,5
DA:44,0
DA:45,0
DA:47,5
DA:48,5
DA:50,5
DA:51,5
DA:52,5
DA:53,5
DA:54,5
DA:56,6
DA:57,6
DA:58,6
DA:59,6
DA:60,6
DA:61,6
DA:62,6
DA:63,6
DA:64,6
DA:66,11
DA:67,11
DA:78,1
DA:80,1
DA:81,0
DA:82,0
DA:83,1
DA:85,5
DA:86,1
DA:87,1
DA:88,1
DA:89,1
DA:90,1
DA:92,5
DA:93,0
DA:94,0
DA:95,5
DA:96,5
DA:97,5
DA:98,5
DA:99,5
DA:100,5
DA:101,5
DA:102,5
DA:103,5
DA:104,5
DA:105,5
DA:106,0
DA:109,1
DA:110,1
DA:113,1
DA:115,1
DA:116,0
DA:117,0
DA:118,1
DA:120,5
DA:121,1
DA:122,1
DA:123,1
DA:124,1
DA:125,1
DA:127,5
DA:128,5
DA:129,5
DA:130,5
DA:131,5
DA:132,5
DA:133,5
DA:134,0
DA:137,1
DA:138,1
BRF:0
BRH:0
LF:88
LH:73
end_of_record
SF:/Users/smeya/git/cargo-quickstart/crates/quickstart-cli/src/commands/doctor/checks/dependencies.rs
FN:31,_RNvMNtNtNtNtCsdRS28FRhyO9_16cargo_quickstart8commands6doctor6checks12dependenciesNtB2_19RealCommandExecutor3new
FN:152,_RNvMs2_NtNtNtNtCsdRS28FRhyO9_16cargo_quickstart8commands6doctor6checks12dependenciesNtB5_17DependenciesCheck12check_unused
FN:110,_RNvMs2_NtNtNtNtCsdRS28FRhyO9_16cargo_quickstart8commands6doctor6checks12dependenciesNtB5_17DependenciesCheck14check_outdated
FN:199,_RNvMs2_NtNtNtNtCsdRS28FRhyO9_16cargo_quickstart8commands6doctor6checks12dependenciesNtB5_17DependenciesCheck25check_dependency_versions
FN:97,_RNvMs2_NtNtNtNtCsdRS28FRhyO9_16cargo_quickstart8commands6doctor6checks12dependenciesNtB5_17DependenciesCheck3new
FN:70,_RNvXs0_NtNtNtNtCsdRS28FRhyO9_16cargo_quickstart8commands6doctor6checks12dependenciesNtB5_19RealCommandExecutorNtB5_15CommandExecutor13execute_udeps
FN:61,_RNvXs0_NtNtNtNtCsdRS28FRhyO9_16cargo_quickstart8commands6doctor6checks12dependenciesNtB5_19RealCommandExecutorNtB5_15CommandExecutor16execute_outdated
FN:79,_RNvXs0_NtNtNtNtCsdRS28FRhyO9_16cargo_quickstart8commands6doctor6checks12dependenciesNtB5_19RealCommandExecutorNtB5_15CommandExecutor20is_command_available
FN:212,_RNvXs3_NtNtNtNtCsdRS28FRhyO9_16cargo_quickstart8commands6doctor6checks12dependenciesNtB5_17DependenciesCheckNtNtB9_9diagnosis5Check3run
FN:39,_RNvXs_NtNtNtNtCsdRS28FRhyO9_16cargo_quickstart8commands6doctor6checks12dependenciesNtB4_19RealCommandExecutorNtNtNtCs6FgkbHSHiEg_4core3ops4drop4Drop4drop
FN:90,_RNvXs1_NtNtNtNtCsdRS28FRhyO9_16cargo_quickstart8commands6doctor6checks12dependenciesNtB5_17DependenciesCheckNtNtNtCs6FgkbHSHiEg_4core3ops4drop4Drop4drop
FN:224,_RNvXs3_NtNtNtNtCsdRS28FRhyO9_16cargo_quickstart8commands6doctor6checks12dependenciesNtB5_17DependenciesCheckNtNtB9_9diagnosis5Check11description
FN:220,_RNvXs3_NtNtNtNtCsdRS28FRhyO9_16cargo_quickstart8commands6doctor6checks12dependenciesNtB5_17DependenciesCheckNtNtB9_9diagnosis5Check4name
FN:228,_RNvXs3_NtNtNtNtCsdRS28FRhyO9_16cargo_quickstart8commands6doctor6checks12dependenciesNtB5_17DependenciesCheckNtNtB9_9diagnosis5Check8category
FN:430,_RNCNvNtNtNtNtNtCs71rpGBOlD6b_16cargo_quickstart8commands6doctor6checks12dependencies5testss_24test_udeps_command_error0Bd_
FN:386,_RNCNvNtNtNtNtNtCs71rpGBOlD6b_16cargo_quickstart8commands6doctor6checks12dependencies5testss_26test_udeps_command_failure0Bd_
FN:365,_RNCNvNtNtNtNtNtCs71rpGBOlD6b_16cargo_quickstart8commands6doctor6checks12dependencies5testss_26test_udeps_command_success0Bd_
FN:407,_RNCNvNtNtNtNtNtCs71rpGBOlD6b_16cargo_quickstart8commands6doctor6checks12dependencies5testss_27test_outdated_command_error0Bd_
FN:453,_RNCNvNtNtNtNtNtCs71rpGBOlD6b_16cargo_quickstart8commands6doctor6checks12dependencies5testss_28test_run_returns_diagnostics0Bd_
FN:342,_RNCNvNtNtNtNtNtCs71rpGBOlD6b_16cargo_quickstart8commands6doctor6checks12dependencies5testss_29test_outdated_command_failure0Bd_
FN:321,_RNCNvNtNtNtNtNtCs71rpGBOlD6b_16cargo_quickstart8commands6doctor6checks12dependencies5testss_29test_outdated_command_success0Bd_
FN:302,_RNCNvNtNtNtNtNtCs71rpGBOlD6b_16cargo_quickstart8commands6doctor6checks12dependencies5testss_32test_udeps_command_not_available0Bd_
FN:31,_RNvMNtNtNtNtCs71rpGBOlD6b_16cargo_quickstart8commands6doctor6checks12dependenciesNtB2_19RealCommandExecutor3new
FN:152,_RNvMs2_NtNtNtNtCs71rpGBOlD6b_16cargo_quickstart8commands6doctor6checks12dependenciesNtB5_17DependenciesCheck12check_unused
FN:110,_RNvMs2_NtNtNtNtCs71rpGBOlD6b_16cargo_quickstart8commands6doctor6checks12dependenciesNtB5_17DependenciesCheck14check_outdated
FN:199,_RNvMs2_NtNtNtNtCs71rpGBOlD6b_16cargo_quickstart8commands6doctor6checks12dependenciesNtB5_17DependenciesCheck25check_dependency_versions
FN:97,_RNvMs2_NtNtNtNtCs71rpGBOlD6b_16cargo_quickstart8commands6doctor6checks12dependenciesNtB5_17DependenciesCheck3new
FN:70,_RNvXs0_NtNtNtNtCs71rpGBOlD6b_16cargo_quickstart8commands6doctor6checks12dependenciesNtB5_19RealCommandExecutorNtB5_15CommandExecutor13execute_udeps
FN:61,_RNvXs0_NtNtNtNtCs71rpGBOlD6b_16cargo_quickstart8commands6doctor6checks12dependenciesNtB5_19RealCommandExecutorNtB5_15CommandExecutor16execute_outdated
FN:79,_RNvXs0_NtNtNtNtCs71rpGBOlD6b_16cargo_quickstart8commands6doctor6checks12dependenciesNtB5_19RealCommandExecutorNtB5_15CommandExecutor20is_command_available
FN:212,_RNvXs3_NtNtNtNtCs71rpGBOlD6b_16cargo_quickstart8commands6doctor6checks12dependenciesNtB5_17DependenciesCheckNtNtB9_9diagnosis5Check3run
FN:220,_RNvXs3_NtNtNtNtCs71rpGBOlD6b_16cargo_quickstart8commands6doctor6checks12dependenciesNtB5_17DependenciesCheckNtNtB9_9diagnosis5Check4name
FN:228,_RNvXs3_NtNtNtNtCs71rpGBOlD6b_16cargo_quickstart8commands6doctor6checks12dependenciesNtB5_17DependenciesCheckNtNtB9_9diagnosis5Check8category
FN:39,_RNvXs_NtNtNtNtCs71rpGBOlD6b_16cargo_quickstart8commands6doctor6checks12dependenciesNtB4_19RealCommandExecutorNtNtNtCs6FgkbHSHiEg_4core3ops4drop4Drop4drop
FN:105,_RNvMs2_NtNtNtNtCs71rpGBOlD6b_16cargo_quickstart8commands6doctor6checks12dependenciesNtB5_17DependenciesCheck13with_executor
FN:247,_RNvNtNtNtNtNtCs71rpGBOlD6b_16cargo_quickstart8commands6doctor6checks12dependencies5tests14failure_output
FN:239,_RNvNtNtNtNtNtCs71rpGBOlD6b_16cargo_quickstart8commands6doctor6checks12dependencies5tests14success_output
FN:256,_RNvNtNtNtNtNtCs71rpGBOlD6b_16cargo_quickstart8commands6doctor6checks12dependencies5testss_16test_name_method
FN:271,_RNvNtNtNtNtNtCs71rpGBOlD6b_16cargo_quickstart8commands6doctor6checks12dependencies5testss_20test_category_method
FN:262,_RNvNtNtNtNtNtCs71rpGBOlD6b_16cargo_quickstart8commands6doctor6checks12dependencies5testss_23test_description_method
FN:424,_RNvNtNtNtNtNtCs71rpGBOlD6b_16cargo_quickstart8commands6doctor6checks12dependencies5testss_24test_udeps_command_error
FN:380,_RNvNtNtNtNtNtCs71rpGBOlD6b_16cargo_quickstart8commands6doctor6checks12dependencies5testss_26test_udeps_command_failure
FN:359,_RNvNtNtNtNtNtCs71rpGBOlD6b_16cargo_quickstart8commands6doctor6checks12dependencies5testss_26test_udeps_command_success
FN:401,_RNvNtNtNtNtNtCs71rpGBOlD6b_16cargo_quickstart8commands6doctor6checks12dependencies5testss_27test_outdated_command_error
FN:447,_RNvNtNtNtNtNtCs71rpGBOlD6b_16cargo_quickstart8commands6doctor6checks12dependencies5testss_28test_run_returns_diagnostics
FN:336,_RNvNtNtNtNtNtCs71rpGBOlD6b_16cargo_quickstart8commands6doctor6checks12dependencies5testss_29test_outdated_command_failure
FN:315,_RNvNtNtNtNtNtCs71rpGBOlD6b_16cargo_quickstart8commands6doctor6checks12dependencies5testss_29test_outdated_command_success
FN:296,_RNvNtNtNtNtNtCs71rpGBOlD6b_16cargo_quickstart8commands6doctor6checks12dependencies5testss_32test_udeps_command_not_available
FN:277,_RNvNtNtNtNtNtCs71rpGBOlD6b_16cargo_quickstart8commands6doctor6checks12dependencies5testss_35test_outdated_command_not_available
FN:90,_RNvXs1_NtNtNtNtCs71rpGBOlD6b_16cargo_quickstart8commands6doctor6checks12dependenciesNtB5_17DependenciesCheckNtNtNtCs6FgkbHSHiEg_4core3ops4drop4Drop4drop
FN:224,_RNvXs3_NtNtNtNtCs71rpGBOlD6b_16cargo_quickstart8commands6doctor6checks12dependenciesNtB5_17DependenciesCheckNtNtB9_9diagnosis5Check11description
FN:435,_RNCNvNtNtNtNtNtCs71rpGBOlD6b_16cargo_quickstart8commands6doctor6checks12dependencies5testss_24test_udeps_command_errors_0Bd_
FN:391,_RNCNvNtNtNtNtNtCs71rpGBOlD6b_16cargo_quickstart8commands6doctor6checks12dependencies5testss_26test_udeps_command_failures_0Bd_
FN:370,_RNCNvNtNtNtNtNtCs71rpGBOlD6b_16cargo_quickstart8commands6doctor6checks12dependencies5testss_26test_udeps_command_successs_0Bd_
FN:412,_RNCNvNtNtNtNtNtCs71rpGBOlD6b_16cargo_quickstart8commands6doctor6checks12dependencies5testss_27test_outdated_command_errors_0Bd_
FN:458,_RNCNvNtNtNtNtNtCs71rpGBOlD6b_16cargo_quickstart8commands6doctor6checks12dependencies5testss_28test_run_returns_diagnosticss_0Bd_
FN:347,_RNCNvNtNtNtNtNtCs71rpGBOlD6b_16cargo_quickstart8commands6doctor6checks12dependencies5testss_29test_outdated_command_failures_0Bd_
FN:326,_RNCNvNtNtNtNtNtCs71rpGBOlD6b_16cargo_quickstart8commands6doctor6checks12dependencies5testss_29test_outdated_command_successs_0Bd_
FN:286,_RNCNvNtNtNtNtNtCs71rpGBOlD6b_16cargo_quickstart8commands6doctor6checks12dependencies5testss_35test_outdated_command_not_available0Bd_
FNDA:5,_RNvMNtNtNtNtCsdRS28FRhyO9_16cargo_quickstart8commands6doctor6checks12dependenciesNtB2_19RealCommandExecutor3new
FNDA:5,_RNvMs2_NtNtNtNtCsdRS28FRhyO9_16cargo_quickstart8commands6doctor6checks12dependenciesNtB5_17DependenciesCheck12check_unused
FNDA:5,_RNvMs2_NtNtNtNtCsdRS28FRhyO9_16cargo_quickstart8commands6doctor6checks12dependenciesNtB5_17DependenciesCheck14check_outdated
FNDA:5,_RNvMs2_NtNtNtNtCsdRS28FRhyO9_16cargo_quickstart8commands6doctor6checks12dependenciesNtB5_17DependenciesCheck25check_dependency_versions
FNDA:5,_RNvMs2_NtNtNtNtCsdRS28FRhyO9_16cargo_quickstart8commands6doctor6checks12dependenciesNtB5_17DependenciesCheck3new
FNDA:5,_RNvXs0_NtNtNtNtCsdRS28FRhyO9_16cargo_quickstart8commands6doctor6checks12dependenciesNtB5_19RealCommandExecutorNtB5_15CommandExecutor13execute_udeps
FNDA:5,_RNvXs0_NtNtNtNtCsdRS28FRhyO9_16cargo_quickstart8commands6doctor6checks12dependenciesNtB5_19RealCommandExecutorNtB5_15CommandExecutor16execute_outdated
FNDA:10,_RNvXs0_NtNtNtNtCsdRS28FRhyO9_16cargo_quickstart8commands6doctor6checks12dependenciesNtB5_19RealCommandExecutorNtB5_15CommandExecutor20is_command_available
FNDA:5,_RNvXs3_NtNtNtNtCsdRS28FRhyO9_16cargo_quickstart8commands6doctor6checks12dependenciesNtB5_17DependenciesCheckNtNtB9_9diagnosis5Check3run
FNDA:5,_RNvXs_NtNtNtNtCsdRS28FRhyO9_16cargo_quickstart8commands6doctor6checks12dependenciesNtB4_19RealCommandExecutorNtNtNtCs6FgkbHSHiEg_4core3ops4drop4Drop4drop
FNDA:5,_RNvXs1_NtNtNtNtCsdRS28FRhyO9_16cargo_quickstart8commands6doctor6checks12dependenciesNtB5_17DependenciesCheckNtNtNtCs6FgkbHSHiEg_4core3ops4drop4Drop4drop
FNDA:5,_RNvXs3_NtNtNtNtCsdRS28FRhyO9_16cargo_quickstart8commands6doctor6checks12dependenciesNtB5_17DependenciesCheckNtNtB9_9diagnosis5Check11description
FNDA:20,_RNvXs3_NtNtNtNtCsdRS28FRhyO9_16cargo_quickstart8commands6doctor6checks12dependenciesNtB5_17DependenciesCheckNtNtB9_9diagnosis5Check4name
FNDA:20,_RNvXs3_NtNtNtNtCsdRS28FRhyO9_16cargo_quickstart8commands6doctor6checks12dependenciesNtB5_17DependenciesCheckNtNtB9_9diagnosis5Check8category
FNDA:1,_RNCNvNtNtNtNtNtCs71rpGBOlD6b_16cargo_quickstart8commands6doctor6checks12dependencies5testss_24test_udeps_command_error0Bd_
FNDA:1,_RNCNvNtNtNtNtNtCs71rpGBOlD6b_16cargo_quickstart8commands6doctor6checks12dependencies5testss_26test_udeps_command_failure0Bd_
FNDA:1,_RNCNvNtNtNtNtNtCs71rpGBOlD6b_16cargo_quickstart8commands6doctor6checks12dependencies5testss_26test_udeps_command_success0Bd_
FNDA:1,_RNCNvNtNtNtNtNtCs71rpGBOlD6b_16cargo_quickstart8commands6doctor6checks12dependencies5testss_27test_outdated_command_error0Bd_
FNDA:1,_RNCNvNtNtNtNtNtCs71rpGBOlD6b_16cargo_quickstart8commands6doctor6checks12dependencies5testss_28test_run_returns_diagnostics0Bd_
FNDA:1,_RNCNvNtNtNtNtNtCs71rpGBOlD6b_16cargo_quickstart8commands6doctor6checks12dependencies5testss_29test_outdated_command_failure0Bd_
FNDA:1,_RNCNvNtNtNtNtNtCs71rpGBOlD6b_16cargo_quickstart8commands6doctor6checks12dependencies5testss_29test_outdated_command_success0Bd_
FNDA:1,_RNCNvNtNtNtNtNtCs71rpGBOlD6b_16cargo_quickstart8commands6doctor6checks12dependencies5testss_32test_udeps_command_not_available0Bd_
FNDA:6,_RNvMNtNtNtNtCs71rpGBOlD6b_16cargo_quickstart8commands6doctor6checks12dependenciesNtB2_19RealCommandExecutor3new
FNDA:11,_RNvMs2_NtNtNtNtCs71rpGBOlD6b_16cargo_quickstart8commands6doctor6checks12dependenciesNtB5_17DependenciesCheck12check_unused
FNDA:11,_RNvMs2_NtNtNtNtCs71rpGBOlD6b_16cargo_quickstart8commands6doctor6checks12dependenciesNtB5_17DependenciesCheck14check_outdated
FNDA:11,_RNvMs2_NtNtNtNtCs71rpGBOlD6b_16cargo_quickstart8commands6doctor6checks12dependenciesNtB5_17DependenciesCheck25check_dependency_versions
FNDA:6,_RNvMs2_NtNtNtNtCs71rpGBOlD6b_16cargo_quickstart8commands6doctor6checks12dependenciesNtB5_17DependenciesCheck3new
FNDA:2,_RNvXs0_NtNtNtNtCs71rpGBOlD6b_16cargo_quickstart8commands6doctor6checks12dependenciesNtB5_19RealCommandExecutorNtB5_15CommandExecutor13execute_udeps
FNDA:2,_RNvXs0_NtNtNtNtCs71rpGBOlD6b_16cargo_quickstart8commands6doctor6checks12dependenciesNtB5_19RealCommandExecutorNtB5_15CommandExecutor16execute_outdated
FNDA:4,_RNvXs0_NtNtNtNtCs71rpGBOlD6b_16cargo_quickstart8commands6doctor6checks12dependenciesNtB5_19RealCommandExecutorNtB5_15CommandExecutor20is_command_available
FNDA:11,_RNvXs3_NtNtNtNtCs71rpGBOlD6b_16cargo_quickstart8commands6doctor6checks12dependenciesNtB5_17DependenciesCheckNtNtB9_9diagnosis5Check3run
FNDA:36,_RNvXs3_NtNtNtNtCs71rpGBOlD6b_16cargo_quickstart8commands6doctor6checks12dependenciesNtB5_17DependenciesCheckNtNtB9_9diagnosis5Check4name
FNDA:36,_RNvXs3_NtNtNtNtCs71rpGBOlD6b_16cargo_quickstart8commands6doctor6checks12dependenciesNtB5_17DependenciesCheckNtNtB9_9diagnosis5Check8category
FNDA:6,_RNvXs_NtNtNtNtCs71rpGBOlD6b_16cargo_quickstart8commands6doctor6checks12dependenciesNtB4_19RealCommandExecutorNtNtNtCs6FgkbHSHiEg_4core3ops4drop4Drop4drop
FNDA:9,_RNvMs2_NtNtNtNtCs71rpGBOlD6b_16cargo_quickstart8commands6doctor6checks12dependenciesNtB5_17DependenciesCheck13with_executor
FNDA:2,_RNvNtNtNtNtNtCs71rpGBOlD6b_16cargo_quickstart8commands6doctor6checks12dependencies5tests14failure_output
FNDA:12,_RNvNtNtNtNtNtCs71rpGBOlD6b_16cargo_quickstart8commands6doctor6checks12dependencies5tests14success_output
FNDA:1,_RNvNtNtNtNtNtCs71rpGBOlD6b_16cargo_quickstart8commands6doctor6checks12dependencies5testss_16test_name_method
FNDA:1,_RNvNtNtNtNtNtCs71rpGBOlD6b_16cargo_quickstart8commands6doctor6checks12dependencies5testss_20test_category_method
FNDA:1,_RNvNtNtNtNtNtCs71rpGBOlD6b_16cargo_quickstart8commands6doctor6checks12dependencies5testss_23test_description_method
FNDA:1,_RNvNtNtNtNtNtCs71rpGBOlD6b_16cargo_quickstart8commands6doctor6checks12dependencies5testss_24test_udeps_command_error
FNDA:1,_RNvNtNtNtNtNtCs71rpGBOlD6b_16cargo_quickstart8commands6doctor6checks12dependencies5testss_26test_udeps_command_failure
FNDA:1,_RNvNtNtNtNtNtCs71rpGBOlD6b_16cargo_quickstart8commands6doctor6checks12dependencies5testss_26test_udeps_command_success
FNDA:1,_RNvNtNtNtNtNtCs71rpGBOlD6b_16cargo_quickstart8commands6doctor6checks12dependencies5testss_27test_outdated_command_error
FNDA:1,_RNvNtNtNtNtNtCs71rpGBOlD6b_16cargo_quickstart8commands6doctor6checks12dependencies5testss_28test_run_returns_diagnostics
FNDA:1,_RNvNtNtNtNtNtCs71rpGBOlD6b_16cargo_quickstart8commands6doctor6checks12dependencies5testss_29test_outdated_command_failure
FNDA:1,_RNvNtNtNtNtNtCs71rpGBOlD6b_16cargo_quickstart8commands6doctor6checks12dependencies5testss_29test_outdated_command_success
FNDA:1,_RNvNtNtNtNtNtCs71rpGBOlD6b_16cargo_quickstart8commands6doctor6checks12dependencies5testss_32test_udeps_command_not_available
FNDA:1,_RNvNtNtNtNtNtCs71rpGBOlD6b_16cargo_quickstart8commands6doctor6checks12dependencies5testss_35test_outdated_command_not_available
FNDA:15,_RNvXs1_NtNtNtNtCs71rpGBOlD6b_16cargo_quickstart8commands6doctor6checks12dependenciesNtB5_17DependenciesCheckNtNtNtCs6FgkbHSHiEg_4core3ops4drop4Drop4drop
FNDA:3,_RNvXs3_NtNtNtNtCs71rpGBOlD6b_16cargo_quickstart8commands6doctor6checks12dependenciesNtB5_17DependenciesCheckNtNtB9_9diagnosis5Check11description
FNDA:1,_RNCNvNtNtNtNtNtCs71rpGBOlD6b_16cargo_quickstart8commands6doctor6checks12dependencies5testss_24test_udeps_command_errors_0Bd_
FNDA:1,_RNCNvNtNtNtNtNtCs71rpGBOlD6b_16cargo_quickstart8commands6doctor6checks12dependencies5testss_26test_udeps_command_failures_0Bd_
FNDA:1,_RNCNvNtNtNtNtNtCs71rpGBOlD6b_16cargo_quickstart8commands6doctor6checks12dependencies5testss_26test_udeps_command_successs_0Bd_
FNDA:1,_RNCNvNtNtNtNtNtCs71rpGBOlD6b_16cargo_quickstart8commands6doctor6checks12dependencies5testss_27test_outdated_command_errors_0Bd_
FNDA:1,_RNCNvNtNtNtNtNtCs71rpGBOlD6b_16cargo_quickstart8commands6doctor6checks12dependencies5testss_28test_run_returns_diagnosticss_0Bd_
FNDA:1,_RNCNvNtNtNtNtNtCs71rpGBOlD6b_16cargo_quickstart8commands6doctor6checks12dependencies5testss_29test_outdated_command_failures_0Bd_
FNDA:1,_RNCNvNtNtNtNtNtCs71rpGBOlD6b_16cargo_quickstart8commands6doctor6checks12dependencies5testss_29test_outdated_command_successs_0Bd_
FNDA:1,_RNCNvNtNtNtNtNtCs71rpGBOlD6b_16cargo_quickstart8commands6doctor6checks12dependencies5testss_35test_outdated_command_not_available0Bd_
FNF:45
FNH:45
DA:31,11
DA:32,11
DA:33,11
DA:34,11
DA:35,11
DA:39,11
DA:40,11
DA:42,0
DA:43,0
DA:44,0
DA:45,0
DA:46,0
DA:47,0
DA:48,0
DA:49,0
DA:50,0
DA:51,0
DA:52,0
DA:53,0
DA:55,0
DA:56,11
DA:57,11
DA:61,7
DA:62,7
DA:63,7
DA:64,7
DA:65,7
DA:66,7
DA:67,7
DA:68,7
DA:70,7
DA:71,7
DA:72,7
DA:73,7
DA:74,7
DA:75,7
DA:76,7
DA:77,7
DA:79,14
DA:80,14
DA:81,14
DA:90,20
DA:92,20
DA:97,11
DA:98,11
DA:99,11
DA:100,11
DA:101,11
DA:105,9
DA:106,9
DA:107,9
DA:110,16
DA:112,16
DA:113,1
DA:114,1
DA:115,1
DA:117,1
DA:119,1
DA:120,15
DA:122,15
DA:123,14
DA:124,14
DA:125,12
DA:126,12
DA:127,12
DA:129,12
DA:132,2
DA:133,2
DA:134,2
DA:136,2
DA:138,2
DA:141,1
DA:142,1
DA:143,1
DA:145,1
DA:147,1
DA:149,16
DA:152,16
DA:154,16
DA:155,1
DA:156,1
DA:157,1
DA:159,1
DA:161,1
DA:162,15
DA:164,15
DA:165,14
DA:166,14
DA:167,6
DA:168,6
DA:169,6
DA:171,6
DA:175,8
DA:176,8
DA:177,8
DA:178,8
DA:180,8
DA:182,8
DA:183,8
DA:188,1
DA:189,1
DA:190,1
DA:192,1
DA:194,1
DA:196,16
DA:199,16
DA:202,16
DA:203,16
DA:204,16
DA:206,16
DA:208,16
DA:212,16
DA:213,16
DA:214,16
DA:215,16
DA:216,16
DA:218,16
DA:220,56
DA:221,56
DA:222,56
DA:224,8
DA:225,8
DA:226,8
DA:228,56
DA:229,56
DA:230,56
DA:239,12
DA:240,12
DA:241,12
DA:242,12
DA:243,12
DA:244,12
DA:245,12
DA:247,2
DA:248,2
DA:249,2
DA:250,2
DA:251,2
DA:252,2
DA:253,2
DA:256,1
DA:257,1
DA:258,1
DA:259,1
DA:262,1
DA:263,1
DA:264,1
DA:265,1
DA:268,1
DA:271,1
DA:272,1
DA:273,1
DA:274,1
DA:277,1
DA:278,1
DA:279,1
DA:280,1
DA:281,1
DA:282,1
DA:283,1
DA:284,1
DA:285,1
DA:286,1
DA:288,1
DA:289,1
DA:291,1
DA:292,1
DA:293,1
DA:296,1
DA:297,1
DA:298,1
DA:299,1
DA:300,1
DA:301,1
DA:302,1
DA:303,1
DA:304,1
DA:305,1
DA:307,1
DA:308,1
DA:310,1
DA:311,1
DA:312,1
DA:315,1
DA:316,1
DA:317,1
DA:318,1
DA:319,1
DA:320,1
DA:321,1
DA:322,1
DA:323,1
DA:324,1
DA:325,1
DA:326,1
DA:328,1
DA:329,1
DA:331,1
DA:332,1
DA:333,1
DA:336,1
DA:337,1
DA:338,1
DA:339,1
DA:340,1
DA:341,1
DA:342,1
DA:343,1
DA:344,1
DA:345,1
DA:346,1
DA:347,1
DA:349,1
DA:350,1
DA:352,1
DA:353,1
DA:354,1
DA:355,1
DA:356,1
DA:359,1
DA:360,1
DA:361,1
DA:362,1
DA:363,1
DA:364,1
DA:365,1
DA:366,1
DA:367,1
DA:368,1
DA:369,1
DA:370,1
DA:372,1
DA:373,1
DA:375,1
DA:376,1
DA:377,1
DA:380,1
DA:381,1
DA:382,1
DA:383,1
DA:384,1
DA:385,1
DA:386,1
DA:387,1
DA:388,1
DA:389,1
DA:390,1
DA:391,1
DA:393,1
DA:394,1
DA:396,1
DA:397,1
DA:398,1
DA:401,1
DA:402,1
DA:403,1
DA:404,1
DA:405,1
DA:406,1
DA:407,1
DA:408,1
DA:409,1
DA:410,1
DA:411,1
DA:412,1
DA:414,1
DA:415,1
DA:417,1
DA:418,1
DA:419,1
DA:420,1
DA:421,1
DA:424,1
DA:425,1
DA:426,1
DA:427,1
DA:428,1
DA:429,1
DA:430,1
DA:431,1
DA:432,1
DA:433,1
DA:434,1
DA:435,1
DA:437,1
DA:438,1
DA:440,1
DA:441,1
DA:442,1
DA:443,1
DA:444,1
DA:447,1
DA:448,1
DA:449,1
DA:450,1
DA:451,1
DA:452,1
DA:453,1
DA:454,1
DA:455,1
DA:456,1
DA:457,1
DA:458,1
DA:460,1
DA:461,1
DA:462,1
DA:463,1
BRF:0
BRH:0
LF:323
LH:310
end_of_record
SF:/Users/smeya/git/cargo-quickstart/crates/quickstart-cli/src/commands/doctor/checks/files.rs
FN:36,_RNCNvXs_NtNtNtNtCsdRS28FRhyO9_16cargo_quickstart8commands6doctor6checks5filesNtB6_10FilesCheckNtNtBa_9diagnosis5Check3run0Be_
FN:71,_RNvXs_NtNtNtNtCsdRS28FRhyO9_16cargo_quickstart8commands6doctor6checks5filesNtB4_10FilesCheckNtNtB8_9diagnosis5Check11description
FN:75,_RNvXs_NtNtNtNtCsdRS28FRhyO9_16cargo_quickstart8commands6doctor6checks5filesNtB4_10FilesCheckNtNtB8_9diagnosis5Check8category
FN:67,_RNvXs_NtNtNtNtCsdRS28FRhyO9_16cargo_quickstart8commands6doctor6checks5filesNtB4_10FilesCheckNtNtB8_9diagnosis5Check4name
FN:14,_RNvMNtNtNtNtCsdRS28FRhyO9_16cargo_quickstart8commands6doctor6checks5filesNtB2_10FilesCheck3new
FN:20,_RNvXs_NtNtNtNtCsdRS28FRhyO9_16cargo_quickstart8commands6doctor6checks5filesNtB4_10FilesCheckNtNtB8_9diagnosis5Check3run
FN:71,_RNvXs_NtNtNtNtCs71rpGBOlD6b_16cargo_quickstart8commands6doctor6checks5filesNtB4_10FilesCheckNtNtB8_9diagnosis5Check11description
FN:75,_RNvXs_NtNtNtNtCs71rpGBOlD6b_16cargo_quickstart8commands6doctor6checks5filesNtB4_10FilesCheckNtNtB8_9diagnosis5Check8category
FN:36,_RNCNvXs_NtNtNtNtCs71rpGBOlD6b_16cargo_quickstart8commands6doctor6checks5filesNtB6_10FilesCheckNtNtBa_9diagnosis5Check3run0Be_
FN:67,_RNvXs_NtNtNtNtCs71rpGBOlD6b_16cargo_quickstart8commands6doctor6checks5filesNtB4_10FilesCheckNtNtB8_9diagnosis5Check4name
FN:141,_RNCNvNtNtNtNtNtCs71rpGBOlD6b_16cargo_quickstart8commands6doctor6checks5files5testss_22test_all_files_missing0Bd_
FN:120,_RNCNvNtNtNtNtNtCs71rpGBOlD6b_16cargo_quickstart8commands6doctor6checks5files5testss_22test_all_files_present0Bd_
FN:165,_RNCNvNtNtNtNtNtCs71rpGBOlD6b_16cargo_quickstart8commands6doctor6checks5files5testss_23test_some_files_missing0Bd_
FN:174,_RNCNvNtNtNtNtNtCs71rpGBOlD6b_16cargo_quickstart8commands6doctor6checks5files5testss_23test_some_files_missings0_0Bd_
FN:175,_RNCNvNtNtNtNtNtCs71rpGBOlD6b_16cargo_quickstart8commands6doctor6checks5files5testss_23test_some_files_missings1_0Bd_
FN:183,_RNCNvNtNtNtNtNtCs71rpGBOlD6b_16cargo_quickstart8commands6doctor6checks5files5testss_23test_some_files_missings2_0Bd_
FN:184,_RNCNvNtNtNtNtNtCs71rpGBOlD6b_16cargo_quickstart8commands6doctor6checks5files5testss_23test_some_files_missings3_0Bd_
FN:192,_RNCNvNtNtNtNtNtCs71rpGBOlD6b_16cargo_quickstart8commands6doctor6checks5files5testss_23test_some_files_missings4_0Bd_
FN:193,_RNCNvNtNtNtNtNtCs71rpGBOlD6b_16cargo_quickstart8commands6doctor6checks5files5testss_23test_some_files_missings5_0Bd_
FN:166,_RNCNvNtNtNtNtNtCs71rpGBOlD6b_16cargo_quickstart8commands6doctor6checks5files5testss_23test_some_files_missings_0Bd_
FN:89,_RNvNtNtNtNtNtCs71rpGBOlD6b_16cargo_quickstart8commands6doctor6checks5files5tests14setup_test_dir
FN:125,_RNvNtNtNtNtNtCs71rpGBOlD6b_16cargo_quickstart8commands6doctor6checks5files5testss_22test_all_files_missing
FN:106,_RNvNtNtNtNtNtCs71rpGBOlD6b_16cargo_quickstart8commands6doctor6checks5files5testss_22test_all_files_present
FN:146,_RNvNtNtNtNtNtCs71rpGBOlD6b_16cargo_quickstart8commands6doctor6checks5files5testss_23test_some_files_missing
FN:14,_RNvMNtNtNtNtCs71rpGBOlD6b_16cargo_quickstart8commands6doctor6checks5filesNtB2_10FilesCheck3new
FN:20,_RNvXs_NtNtNtNtCs71rpGBOlD6b_16cargo_quickstart8commands6doctor6checks5filesNtB4_10FilesCheckNtNtB8_9diagnosis5Check3run
FNDA:20,_RNCNvXs_NtNtNtNtCsdRS28FRhyO9_16cargo_quickstart8commands6doctor6checks5filesNtB6_10FilesCheckNtNtBa_9diagnosis5Check3run0Be_
FNDA:5,_RNvXs_NtNtNtNtCsdRS28FRhyO9_16cargo_quickstart8commands6doctor6checks5filesNtB4_10FilesCheckNtNtB8_9diagnosis5Check11description
FNDA:5,_RNvXs_NtNtNtNtCsdRS28FRhyO9_16cargo_quickstart8commands6doctor6checks5filesNtB4_10FilesCheckNtNtB8_9diagnosis5Check8category
FNDA:25,_RNvXs_NtNtNtNtCsdRS28FRhyO9_16cargo_quickstart8commands6doctor6checks5filesNtB4_10FilesCheckNtNtB8_9diagnosis5Check4name
FNDA:5,_RNvMNtNtNtNtCsdRS28FRhyO9_16cargo_quickstart8commands6doctor6checks5filesNtB2_10FilesCheck3new
FNDA:5,_RNvXs_NtNtNtNtCsdRS28FRhyO9_16cargo_quickstart8commands6doctor6checks5filesNtB4_10FilesCheckNtNtB8_9diagnosis5Check3run
FNDA:2,_RNvXs_NtNtNtNtCs71rpGBOlD6b_16cargo_quickstart8commands6doctor6checks5filesNtB4_10FilesCheckNtNtB8_9diagnosis5Check11description
FNDA:2,_RNvXs_NtNtNtNtCs71rpGBOlD6b_16cargo_quickstart8commands6doctor6checks5filesNtB4_10FilesCheckNtNtB8_9diagnosis5Check8category
FNDA:20,_RNCNvXs_NtNtNtNtCs71rpGBOlD6b_16cargo_quickstart8commands6doctor6checks5filesNtB6_10FilesCheckNtNtBa_9diagnosis5Check3run0Be_
FNDA:22,_RNvXs_NtNtNtNtCs71rpGBOlD6b_16cargo_quickstart8commands6doctor6checks5filesNtB4_10FilesCheckNtNtB8_9diagnosis5Check4name
FNDA:3,_RNCNvNtNtNtNtNtCs71rpGBOlD6b_16cargo_quickstart8commands6doctor6checks5files5testss_22test_all_files_missing0Bd_
FNDA:4,_RNCNvNtNtNtNtNtCs71rpGBOlD6b_16cargo_quickstart8commands6doctor6checks5files5testss_22test_all_files_present0Bd_
FNDA:1,_RNCNvNtNtNtNtNtCs71rpGBOlD6b_16cargo_quickstart8commands6doctor6checks5files5testss_23test_some_files_missing0Bd_
FNDA:2,_RNCNvNtNtNtNtNtCs71rpGBOlD6b_16cargo_quickstart8commands6doctor6checks5files5testss_23test_some_files_missings0_0Bd_
FNDA:0,_RNCNvNtNtNtNtNtCs71rpGBOlD6b_16cargo_quickstart8commands6doctor6checks5files5testss_23test_some_files_missings1_0Bd_
FNDA:3,_RNCNvNtNtNtNtNtCs71rpGBOlD6b_16cargo_quickstart8commands6doctor6checks5files5testss_23test_some_files_missings2_0Bd_
FNDA:0,_RNCNvNtNtNtNtNtCs71rpGBOlD6b_16cargo_quickstart8commands6doctor6checks5files5testss_23test_some_files_missings3_0Bd_
FNDA:4,_RNCNvNtNtNtNtNtCs71rpGBOlD6b_16cargo_quickstart8commands6doctor6checks5files5testss_23test_some_files_missings4_0Bd_
FNDA:0,_RNCNvNtNtNtNtNtCs71rpGBOlD6b_16cargo_quickstart8commands6doctor6checks5files5testss_23test_some_files_missings5_0Bd_
FNDA:0,_RNCNvNtNtNtNtNtCs71rpGBOlD6b_16cargo_quickstart8commands6doctor6checks5files5testss_23test_some_files_missings_0Bd_
FNDA:1,_RNvNtNtNtNtNtCs71rpGBOlD6b_16cargo_quickstart8commands6doctor6checks5files5tests14setup_test_dir
FNDA:1,_RNvNtNtNtNtNtCs71rpGBOlD6b_16cargo_quickstart8commands6doctor6checks5files5testss_22test_all_files_missing
FNDA:1,_RNvNtNtNtNtNtCs71rpGBOlD6b_16cargo_quickstart8commands6doctor6checks5files5testss_22test_all_files_present
FNDA:1,_RNvNtNtNtNtNtCs71rpGBOlD6b_16cargo_quickstart8commands6doctor6checks5files5testss_23test_some_files_missing
FNDA:6,_RNvMNtNtNtNtCs71rpGBOlD6b_16cargo_quickstart8commands6doctor6checks5filesNtB2_10FilesCheck3new
FNDA:5,_RNvXs_NtNtNtNtCs71rpGBOlD6b_16cargo_quickstart8commands6doctor6checks5filesNtB4_10FilesCheckNtNtB8_9diagnosis5Check3run
FNF:20
FNH:16
DA:14,11
DA:15,11
DA:16,11
DA:20,10
DA:21,10
DA:22,10
DA:23,10
DA:24,10
DA:25,10
DA:26,10
DA:27,10
DA:28,10
DA:29,10
DA:30,10
DA:31,10
DA:32,10
DA:34,10
DA:35,10
DA:36,40
DA:37,40
DA:39,40
DA:40,18
DA:41,18
DA:42,18
DA:43,18
DA:46,22
DA:47,2
DA:48,2
DA:49,2
DA:50,2
DA:53,2
DA:55,20
DA:56,20
DA:57,20
DA:58,20
DA:61,20
DA:63,40
DA:64,10
DA:65,10
DA:67,47
DA:68,47
DA:69,47
DA:71,7
DA:72,7
DA:73,7
DA:75,7
DA:76,7
DA:77,7
DA:89,1
DA:91,1
DA:92,0
DA:93,0
DA:94,0
DA:95,0
DA:96,1
DA:98,1
DA:99,5
DA:100,4
DA:102,1
DA:103,1
DA:106,1
DA:108,1
DA:109,0
DA:110,0
DA:111,1
DA:113,1
DA:114,1
DA:116,1
DA:117,1
DA:119,1
DA:120,4
DA:121,1
DA:122,1
DA:125,1
DA:127,1
DA:128,0
DA:129,0
DA:130,1
DA:132,1
DA:134,1
DA:135,1
DA:137,1
DA:138,1
DA:139,1
DA:140,1
DA:141,3
DA:142,1
DA:143,1
DA:146,1
DA:148,1
DA:149,0
DA:150,0
DA:151,1
DA:153,1
DA:154,1
DA:155,1
DA:157,1
DA:158,1
DA:160,1
DA:163,1
DA:164,1
DA:165,1
DA:166,1
DA:167,0
DA:168,0
DA:171,0
DA:172,1
DA:173,1
DA:174,2
DA:175,1
DA:176,0
DA:177,0
DA:180,0
DA:181,1
DA:182,1
DA:183,3
DA:184,1
DA:185,0
DA:186,0
DA:189,0
DA:190,1
DA:191,1
DA:192,4
DA:193,1
DA:194,0
DA:195,0
DA:197,1
DA:198,1
DA:199,1
DA:200,1
DA:201,1
DA:202,1
BRF:0
BRH:0
LF:147
LH:118
end_of_record
SF:/Users/smeya/git/cargo-quickstart/crates/quickstart-cli/src/commands/doctor/checks/lints.rs
FN:94,_RNvXs0_NtNtNtNtCsdRS28FRhyO9_16cargo_quickstart8commands6doctor6checks5lintsNtB5_10LintsCheckNtNtB9_9diagnosis5Check11description
FN:30,_RNvMs_NtNtNtNtCsdRS28FRhyO9_16cargo_quickstart8commands6doctor6checks5lintsNtB4_10LintsCheck3new
FN:16,_RNvXNtNtNtNtCsdRS28FRhyO9_16cargo_quickstart8commands6doctor6checks5lintsNtB2_19RealCommandExecutorNtB2_15CommandExecutor14execute_clippy
FN:44,_RNvXs0_NtNtNtNtCsdRS28FRhyO9_16cargo_quickstart8commands6doctor6checks5lintsNtB5_10LintsCheckNtNtB9_9diagnosis5Check3run
FN:90,_RNvXs0_NtNtNtNtCsdRS28FRhyO9_16cargo_quickstart8commands6doctor6checks5lintsNtB5_10LintsCheckNtNtB9_9diagnosis5Check4name
FN:98,_RNvXs0_NtNtNtNtCsdRS28FRhyO9_16cargo_quickstart8commands6doctor6checks5lintsNtB5_10LintsCheckNtNtB9_9diagnosis5Check8category
FN:38,_RNvMs_NtNtNtNtCs71rpGBOlD6b_16cargo_quickstart8commands6doctor6checks5lintsNtB4_10LintsCheck13with_executor
FN:144,_RNvNtNtNtNtNtCs71rpGBOlD6b_16cargo_quickstart8commands6doctor6checks5lints5tests14failure_output
FN:135,_RNvNtNtNtNtNtCs71rpGBOlD6b_16cargo_quickstart8commands6doctor6checks5lints5tests14success_output
FN:213,_RNvNtNtNtNtNtCs71rpGBOlD6b_16cargo_quickstart8commands6doctor6checks5lints5testss_16test_name_method
FN:225,_RNvNtNtNtNtNtCs71rpGBOlD6b_16cargo_quickstart8commands6doctor6checks5lints5testss_20test_category_method
FN:190,_RNvNtNtNtNtNtCs71rpGBOlD6b_16cargo_quickstart8commands6doctor6checks5lints5testss_22test_lints_check_error
FN:219,_RNvNtNtNtNtNtCs71rpGBOlD6b_16cargo_quickstart8commands6doctor6checks5lints5testss_23test_description_method
FN:153,_RNvNtNtNtNtNtCs71rpGBOlD6b_16cargo_quickstart8commands6doctor6checks5lints5testss_24test_lints_check_success
FN:167,_RNvNtNtNtNtNtCs71rpGBOlD6b_16cargo_quickstart8commands6doctor6checks5lints5testss_24test_lints_check_warning
FN:123,_RNvXNtNtNtNtNtCs71rpGBOlD6b_16cargo_quickstart8commands6doctor6checks5lints5testsNtB2_19MockCommandExecutorNtB4_15CommandExecutor14execute_clippy
FN:94,_RNvXs0_NtNtNtNtCs71rpGBOlD6b_16cargo_quickstart8commands6doctor6checks5lintsNtB5_10LintsCheckNtNtB9_9diagnosis5Check11description
FN:90,_RNvXs0_NtNtNtNtCs71rpGBOlD6b_16cargo_quickstart8commands6doctor6checks5lintsNtB5_10LintsCheckNtNtB9_9diagnosis5Check4name
FN:98,_RNvXs0_NtNtNtNtCs71rpGBOlD6b_16cargo_quickstart8commands6doctor6checks5lintsNtB5_10LintsCheckNtNtB9_9diagnosis5Check8category
FN:30,_RNvMs_NtNtNtNtCs71rpGBOlD6b_16cargo_quickstart8commands6doctor6checks5lintsNtB4_10LintsCheck3new
FN:16,_RNvXNtNtNtNtCs71rpGBOlD6b_16cargo_quickstart8commands6doctor6checks5lintsNtB2_19RealCommandExecutorNtB2_15CommandExecutor14execute_clippy
FN:44,_RNvXs0_NtNtNtNtCs71rpGBOlD6b_16cargo_quickstart8commands6doctor6checks5lintsNtB5_10LintsCheckNtNtB9_9diagnosis5Check3run
FNDA:5,_RNvXs0_NtNtNtNtCsdRS28FRhyO9_16cargo_quickstart8commands6doctor6checks5lintsNtB5_10LintsCheckNtNtB9_9diagnosis5Check11description
FNDA:5,_RNvMs_NtNtNtNtCsdRS28FRhyO9_16cargo_quickstart8commands6doctor6checks5lintsNtB4_10LintsCheck3new
FNDA:5,_RNvXNtNtNtNtCsdRS28FRhyO9_16cargo_quickstart8commands6doctor6checks5lintsNtB2_19RealCommandExecutorNtB2_15CommandExecutor14execute_clippy
FNDA:5,_RNvXs0_NtNtNtNtCsdRS28FRhyO9_16cargo_quickstart8commands6doctor6checks5lintsNtB5_10LintsCheckNtNtB9_9diagnosis5Check3run
FNDA:10,_RNvXs0_NtNtNtNtCsdRS28FRhyO9_16cargo_quickstart8commands6doctor6checks5lintsNtB5_10LintsCheckNtNtB9_9diagnosis5Check4name
FNDA:10,_RNvXs0_NtNtNtNtCsdRS28FRhyO9_16cargo_quickstart8commands6doctor6checks5lintsNtB5_10LintsCheckNtNtB9_9diagnosis5Check8category
FNDA:3,_RNvMs_NtNtNtNtCs71rpGBOlD6b_16cargo_quickstart8commands6doctor6checks5lintsNtB4_10LintsCheck13with_executor
FNDA:1,_RNvNtNtNtNtNtCs71rpGBOlD6b_16cargo_quickstart8commands6doctor6checks5lints5tests14failure_output
FNDA:1,_RNvNtNtNtNtNtCs71rpGBOlD6b_16cargo_quickstart8commands6doctor6checks5lints5tests14success_output
FNDA:1,_RNvNtNtNtNtNtCs71rpGBOlD6b_16cargo_quickstart8commands6doctor6checks5lints5testss_16test_name_method
FNDA:1,_RNvNtNtNtNtNtCs71rpGBOlD6b_16cargo_quickstart8commands6doctor6checks5lints5testss_20test_category_method
FNDA:1,_RNvNtNtNtNtNtCs71rpGBOlD6b_16cargo_quickstart8commands6doctor6checks5lints5testss_22test_lints_check_error
FNDA:1,_RNvNtNtNtNtNtCs71rpGBOlD6b_16cargo_quickstart8commands6doctor6checks5lints5testss_23test_description_method
FNDA:1,_RNvNtNtNtNtNtCs71rpGBOlD6b_16cargo_quickstart8commands6doctor6checks5lints5testss_24test_lints_check_success
FNDA:1,_RNvNtNtNtNtNtCs71rpGBOlD6b_16cargo_quickstart8commands6doctor6checks5lints5testss_24test_lints_check_warning
FNDA:3,_RNvXNtNtNtNtNtCs71rpGBOlD6b_16cargo_quickstart8commands6doctor6checks5lints5testsNtB2_19MockCommandExecutorNtB4_15CommandExecutor14execute_clippy
FNDA:3,_RNvXs0_NtNtNtNtCs71rpGBOlD6b_16cargo_quickstart8commands6doctor6checks5lintsNtB5_10LintsCheckNtNtB9_9diagnosis5Check11description
FNDA:8,_RNvXs0_NtNtNtNtCs71rpGBOlD6b_16cargo_quickstart8commands6doctor6checks5lintsNtB5_10LintsCheckNtNtB9_9diagnosis5Check4name
FNDA:8,_RNvXs0_NtNtNtNtCs71rpGBOlD6b_16cargo_quickstart8commands6doctor6checks5lintsNtB5_10LintsCheckNtNtB9_9diagnosis5Check8category
FNDA:6,_RNvMs_NtNtNtNtCs71rpGBOlD6b_16cargo_quickstart8commands6doctor6checks5lintsNtB4_10LintsCheck3new
FNDA:2,_RNvXNtNtNtNtCs71rpGBOlD6b_16cargo_quickstart8commands6doctor6checks5lintsNtB2_19RealCommandExecutorNtB2_15CommandExecutor14execute_clippy
FNDA:5,_RNvXs0_NtNtNtNtCs71rpGBOlD6b_16cargo_quickstart8commands6doctor6checks5lintsNtB5_10LintsCheckNtNtB9_9diagnosis5Check3run
FNF:16
FNH:16
DA:16,7
DA:17,7
DA:18,7
DA:19,7
DA:20,7
DA:30,11
DA:31,11
DA:32,11
DA:33,11
DA:34,11
DA:38,3
DA:39,3
DA:40,3
DA:44,10
DA:45,10
DA:48,10
DA:50,10
DA:51,9
DA:52,9
DA:53,7
DA:54,7
DA:55,7
DA:56,7
DA:57,7
DA:58,7
DA:59,7
DA:60,2
DA:61,2
DA:62,2
DA:63,2
DA:64,2
DA:65,2
DA:66,2
DA:67,2
DA:68,2
DA:69,2
DA:70,2
DA:72,1
DA:73,1
DA:74,1
DA:75,1
DA:76,1
DA:77,1
DA:78,1
DA:79,1
DA:80,1
DA:81,1
DA:82,1
DA:83,1
DA:84,1
DA:87,10
DA:88,10
DA:90,18
DA:91,18
DA:92,18
DA:94,8
DA:95,8
DA:96,8
DA:98,18
DA:99,18
DA:100,18
DA:123,3
DA:124,3
DA:125,1
DA:126,1
DA:128,1
DA:131,3
DA:135,1
DA:136,1
DA:137,1
DA:138,1
DA:139,1
DA:140,1
DA:141,1
DA:144,1
DA:145,1
DA:146,1
DA:147,1
DA:148,1
DA:149,1
DA:150,1
DA:153,1
DA:154,1
DA:155,1
DA:156,1
DA:157,1
DA:159,1
DA:161,1
DA:162,1
DA:163,1
DA:164,1
DA:167,1
DA:168,1
DA:169,1
DA:170,1
DA:171,1
DA:173,1
DA:175,1
DA:176,1
DA:177,1
DA:178,1
DA:179,1
DA:182,1
DA:183,1
DA:185,0
DA:187,1
DA:190,1
DA:191,1
DA:192,1
DA:193,1
DA:194,1
DA:196,1
DA:198,1
DA:199,1
DA:200,1
DA:201,1
DA:202,1
DA:205,1
DA:206,1
DA:208,0
DA:210,1
DA:213,1
DA:214,1
DA:215,1
DA:216,1
DA:219,1
DA:220,1
DA:221,1
DA:222,1
DA:225,1
DA:226,1
DA:227,1
DA:228,1
BRF:0
BRH:0
LF:133
LH:131
end_of_record
SF:/Users/smeya/git/cargo-quickstart/crates/quickstart-cli/src/commands/doctor/checks/rust.rs
FN:39,_RNvMNtNtNtNtCsdRS28FRhyO9_16cargo_quickstart8commands6doctor6checks4rustNtB2_18RustToolchainCheck10check_tool
FN:112,_RNvNtNtNtNtCsdRS28FRhyO9_16cargo_quickstart8commands6doctor6checks4rust14run_version_fn
FN:107,_RNvNtNtNtNtCsdRS28FRhyO9_16cargo_quickstart8commands6doctor6checks4rust8which_fn
FN:87,_RNvXs_NtNtNtNtCsdRS28FRhyO9_16cargo_quickstart8commands6doctor6checks4rustNtB4_18RustToolchainCheckNtNtB8_9diagnosis5Check3run
FN:19,_RNvMNtNtNtNtCsdRS28FRhyO9_16cargo_quickstart8commands6doctor6checks4rustNtB2_18RustToolchainCheck3new
FN:97,_RNvXs_NtNtNtNtCsdRS28FRhyO9_16cargo_quickstart8commands6doctor6checks4rustNtB4_18RustToolchainCheckNtNtB8_9diagnosis5Check11description
FN:93,_RNvXs_NtNtNtNtCsdRS28FRhyO9_16cargo_quickstart8commands6doctor6checks4rustNtB4_18RustToolchainCheckNtNtB8_9diagnosis5Check4name
FN:101,_RNvXs_NtNtNtNtCsdRS28FRhyO9_16cargo_quickstart8commands6doctor6checks4rustNtB4_18RustToolchainCheckNtNtB8_9diagnosis5Check8category
FN:28,_RNvMNtNtNtNtCsdRS28FRhyO9_16cargo_quickstart8commands6doctor6checks4rustNtB2_18RustToolchainCheck14with_executors
FN:28,_RNvMNtNtNtNtCs71rpGBOlD6b_16cargo_quickstart8commands6doctor6checks4rustNtB2_18RustToolchainCheck14with_executors
FN:19,_RNvMNtNtNtNtCs71rpGBOlD6b_16cargo_quickstart8commands6doctor6checks4rustNtB2_18RustToolchainCheck3new
FN:121,_RNvNtNtNtNtNtCs71rpGBOlD6b_16cargo_quickstart8commands6doctor6checks4rust5tests11mock_output
FN:133,_RNvNtNtNtNtNtCs71rpGBOlD6b_16cargo_quickstart8commands6doctor6checks4rust5tests9mock_path
FN:138,_RNvNtNtNtNtNtCs71rpGBOlD6b_16cargo_quickstart8commands6doctor6checks4rust5testss_18test_both_tools_ok
FN:155,_RNvNtNtNtNtNtCs71rpGBOlD6b_16cargo_quickstart8commands6doctor6checks4rust5testss_18test_cargo_missing
FN:178,_RNvNtNtNtNtNtCs71rpGBOlD6b_16cargo_quickstart8commands6doctor6checks4rust5testss_18test_rustc_missing
FN:201,_RNvNtNtNtNtNtCs71rpGBOlD6b_16cargo_quickstart8commands6doctor6checks4rust5testss_24test_cargo_version_fails
FN:139,_RNvNvNtNtNtNtNtCs71rpGBOlD6b_16cargo_quickstart8commands6doctor6checks4rust5testss_18test_both_tools_ok14which_executor
FN:142,_RNvNvNtNtNtNtNtCs71rpGBOlD6b_16cargo_quickstart8commands6doctor6checks4rust5testss_18test_both_tools_ok16command_executor
FN:156,_RNvNvNtNtNtNtNtCs71rpGBOlD6b_16cargo_quickstart8commands6doctor6checks4rust5testss_18test_cargo_missing14which_executor
FN:166,_RNvNvNtNtNtNtNtCs71rpGBOlD6b_16cargo_quickstart8commands6doctor6checks4rust5testss_18test_cargo_missing16command_executor
FN:179,_RNvNvNtNtNtNtNtCs71rpGBOlD6b_16cargo_quickstart8commands6doctor6checks4rust5testss_18test_rustc_missing14which_executor
FN:189,_RNvNvNtNtNtNtNtCs71rpGBOlD6b_16cargo_quickstart8commands6doctor6checks4rust5testss_18test_rustc_missing16command_executor
FN:202,_RNvNvNtNtNtNtNtCs71rpGBOlD6b_16cargo_quickstart8commands6doctor6checks4rust5testss_24test_cargo_version_fails14which_executor
FN:205,_RNvNvNtNtNtNtNtCs71rpGBOlD6b_16cargo_quickstart8commands6doctor6checks4rust5testss_24test_cargo_version_fails16command_executor
FN:97,_RNvXs_NtNtNtNtCs71rpGBOlD6b_16cargo_quickstart8commands6doctor6checks4rustNtB4_18RustToolchainCheckNtNtB8_9diagnosis5Check11description
FN:93,_RNvXs_NtNtNtNtCs71rpGBOlD6b_16cargo_quickstart8commands6doctor6checks4rustNtB4_18RustToolchainCheckNtNtB8_9diagnosis5Check4name
FN:101,_RNvXs_NtNtNtNtCs71rpGBOlD6b_16cargo_quickstart8commands6doctor6checks4rustNtB4_18RustToolchainCheckNtNtB8_9diagnosis5Check8category
FN:39,_RNvMNtNtNtNtCs71rpGBOlD6b_16cargo_quickstart8commands6doctor6checks4rustNtB2_18RustToolchainCheck10check_tool
FN:112,_RNvNtNtNtNtCs71rpGBOlD6b_16cargo_quickstart8commands6doctor6checks4rust14run_version_fn
FN:107,_RNvNtNtNtNtCs71rpGBOlD6b_16cargo_quickstart8commands6doctor6checks4rust8which_fn
FN:87,_RNvXs_NtNtNtNtCs71rpGBOlD6b_16cargo_quickstart8commands6doctor6checks4rustNtB4_18RustToolchainCheckNtNtB8_9diagnosis5Check3run
FNDA:10,_RNvMNtNtNtNtCsdRS28FRhyO9_16cargo_quickstart8commands6doctor6checks4rustNtB2_18RustToolchainCheck10check_tool
FNDA:10,_RNvNtNtNtNtCsdRS28FRhyO9_16cargo_quickstart8commands6doctor6checks4rust14run_version_fn
FNDA:10,_RNvNtNtNtNtCsdRS28FRhyO9_16cargo_quickstart8commands6doctor6checks4rust8which_fn
FNDA:5,_RNvXs_NtNtNtNtCsdRS28FRhyO9_16cargo_quickstart8commands6doctor6checks4rustNtB4_18RustToolchainCheckNtNtB8_9diagnosis5Check3run
FNDA:5,_RNvMNtNtNtNtCsdRS28FRhyO9_16cargo_quickstart8commands6doctor6checks4rustNtB2_18RustToolchainCheck3new
FNDA:5,_RNvXs_NtNtNtNtCsdRS28FRhyO9_16cargo_quickstart8commands6doctor6checks4rustNtB4_18RustToolchainCheckNtNtB8_9diagnosis5Check11description
FNDA:15,_RNvXs_NtNtNtNtCsdRS28FRhyO9_16cargo_quickstart8commands6doctor6checks4rustNtB4_18RustToolchainCheckNtNtB8_9diagnosis5Check4name
FNDA:15,_RNvXs_NtNtNtNtCsdRS28FRhyO9_16cargo_quickstart8commands6doctor6checks4rustNtB4_18RustToolchainCheckNtNtB8_9diagnosis5Check8category
FNDA:0,_RNvMNtNtNtNtCsdRS28FRhyO9_16cargo_quickstart8commands6doctor6checks4rustNtB2_18RustToolchainCheck14with_executors
FNDA:4,_RNvMNtNtNtNtCs71rpGBOlD6b_16cargo_quickstart8commands6doctor6checks4rustNtB2_18RustToolchainCheck14with_executors
FNDA:3,_RNvMNtNtNtNtCs71rpGBOlD6b_16cargo_quickstart8commands6doctor6checks4rustNtB2_18RustToolchainCheck3new
FNDA:6,_RNvNtNtNtNtNtCs71rpGBOlD6b_16cargo_quickstart8commands6doctor6checks4rust5tests11mock_output
FNDA:6,_RNvNtNtNtNtNtCs71rpGBOlD6b_16cargo_quickstart8commands6doctor6checks4rust5tests9mock_path
FNDA:1,_RNvNtNtNtNtNtCs71rpGBOlD6b_16cargo_quickstart8commands6doctor6checks4rust5testss_18test_both_tools_ok
FNDA:1,_RNvNtNtNtNtNtCs71rpGBOlD6b_16cargo_quickstart8commands6doctor6checks4rust5testss_18test_cargo_missing
FNDA:1,_RNvNtNtNtNtNtCs71rpGBOlD6b_16cargo_quickstart8commands6doctor6checks4rust5testss_18test_rustc_missing
FNDA:1,_RNvNtNtNtNtNtCs71rpGBOlD6b_16cargo_quickstart8commands6doctor6checks4rust5testss_24test_cargo_version_fails
FNDA:2,_RNvNvNtNtNtNtNtCs71rpGBOlD6b_16cargo_quickstart8commands6doctor6checks4rust5testss_18test_both_tools_ok14which_executor
FNDA:2,_RNvNvNtNtNtNtNtCs71rpGBOlD6b_16cargo_quickstart8commands6doctor6checks4rust5testss_18test_both_tools_ok16command_executor
FNDA:2,_RNvNvNtNtNtNtNtCs71rpGBOlD6b_16cargo_quickstart8commands6doctor6checks4rust5testss_18test_cargo_missing14which_executor
FNDA:1,_RNvNvNtNtNtNtNtCs71rpGBOlD6b_16cargo_quickstart8commands6doctor6checks4rust5testss_18test_cargo_missing16command_executor
FNDA:2,_RNvNvNtNtNtNtNtCs71rpGBOlD6b_16cargo_quickstart8commands6doctor6checks4rust5testss_18test_rustc_missing14which_executor
FNDA:1,_RNvNvNtNtNtNtNtCs71rpGBOlD6b_16cargo_quickstart8commands6doctor6checks4rust5testss_18test_rustc_missing16command_executor
FNDA:2,_RNvNvNtNtNtNtNtCs71rpGBOlD6b_16cargo_quickstart8commands6doctor6checks4rust5testss_24test_cargo_version_fails14which_executor
FNDA:2,_RNvNvNtNtNtNtNtCs71rpGBOlD6b_16cargo_quickstart8commands6doctor6checks4rust5testss_24test_cargo_version_fails16command_executor
FNDA:2,_RNvXs_NtNtNtNtCs71rpGBOlD6b_16cargo_quickstart8commands6doctor6checks4rustNtB4_18RustToolchainCheckNtNtB8_9diagnosis5Check11description
FNDA:14,_RNvXs_NtNtNtNtCs71rpGBOlD6b_16cargo_quickstart8commands6doctor6checks4rustNtB4_18RustToolchainCheckNtNtB8_9diagnosis5Check4name
FNDA:14,_RNvXs_NtNtNtNtCs71rpGBOlD6b_16cargo_quickstart8commands6doctor6checks4rustNtB4_18RustToolchainCheckNtNtB8_9diagnosis5Check8category
FNDA:12,_RNvMNtNtNtNtCs71rpGBOlD6b_16cargo_quickstart8commands6doctor6checks4rustNtB2_18RustToolchainCheck10check_tool
FNDA:4,_RNvNtNtNtNtCs71rpGBOlD6b_16cargo_quickstart8commands6doctor6checks4rust14run_version_fn
FNDA:4,_RNvNtNtNtNtCs71rpGBOlD6b_16cargo_quickstart8commands6doctor6checks4rust8which_fn
FNDA:6,_RNvXs_NtNtNtNtCs71rpGBOlD6b_16cargo_quickstart8commands6doctor6checks4rustNtB4_18RustToolchainCheckNtNtB8_9diagnosis5Check3run
FNF:23
FNH:23
DA:19,8
DA:20,8
DA:21,8
DA:22,8
DA:23,8
DA:24,8
DA:28,4
DA:29,4
DA:30,4
DA:31,4
DA:32,4
DA:33,4
DA:34,4
DA:35,4
DA:36,4
DA:39,22
DA:40,22
DA:41,20
DA:42,20
DA:43,20
DA:44,20
DA:45,20
DA:46,20
DA:47,19
DA:48,19
DA:49,19
DA:50,19
DA:51,19
DA:52,19
DA:54,19
DA:57,1
DA:58,1
DA:59,1
DA:60,1
DA:61,1
DA:63,1
DA:66,0
DA:67,0
DA:68,0
DA:69,0
DA:70,0
DA:72,0
DA:75,2
DA:76,2
DA:77,2
DA:78,2
DA:79,2
DA:81,2
DA:83,22
DA:87,11
DA:88,11
DA:90,11
DA:91,11
DA:93,29
DA:94,29
DA:95,29
DA:97,7
DA:98,7
DA:99,7
DA:101,29
DA:102,29
DA:103,29
DA:107,14
DA:108,14
DA:109,14
DA:112,14
DA:113,14
DA:114,14
DA:121,6
DA:123,6
DA:124,5
DA:126,1
DA:128,6
DA:129,6
DA:131,6
DA:133,6
DA:134,6
DA:135,6
DA:138,1
DA:139,2
DA:140,2
DA:141,2
DA:142,2
DA:143,2
DA:144,2
DA:146,1
DA:147,1
DA:149,1
DA:150,1
DA:151,1
DA:152,1
DA:155,1
DA:156,2
DA:157,2
DA:158,1
DA:159,1
DA:160,1
DA:161,1
DA:163,1
DA:165,2
DA:166,1
DA:167,1
DA:168,1
DA:170,1
DA:171,1
DA:173,1
DA:174,1
DA:175,1
DA:178,1
DA:179,2
DA:180,2
DA:181,1
DA:182,1
DA:183,1
DA:184,1
DA:186,1
DA:188,2
DA:189,1
DA:190,1
DA:191,1
DA:193,1
DA:194,1
DA:196,1
DA:197,1
DA:198,1
DA:201,1
DA:202,2
DA:203,2
DA:204,2
DA:205,2
DA:206,2
DA:207,1
DA:209,1
DA:211,2
DA:213,1
DA:214,1
DA:216,1
DA:217,1
DA:218,1
BRF:0
BRH:0
LF:139
LH:133
end_of_record
SF:/Users/smeya/git/cargo-quickstart/crates/quickstart-cli/src/commands/doctor/checks/templates.rs
FN:34,_RNvMNtNtNtNtCsdRS28FRhyO9_16cargo_quickstart8commands6doctor6checks9templatesNtB2_14TemplatesCheck19check_template_docs
FN:22,_RNvMNtNtNtNtCsdRS28FRhyO9_16cargo_quickstart8commands6doctor6checks9templatesNtB2_14TemplatesCheck21check_template_naming
FN:46,_RNvMNtNtNtNtCsdRS28FRhyO9_16cargo_quickstart8commands6doctor6checks9templatesNtB2_14TemplatesCheck23check_template_validity
FN:15,_RNvMNtNtNtNtCsdRS28FRhyO9_16cargo_quickstart8commands6doctor6checks9templatesNtB2_14TemplatesCheck3new
FN:71,_RNvXs_NtNtNtNtCsdRS28FRhyO9_16cargo_quickstart8commands6doctor6checks9templatesNtB4_14TemplatesCheckNtNtB8_9diagnosis5Check11description
FN:59,_RNvXs_NtNtNtNtCsdRS28FRhyO9_16cargo_quickstart8commands6doctor6checks9templatesNtB4_14TemplatesCheckNtNtB8_9diagnosis5Check3run
FN:67,_RNvXs_NtNtNtNtCsdRS28FRhyO9_16cargo_quickstart8commands6doctor6checks9templatesNtB4_14TemplatesCheckNtNtB8_9diagnosis5Check4name
FN:75,_RNvXs_NtNtNtNtCsdRS28FRhyO9_16cargo_quickstart8commands6doctor6checks9templatesNtB4_14TemplatesCheckNtNtB8_9diagnosis5Check8category
FN:34,_RNvMNtNtNtNtCs71rpGBOlD6b_16cargo_quickstart8commands6doctor6checks9templatesNtB2_14TemplatesCheck19check_template_docs
FN:22,_RNvMNtNtNtNtCs71rpGBOlD6b_16cargo_quickstart8commands6doctor6checks9templatesNtB2_14TemplatesCheck21check_template_naming
FN:46,_RNvMNtNtNtNtCs71rpGBOlD6b_16cargo_quickstart8commands6doctor6checks9templatesNtB2_14TemplatesCheck23check_template_validity
FN:15,_RNvMNtNtNtNtCs71rpGBOlD6b_16cargo_quickstart8commands6doctor6checks9templatesNtB2_14TemplatesCheck3new
FN:85,_RNvNtNtNtNtNtCs71rpGBOlD6b_16cargo_quickstart8commands6doctor6checks9templates5testss_16test_name_method
FN:100,_RNvNtNtNtNtNtCs71rpGBOlD6b_16cargo_quickstart8commands6doctor6checks9templates5testss_20test_category_method
FN:91,_RNvNtNtNtNtNtCs71rpGBOlD6b_16cargo_quickstart8commands6doctor6checks9templates5testss_23test_description_method
FN:106,_RNvNtNtNtNtNtCs71rpGBOlD6b_16cargo_quickstart8commands6doctor6checks9templates5testss_28test_run_returns_diagnostics
FN:71,_RNvXs_NtNtNtNtCs71rpGBOlD6b_16cargo_quickstart8commands6doctor6checks9templatesNtB4_14TemplatesCheckNtNtB8_9diagnosis5Check11description
FN:59,_RNvXs_NtNtNtNtCs71rpGBOlD6b_16cargo_quickstart8commands6doctor6checks9templatesNtB4_14TemplatesCheckNtNtB8_9diagnosis5Check3run
FN:67,_RNvXs_NtNtNtNtCs71rpGBOlD6b_16cargo_quickstart8commands6doctor6checks9templatesNtB4_14TemplatesCheckNtNtB8_9diagnosis5Check4name
FN:75,_RNvXs_NtNtNtNtCs71rpGBOlD6b_16cargo_quickstart8commands6doctor6checks9templatesNtB4_14TemplatesCheckNtNtB8_9diagnosis5Check8category
FNDA:5,_RNvMNtNtNtNtCsdRS28FRhyO9_16cargo_quickstart8commands6doctor6checks9templatesNtB2_14TemplatesCheck19check_template_docs
FNDA:5,_RNvMNtNtNtNtCsdRS28FRhyO9_16cargo_quickstart8commands6doctor6checks9templatesNtB2_14TemplatesCheck21check_template_naming
FNDA:5,_RNvMNtNtNtNtCsdRS28FRhyO9_16cargo_quickstart8commands6doctor6checks9templatesNtB2_14TemplatesCheck23check_template_validity
FNDA:5,_RNvMNtNtNtNtCsdRS28FRhyO9_16cargo_quickstart8commands6doctor6checks9templatesNtB2_14TemplatesCheck3new
FNDA:5,_RNvXs_NtNtNtNtCsdRS28FRhyO9_16cargo_quickstart8commands6doctor6checks9templatesNtB4_14TemplatesCheckNtNtB8_9diagnosis5Check11description
FNDA:5,_RNvXs_NtNtNtNtCsdRS28FRhyO9_16cargo_quickstart8commands6doctor6checks9templatesNtB4_14TemplatesCheckNtNtB8_9diagnosis5Check3run
FNDA:20,_RNvXs_NtNtNtNtCsdRS28FRhyO9_16cargo_quickstart8commands6doctor6checks9templatesNtB4_14TemplatesCheckNtNtB8_9diagnosis5Check4name
FNDA:20,_RNvXs_NtNtNtNtCsdRS28FRhyO9_16cargo_quickstart8commands6doctor6checks9templatesNtB4_14TemplatesCheckNtNtB8_9diagnosis5Check8category
FNDA:3,_RNvMNtNtNtNtCs71rpGBOlD6b_16cargo_quickstart8commands6doctor6checks9templatesNtB2_14TemplatesCheck19check_template_docs
FNDA:3,_RNvMNtNtNtNtCs71rpGBOlD6b_16cargo_quickstart8commands6doctor6checks9templatesNtB2_14TemplatesCheck21check_template_naming
FNDA:3,_RNvMNtNtNtNtCs71rpGBOlD6b_16cargo_quickstart8commands6doctor6checks9templatesNtB2_14TemplatesCheck23check_template_validity
FNDA:7,_RNvMNtNtNtNtCs71rpGBOlD6b_16cargo_quickstart8commands6doctor6checks9templatesNtB2_14TemplatesCheck3new
FNDA:1,_RNvNtNtNtNtNtCs71rpGBOlD6b_16cargo_quickstart8commands6doctor6checks9templates5testss_16test_name_method
FNDA:1,_RNvNtNtNtNtNtCs71rpGBOlD6b_16cargo_quickstart8commands6doctor6checks9templates5testss_20test_category_method
FNDA:1,_RNvNtNtNtNtNtCs71rpGBOlD6b_16cargo_quickstart8commands6doctor6checks9templates5testss_23test_description_method
FNDA:1,_RNvNtNtNtNtNtCs71rpGBOlD6b_16cargo_quickstart8commands6doctor6checks9templates5testss_28test_run_returns_diagnostics
FNDA:3,_RNvXs_NtNtNtNtCs71rpGBOlD6b_16cargo_quickstart8commands6doctor6checks9templatesNtB4_14TemplatesCheckNtNtB8_9diagnosis5Check11description
FNDA:3,_RNvXs_NtNtNtNtCs71rpGBOlD6b_16cargo_quickstart8commands6doctor6checks9templatesNtB4_14TemplatesCheckNtNtB8_9diagnosis5Check3run
FNDA:12,_RNvXs_NtNtNtNtCs71rpGBOlD6b_16cargo_quickstart8commands6doctor6checks9templatesNtB4_14TemplatesCheckNtNtB8_9diagnosis5Check4name
FNDA:12,_RNvXs_NtNtNtNtCs71rpGBOlD6b_16cargo_quickstart8commands6doctor6checks9templatesNtB4_14TemplatesCheckNtNtB8_9diagnosis5Check8category
FNF:12
FNH:12
DA:15,12
DA:16,12
DA:17,12
DA:18,12
DA:19,12
DA:22,8
DA:25,8
DA:26,8
DA:27,8
DA:29,8
DA:31,8
DA:34,8
DA:37,8
DA:38,8
DA:39,8
DA:41,8
DA:43,8
DA:46,8
DA:49,8
DA:50,8
DA:51,8
DA:53,8
DA:55,8
DA:59,8
DA:60,8
DA:61,8
DA:62,8
DA:63,8
DA:65,8
DA:67,32
DA:68,32
DA:69,32
DA:71,8
DA:72,8
DA:73,8
DA:75,32
DA:76,32
DA:77,32
DA:85,1
DA:86,1
DA:87,1
DA:88,1
DA:91,1
DA:92,1
DA:93,1
DA:94,1
DA:97,1
DA:100,1
DA:101,1
DA:102,1
DA:103,1
DA:106,1
DA:107,1
DA:108,1
DA:109,1
DA:110,1
BRF:0
BRH:0
LF:56
LH:56
end_of_record
SF:/Users/smeya/git/cargo-quickstart/crates/quickstart-cli/src/commands/doctor/diagnosis.rs
FN:32,_RNvNtNtNtCsdRS28FRhyO9_16cargo_quickstart8commands6doctor9diagnosis10run_checks
FN:32,_RNvNtNtNtCs71rpGBOlD6b_16cargo_quickstart8commands6doctor9diagnosis10run_checks
FN:68,_RINvMNtNtNtNtCs71rpGBOlD6b_16cargo_quickstart8commands6doctor9diagnosis5testsNtB3_9MockCheck3newReB1w_B1w_EBb_
FN:121,_RNvNtNtNtNtCs71rpGBOlD6b_16cargo_quickstart8commands6doctor9diagnosis5testss_22test_report_generation
FN:102,_RNvNtNtNtNtCs71rpGBOlD6b_16cargo_quickstart8commands6doctor9diagnosis5testss_24test_diagnostic_creation
FN:92,_RNvXs_NtNtNtNtCs71rpGBOlD6b_16cargo_quickstart8commands6doctor9diagnosis5testsNtB4_9MockCheckNtB6_5Check11description
FN:84,_RNvXs_NtNtNtNtCs71rpGBOlD6b_16cargo_quickstart8commands6doctor9diagnosis5testsNtB4_9MockCheckNtB6_5Check3run
FN:88,_RNvXs_NtNtNtNtCs71rpGBOlD6b_16cargo_quickstart8commands6doctor9diagnosis5testsNtB4_9MockCheckNtB6_5Check4name
FN:96,_RNvXs_NtNtNtNtCs71rpGBOlD6b_16cargo_quickstart8commands6doctor9diagnosis5testsNtB4_9MockCheckNtB6_5Check8category
FNDA:5,_RNvNtNtNtCsdRS28FRhyO9_16cargo_quickstart8commands6doctor9diagnosis10run_checks
FNDA:3,_RNvNtNtNtCs71rpGBOlD6b_16cargo_quickstart8commands6doctor9diagnosis10run_checks
FNDA:2,_RINvMNtNtNtNtCs71rpGBOlD6b_16cargo_quickstart8commands6doctor9diagnosis5testsNtB3_9MockCheck3newReB1w_B1w_EBb_
FNDA:1,_RNvNtNtNtNtCs71rpGBOlD6b_16cargo_quickstart8commands6doctor9diagnosis5testss_22test_report_generation
FNDA:1,_RNvNtNtNtNtCs71rpGBOlD6b_16cargo_quickstart8commands6doctor9diagnosis5testss_24test_diagnostic_creation
FNDA:2,_RNvXs_NtNtNtNtCs71rpGBOlD6b_16cargo_quickstart8commands6doctor9diagnosis5testsNtB4_9MockCheckNtB6_5Check11description
FNDA:2,_RNvXs_NtNtNtNtCs71rpGBOlD6b_16cargo_quickstart8commands6doctor9diagnosis5testsNtB4_9MockCheckNtB6_5Check3run
FNDA:2,_RNvXs_NtNtNtNtCs71rpGBOlD6b_16cargo_quickstart8commands6doctor9diagnosis5testsNtB4_9MockCheckNtB6_5Check4name
FNDA:2,_RNvXs_NtNtNtNtCs71rpGBOlD6b_16cargo_quickstart8commands6doctor9diagnosis5testsNtB4_9MockCheckNtB6_5Check8category
FNF:8
FNH:8
DA:32,8
DA:33,8
DA:35,45
DA:36,37
DA:37,37
DA:38,37
DA:39,37
DA:40,37
DA:41,37
DA:42,37
DA:43,37
DA:44,37
DA:45,37
DA:46,37
DA:47,37
DA:48,37
DA:49,37
DA:51,8
DA:52,8
DA:68,2
DA:69,2
DA:70,2
DA:71,2
DA:72,2
DA:73,2
DA:74,2
DA:75,2
DA:76,2
DA:77,2
DA:78,2
DA:79,2
DA:80,2
DA:84,2
DA:85,2
DA:86,2
DA:88,2
DA:89,2
DA:90,2
DA:92,2
DA:93,2
DA:94,2
DA:96,2
DA:97,2
DA:98,2
DA:102,1
DA:103,1
DA:105,1
DA:109,1
DA:110,1
DA:112,1
DA:113,1
DA:114,1
DA:115,1
DA:116,1
DA:117,1
DA:118,1
DA:121,1
DA:123,1
DA:125,1
DA:130,1
DA:132,1
DA:138,1
DA:139,1
DA:140,1
DA:141,1
DA:142,1
DA:143,1
DA:144,1
DA:145,1
DA:146,1
DA:147,1
DA:148,1
DA:149,1
DA:150,1
DA:154,1
DA:157,1
DA:158,1
DA:159,1
DA:162,1
DA:163,1
DA:164,1
DA:165,1
DA:166,1
DA:167,1
DA:168,1
BRF:0
BRH:0
LF:85
LH:85
end_of_record
SF:/Users/smeya/git/cargo-quickstart/crates/quickstart-cli/src/commands/doctor/mod.rs
FN:101,_RNCNvNtNtCsdRS28FRhyO9_16cargo_quickstart8commands6doctor7execute0B7_
FN:116,_RNvNtNtCsdRS28FRhyO9_16cargo_quickstart8commands6doctor14collect_checks
FN:18,_RNvNtNtCsdRS28FRhyO9_16cargo_quickstart8commands6doctor7execute
FN:101,_RNCNvNtNtCs71rpGBOlD6b_16cargo_quickstart8commands6doctor7execute0B7_
FN:116,_RNvNtNtCs71rpGBOlD6b_16cargo_quickstart8commands6doctor14collect_checks
FN:18,_RNvNtNtCs71rpGBOlD6b_16cargo_quickstart8commands6doctor7execute
FN:144,_RNvNtNtNtCs71rpGBOlD6b_16cargo_quickstart8commands6doctor5testss_31test_execute_runs_without_error
FN:135,_RNvNtNtNtCs71rpGBOlD6b_16cargo_quickstart8commands6doctor5testss_34test_collect_checks_returns_checks
FNDA:65,_RNCNvNtNtCsdRS28FRhyO9_16cargo_quickstart8commands6doctor7execute0B7_
FNDA:5,_RNvNtNtCsdRS28FRhyO9_16cargo_quickstart8commands6doctor14collect_checks
FNDA:5,_RNvNtNtCsdRS28FRhyO9_16cargo_quickstart8commands6doctor7execute
FNDA:26,_RNCNvNtNtCs71rpGBOlD6b_16cargo_quickstart8commands6doctor7execute0B7_
FNDA:3,_RNvNtNtCs71rpGBOlD6b_16cargo_quickstart8commands6doctor14collect_checks
FNDA:2,_RNvNtNtCs71rpGBOlD6b_16cargo_quickstart8commands6doctor7execute
FNDA:1,_RNvNtNtNtCs71rpGBOlD6b_16cargo_quickstart8commands6doctor5testss_31test_execute_runs_without_error
FNDA:1,_RNvNtNtNtCs71rpGBOlD6b_16cargo_quickstart8commands6doctor5testss_34test_collect_checks_returns_checks
FNF:5
FNH:5
DA:18,7
DA:19,7
DA:22,7
DA:23,7
DA:26,42
DA:27,35
DA:28,35
DA:29,35
DA:31,35
DA:32,0
DA:33,0
DA:34,35
DA:37,126
DA:38,91
DA:39,66
DA:40,0
DA:41,24
DA:42,1
DA:45,91
DA:46,7
DA:47,84
DA:49,91
DA:50,25
DA:51,66
DA:56,7
DA:58,7
DA:59,7
DA:60,7
DA:61,7
DA:62,7
DA:63,7
DA:64,7
DA:67,7
DA:68,7
DA:69,7
DA:70,0
DA:72,7
DA:73,6
DA:75,1
DA:76,1
DA:78,0
DA:79,0
DA:81,0
DA:85,7
DA:86,7
DA:88,7
DA:89,1
DA:90,6
DA:92,7
DA:93,7
DA:94,7
DA:97,7
DA:98,42
DA:99,35
DA:100,35
DA:101,91
DA:102,35
DA:104,35
DA:105,15
DA:106,15
DA:107,15
DA:108,20
DA:110,0
DA:112,7
DA:113,7
DA:116,8
DA:119,8
DA:120,8
DA:121,8
DA:122,8
DA:123,8
DA:124,8
DA:127,8
DA:128,8
DA:135,1
DA:136,1
DA:137,1
DA:138,1
DA:139,0
DA:141,1
DA:144,1
DA:146,1
DA:147,0
DA:148,0
DA:149,1
DA:151,1
DA:152,1
DA:153,1
BRF:0
BRH:0
LF:89
LH:78
end_of_record
SF:/Users/smeya/git/cargo-quickstart/crates/quickstart-cli/src/commands/doctor/reporting.rs
FN:100,_RNCNvMNtNtNtCsdRS28FRhyO9_16cargo_quickstart8commands6doctor9reportingNtB4_16DiagnosticReport10statistics0Ba_
FN:58,_RNCNvMNtNtNtCsdRS28FRhyO9_16cargo_quickstart8commands6doctor9reportingNtB4_16DiagnosticReport23diagnostics_by_severitys_0Ba_
FN:48,_RNvMNtNtNtCsdRS28FRhyO9_16cargo_quickstart8commands6doctor9reportingNtB2_16DiagnosticReport10add_result
FN:97,_RNvMNtNtNtCsdRS28FRhyO9_16cargo_quickstart8commands6doctor9reportingNtB2_16DiagnosticReport10statistics
FN:78,_RNvMNtNtNtCsdRS28FRhyO9_16cargo_quickstart8commands6doctor9reportingNtB2_16DiagnosticReport12health_score
FN:63,_RNvMNtNtNtCsdRS28FRhyO9_16cargo_quickstart8commands6doctor9reportingNtB2_16DiagnosticReport23diagnostics_by_category
FN:54,_RNvMNtNtNtCsdRS28FRhyO9_16cargo_quickstart8commands6doctor9reportingNtB2_16DiagnosticReport23diagnostics_by_severity
FN:40,_RNvMNtNtNtCsdRS28FRhyO9_16cargo_quickstart8commands6doctor9reportingNtB2_16DiagnosticReport3new
FN:100,_RNCNvMNtNtNtCs71rpGBOlD6b_16cargo_quickstart8commands6doctor9reportingNtB4_16DiagnosticReport10statistics0Ba_
FN:58,_RNCNvMNtNtNtCs71rpGBOlD6b_16cargo_quickstart8commands6doctor9reportingNtB4_16DiagnosticReport23diagnostics_by_severitys_0Ba_
FN:48,_RNvMNtNtNtCs71rpGBOlD6b_16cargo_quickstart8commands6doctor9reportingNtB2_16DiagnosticReport10add_result
FN:97,_RNvMNtNtNtCs71rpGBOlD6b_16cargo_quickstart8commands6doctor9reportingNtB2_16DiagnosticReport10statistics
FN:78,_RNvMNtNtNtCs71rpGBOlD6b_16cargo_quickstart8commands6doctor9reportingNtB2_16DiagnosticReport12health_score
FN:63,_RNvMNtNtNtCs71rpGBOlD6b_16cargo_quickstart8commands6doctor9reportingNtB2_16DiagnosticReport23diagnostics_by_category
FN:54,_RNvMNtNtNtCs71rpGBOlD6b_16cargo_quickstart8commands6doctor9reportingNtB2_16DiagnosticReport23diagnostics_by_severity
FN:40,_RNvMNtNtNtCs71rpGBOlD6b_16cargo_quickstart8commands6doctor9reportingNtB2_16DiagnosticReport3new
FNDA:25,_RNCNvMNtNtNtCsdRS28FRhyO9_16cargo_quickstart8commands6doctor9reportingNtB4_16DiagnosticReport10statistics0Ba_
FNDA:455,_RNCNvMNtNtNtCsdRS28FRhyO9_16cargo_quickstart8commands6doctor9reportingNtB4_16DiagnosticReport23diagnostics_by_severitys_0Ba_
FNDA:25,_RNvMNtNtNtCsdRS28FRhyO9_16cargo_quickstart8commands6doctor9reportingNtB2_16DiagnosticReport10add_result
FNDA:5,_RNvMNtNtNtCsdRS28FRhyO9_16cargo_quickstart8commands6doctor9reportingNtB2_16DiagnosticReport10statistics
FNDA:5,_RNvMNtNtNtCsdRS28FRhyO9_16cargo_quickstart8commands6doctor9reportingNtB2_16DiagnosticReport12health_score
FNDA:5,_RNvMNtNtNtCsdRS28FRhyO9_16cargo_quickstart8commands6doctor9reportingNtB2_16DiagnosticReport23diagnostics_by_category
FNDA:35,_RNvMNtNtNtCsdRS28FRhyO9_16cargo_quickstart8commands6doctor9reportingNtB2_16DiagnosticReport23diagnostics_by_severity
FNDA:5,_RNvMNtNtNtCsdRS28FRhyO9_16cargo_quickstart8commands6doctor9reportingNtB2_16DiagnosticReport3new
FNDA:12,_RNCNvMNtNtNtCs71rpGBOlD6b_16cargo_quickstart8commands6doctor9reportingNtB4_16DiagnosticReport10statistics0Ba_
FNDA:200,_RNCNvMNtNtNtCs71rpGBOlD6b_16cargo_quickstart8commands6doctor9reportingNtB4_16DiagnosticReport23diagnostics_by_severitys_0Ba_
FNDA:12,_RNvMNtNtNtCs71rpGBOlD6b_16cargo_quickstart8commands6doctor9reportingNtB2_16DiagnosticReport10add_result
FNDA:3,_RNvMNtNtNtCs71rpGBOlD6b_16cargo_quickstart8commands6doctor9reportingNtB2_16DiagnosticReport10statistics
FNDA:3,_RNvMNtNtNtCs71rpGBOlD6b_16cargo_quickstart8commands6doctor9reportingNtB2_16DiagnosticReport12health_score
FNDA:2,_RNvMNtNtNtCs71rpGBOlD6b_16cargo_quickstart8commands6doctor9reportingNtB2_16DiagnosticReport23diagnostics_by_category
FNDA:23,_RNvMNtNtNtCs71rpGBOlD6b_16cargo_quickstart8commands6doctor9reportingNtB2_16DiagnosticReport23diagnostics_by_severity
FNDA:3,_RNvMNtNtNtCs71rpGBOlD6b_16cargo_quickstart8commands6doctor9reportingNtB2_16DiagnosticReport3new
FNF:8
FNH:8
DA:40,8
DA:41,8
DA:42,8
DA:43,8
DA:44,8
DA:45,8
DA:48,37
DA:49,37
DA:50,37
DA:51,37
DA:54,58
DA:55,58
DA:56,58
DA:57,58
DA:58,655
DA:59,58
DA:60,58
DA:63,7
DA:64,7
DA:66,42
DA:67,126
DA:68,91
DA:69,91
DA:70,91
DA:71,91
DA:74,7
DA:75,7
DA:78,8
DA:79,8
DA:80,8
DA:81,8
DA:83,8
DA:84,8
DA:85,0
DA:86,8
DA:89,8
DA:90,8
DA:91,8
DA:92,8
DA:93,8
DA:94,8
DA:97,8
DA:99,8
DA:100,37
DA:101,8
DA:102,8
DA:103,8
DA:104,8
DA:105,8
DA:107,8
BRF:0
BRH:0
LF:52
LH:51
end_of_record
SF:/Users/smeya/git/cargo-quickstart/crates/quickstart-cli/src/commands/doctor/types.rs
FN:86,_RINvMs_NtNtNtCsdRS28FRhyO9_16cargo_quickstart8commands6doctor5typesNtB5_10Diagnostic12with_detailsNtNtCsbWmXECNiIxc_5alloc6string6StringEBb_
FN:92,_RINvMs_NtNtNtCsdRS28FRhyO9_16cargo_quickstart8commands6doctor5typesNtB5_10Diagnostic15with_suggestionNtNtCsbWmXECNiIxc_5alloc6string6StringEBb_
FN:92,_RINvMs_NtNtNtCsdRS28FRhyO9_16cargo_quickstart8commands6doctor5typesNtB5_10Diagnostic15with_suggestionReEBb_
FN:68,_RINvMs_NtNtNtCsdRS28FRhyO9_16cargo_quickstart8commands6doctor5typesNtB5_10Diagnostic3newReB1o_B1o_EBb_
FN:68,_RINvMs_NtNtNtCsdRS28FRhyO9_16cargo_quickstart8commands6doctor5typesNtB5_10Diagnostic3newReNtNtCsbWmXECNiIxc_5alloc6string6StringB1o_EBb_
FN:38,_RNvXNtNtNtCsdRS28FRhyO9_16cargo_quickstart8commands6doctor5typesNtB2_8SeverityNtNtCs6FgkbHSHiEg_4core3fmt7Display3fmt
FN:120,_RNvNtNtNtNtCs71rpGBOlD6b_16cargo_quickstart8commands6doctor5types5testss_21test_severity_display
FN:128,_RNvNtNtNtNtCs71rpGBOlD6b_16cargo_quickstart8commands6doctor5types5testss_22test_severity_ordering
FN:185,_RNvNtNtNtNtCs71rpGBOlD6b_16cargo_quickstart8commands6doctor5types5testss_26test_diagnostic_full_chain
FN:159,_RNvNtNtNtNtCs71rpGBOlD6b_16cargo_quickstart8commands6doctor5types5testss_28test_diagnostic_with_details
FN:142,_RNvNtNtNtNtCs71rpGBOlD6b_16cargo_quickstart8commands6doctor5types5testss_30test_diagnostic_creation_basic
FN:172,_RNvNtNtNtNtCs71rpGBOlD6b_16cargo_quickstart8commands6doctor5types5testss_31test_diagnostic_with_suggestion
FN:104,_RNvNtNtNtNtCs71rpGBOlD6b_16cargo_quickstart8commands6doctor5types5testss_32test_health_thresholds_constants
FN:86,_RINvMs_NtNtNtCs71rpGBOlD6b_16cargo_quickstart8commands6doctor5typesNtB5_10Diagnostic12with_detailsNtNtCsbWmXECNiIxc_5alloc6string6StringEBb_
FN:86,_RINvMs_NtNtNtCs71rpGBOlD6b_16cargo_quickstart8commands6doctor5typesNtB5_10Diagnostic12with_detailsReEBb_
FN:92,_RINvMs_NtNtNtCs71rpGBOlD6b_16cargo_quickstart8commands6doctor5typesNtB5_10Diagnostic15with_suggestionNtNtCsbWmXECNiIxc_5alloc6string6StringEBb_
FN:92,_RINvMs_NtNtNtCs71rpGBOlD6b_16cargo_quickstart8commands6doctor5typesNtB5_10Diagnostic15with_suggestionReEBb_
FN:68,_RINvMs_NtNtNtCs71rpGBOlD6b_16cargo_quickstart8commands6doctor5typesNtB5_10Diagnostic3newReB1o_B1o_EBb_
FN:68,_RINvMs_NtNtNtCs71rpGBOlD6b_16cargo_quickstart8commands6doctor5typesNtB5_10Diagnostic3newReNtNtCsbWmXECNiIxc_5alloc6string6StringB1o_EBb_
FN:38,_RNvXNtNtNtCs71rpGBOlD6b_16cargo_quickstart8commands6doctor5typesNtB2_8SeverityNtNtCs6FgkbHSHiEg_4core3fmt7Display3fmt
FNDA:5,_RINvMs_NtNtNtCsdRS28FRhyO9_16cargo_quickstart8commands6doctor5typesNtB5_10Diagnostic12with_detailsNtNtCsbWmXECNiIxc_5alloc6string6StringEBb_
FNDA:12,_RINvMs_NtNtNtCsdRS28FRhyO9_16cargo_quickstart8commands6doctor5typesNtB5_10Diagnostic15with_suggestionNtNtCsbWmXECNiIxc_5alloc6string6StringEBb_
FNDA:7,_RINvMs_NtNtNtCsdRS28FRhyO9_16cargo_quickstart8commands6doctor5typesNtB5_10Diagnostic15with_suggestionReEBb_
FNDA:35,_RINvMs_NtNtNtCsdRS28FRhyO9_16cargo_quickstart8commands6doctor5typesNtB5_10Diagnostic3newReB1o_B1o_EBb_
FNDA:30,_RINvMs_NtNtNtCsdRS28FRhyO9_16cargo_quickstart8commands6doctor5typesNtB5_10Diagnostic3newReNtNtCsbWmXECNiIxc_5alloc6string6StringB1o_EBb_
FNDA:0,_RNvXNtNtNtCsdRS28FRhyO9_16cargo_quickstart8commands6doctor5typesNtB2_8SeverityNtNtCs6FgkbHSHiEg_4core3fmt7Display3fmt
FNDA:1,_RNvNtNtNtNtCs71rpGBOlD6b_16cargo_quickstart8commands6doctor5types5testss_21test_severity_display
FNDA:1,_RNvNtNtNtNtCs71rpGBOlD6b_16cargo_quickstart8commands6doctor5types5testss_22test_severity_ordering
FNDA:1,_RNvNtNtNtNtCs71rpGBOlD6b_16cargo_quickstart8commands6doctor5types5testss_26test_diagnostic_full_chain
FNDA:1,_RNvNtNtNtNtCs71rpGBOlD6b_16cargo_quickstart8commands6doctor5types5testss_28test_diagnostic_with_details
FNDA:1,_RNvNtNtNtNtCs71rpGBOlD6b_16cargo_quickstart8commands6doctor5types5testss_30test_diagnostic_creation_basic
FNDA:1,_RNvNtNtNtNtCs71rpGBOlD6b_16cargo_quickstart8commands6doctor5types5testss_31test_diagnostic_with_suggestion
FNDA:1,_RNvNtNtNtNtCs71rpGBOlD6b_16cargo_quickstart8commands6doctor5types5testss_32test_health_thresholds_constants
FNDA:3,_RINvMs_NtNtNtCs71rpGBOlD6b_16cargo_quickstart8commands6doctor5typesNtB5_10Diagnostic12with_detailsNtNtCsbWmXECNiIxc_5alloc6string6StringEBb_
FNDA:3,_RINvMs_NtNtNtCs71rpGBOlD6b_16cargo_quickstart8commands6doctor5typesNtB5_10Diagnostic12with_detailsReEBb_
FNDA:13,_RINvMs_NtNtNtCs71rpGBOlD6b_16cargo_quickstart8commands6doctor5typesNtB5_10Diagnostic15with_suggestionNtNtCsbWmXECNiIxc_5alloc6string6StringEBb_
FNDA:13,_RINvMs_NtNtNtCs71rpGBOlD6b_16cargo_quickstart8commands6doctor5typesNtB5_10Diagnostic15with_suggestionReEBb_
FNDA:54,_RINvMs_NtNtNtCs71rpGBOlD6b_16cargo_quickstart8commands6doctor5typesNtB5_10Diagnostic3newReB1o_B1o_EBb_
FNDA:32,_RINvMs_NtNtNtCs71rpGBOlD6b_16cargo_quickstart8commands6doctor5typesNtB5_10Diagnostic3newReNtNtCsbWmXECNiIxc_5alloc6string6StringB1o_EBb_
FNDA:4,_RNvXNtNtNtCs71rpGBOlD6b_16cargo_quickstart8commands6doctor5typesNtB2_8SeverityNtNtCs6FgkbHSHiEg_4core3fmt7Display3fmt
FNF:11
FNH:11
DA:38,4
DA:39,4
DA:40,1
DA:41,1
DA:42,1
DA:43,1
DA:45,4
DA:68,151
DA:69,151
DA:70,151
DA:71,151
DA:72,151
DA:73,151
DA:74,151
DA:75,151
DA:76,151
DA:77,151
DA:78,151
DA:79,151
DA:80,151
DA:81,151
DA:82,151
DA:86,11
DA:87,11
DA:88,11
DA:89,11
DA:92,45
DA:93,45
DA:94,45
DA:95,45
DA:104,1
DA:106,1
DA:107,1
DA:109,1
DA:110,1
DA:112,1
DA:113,1
DA:115,1
DA:116,1
DA:117,1
DA:120,1
DA:121,1
DA:122,1
DA:123,1
DA:124,1
DA:125,1
DA:128,1
DA:130,1
DA:131,1
DA:132,1
DA:135,1
DA:136,1
DA:137,1
DA:138,1
DA:139,1
DA:142,1
DA:143,1
DA:145,1
DA:150,1
DA:151,1
DA:152,1
DA:153,1
DA:154,1
DA:155,1
DA:156,1
DA:159,1
DA:160,1
DA:162,1
DA:166,1
DA:168,1
DA:169,1
DA:172,1
DA:173,1
DA:175,1
DA:179,1
DA:181,1
DA:182,1
DA:185,1
DA:186,1
DA:188,1
DA:192,1
DA:193,1
DA:195,1
DA:196,1
DA:197,1
DA:198,1
DA:199,1
DA:200,1
DA:201,1
BRF:0
BRH:0
LF:89
LH:89
end_of_record
SF:/Users/smeya/git/cargo-quickstart/crates/quickstart-cli/src/commands/init/config.rs
FN:20,_RNCNvNtNtNtCsdRS28FRhyO9_16cargo_quickstart8commands4init6config16get_project_name0B9_
FN:12,_RNvNtNtNtCsdRS28FRhyO9_16cargo_quickstart8commands4init6config16get_project_name
FN:55,_RNvNtNtNtCsdRS28FRhyO9_16cargo_quickstart8commands4init6config20display_project_info
FN:32,_RNvNtNtNtCsdRS28FRhyO9_16cargo_quickstart8commands4init6config22determine_project_type
FN:20,_RNCNvNtNtNtCs71rpGBOlD6b_16cargo_quickstart8commands4init6config16get_project_name0B9_
FN:12,_RNvNtNtNtCs71rpGBOlD6b_16cargo_quickstart8commands4init6config16get_project_name
FN:55,_RNvNtNtNtCs71rpGBOlD6b_16cargo_quickstart8commands4init6config20display_project_info
FN:32,_RNvNtNtNtCs71rpGBOlD6b_16cargo_quickstart8commands4init6config22determine_project_type
FNDA:0,_RNCNvNtNtNtCsdRS28FRhyO9_16cargo_quickstart8commands4init6config16get_project_name0B9_
FNDA:0,_RNvNtNtNtCsdRS28FRhyO9_16cargo_quickstart8commands4init6config16get_project_name
FNDA:0,_RNvNtNtNtCsdRS28FRhyO9_16cargo_quickstart8commands4init6config20display_project_info
FNDA:0,_RNvNtNtNtCsdRS28FRhyO9_16cargo_quickstart8commands4init6config22determine_project_type
FNDA:0,_RNCNvNtNtNtCs71rpGBOlD6b_16cargo_quickstart8commands4init6config16get_project_name0B9_
FNDA:6,_RNvNtNtNtCs71rpGBOlD6b_16cargo_quickstart8commands4init6config16get_project_name
FNDA:4,_RNvNtNtNtCs71rpGBOlD6b_16cargo_quickstart8commands4init6config20display_project_info
FNDA:8,_RNvNtNtNtCs71rpGBOlD6b_16cargo_quickstart8commands4init6config22determine_project_type
FNF:4
FNH:3
DA:12,6
DA:13,6
DA:14,5
DA:17,1
DA:18,1
DA:19,1
DA:20,1
DA:21,1
DA:23,1
DA:24,1
DA:26,0
DA:29,6
DA:32,8
DA:33,8
DA:34,1
DA:35,7
DA:36,5
DA:39,2
DA:40,2
DA:42,2
DA:43,0
DA:44,1
DA:47,1
DA:48,1
DA:52,8
DA:55,4
DA:56,4
DA:57,4
DA:58,4
DA:59,4
DA:60,4
DA:61,4
DA:62,4
DA:63,4
BRF:0
BRH:0
LF:35
LH:32
end_of_record
SF:/Users/smeya/git/cargo-quickstart/crates/quickstart-cli/src/commands/init/executor.rs
FN:55,_RNCNvNtNtNtCsdRS28FRhyO9_16cargo_quickstart8commands4init8executor7execute0B9_
FN:16,_RNvNtNtNtCsdRS28FRhyO9_16cargo_quickstart8commands4init8executor7execute
FN:16,_RNvNtNtNtCs71rpGBOlD6b_16cargo_quickstart8commands4init8executor7execute
FN:55,_RNCNvNtNtNtCs71rpGBOlD6b_16cargo_quickstart8commands4init8executor7execute0B9_
FNDA:0,_RNCNvNtNtNtCsdRS28FRhyO9_16cargo_quickstart8commands4init8executor7execute0B9_
FNDA:0,_RNvNtNtNtCsdRS28FRhyO9_16cargo_quickstart8commands4init8executor7execute
FNDA:4,_RNvNtNtNtCs71rpGBOlD6b_16cargo_quickstart8commands4init8executor7execute
FNDA:3,_RNCNvNtNtNtCs71rpGBOlD6b_16cargo_quickstart8commands4init8executor7execute0B9_
FNF:2
FNH:2
DA:16,4
DA:17,4
DA:20,4
DA:21,4
DA:24,4
DA:27,4
DA:28,2
DA:29,2
DA:30,1
DA:31,1
DA:32,2
DA:35,3
DA:36,3
DA:37,3
DA:38,3
DA:39,3
DA:40,3
DA:41,3
DA:42,3
DA:43,3
DA:44,3
DA:45,3
DA:46,3
DA:47,3
DA:48,3
DA:49,3
DA:52,3
DA:53,3
DA:54,3
DA:55,3
DA:57,4
BRF:0
BRH:0
LF:31
LH:31
end_of_record
SF:/Users/smeya/git/cargo-quickstart/crates/quickstart-cli/src/commands/init/inquire_api.rs
FN:119,_RINvXNtNtNtCsdRS28FRhyO9_16cargo_quickstart8commands4init11inquire_apiNtB3_11RealInquireNtB3_10InquireApi11multiselectReEB9_
FN:63,_RINvXNtNtNtCsdRS28FRhyO9_16cargo_quickstart8commands4init11inquire_apiNtB3_11RealInquireNtB3_10InquireApi20text_with_validationNCINvNtB5_11interactive25get_project_name_with_apiB16_E0EB9_
FN:88,_RINvXNtNtNtCsdRS28FRhyO9_16cargo_quickstart8commands4init11inquire_apiNtB3_11RealInquireNtB3_10InquireApi6selectReEB9_
FN:138,_RNCINvXNtNtNtCsdRS28FRhyO9_16cargo_quickstart8commands4init11inquire_apiNtB5_11RealInquireNtB5_10InquireApi11multiselectReE0Bb_
FN:139,_RNCINvXNtNtNtCsdRS28FRhyO9_16cargo_quickstart8commands4init11inquire_apiNtB5_11RealInquireNtB5_10InquireApi11multiselectReEs_0Bb_
FN:71,_RNCINvXNtNtNtCsdRS28FRhyO9_16cargo_quickstart8commands4init11inquire_apiNtB5_11RealInquireNtB5_10InquireApi20text_with_validationNCINvNtB7_11interactive25get_project_name_with_apiB18_E0E0Bb_
FN:85,_RNCINvXNtNtNtCsdRS28FRhyO9_16cargo_quickstart8commands4init11inquire_apiNtB5_11RealInquireNtB5_10InquireApi20text_with_validationNCINvNtB7_11interactive25get_project_name_with_apiB18_E0Es_0Bb_
FN:102,_RNCINvXNtNtNtCsdRS28FRhyO9_16cargo_quickstart8commands4init11inquire_apiNtB5_11RealInquireNtB5_10InquireApi6selectReE0Bb_
FN:103,_RNCINvXNtNtNtCsdRS28FRhyO9_16cargo_quickstart8commands4init11inquire_apiNtB5_11RealInquireNtB5_10InquireApi6selectReEs_0Bb_
FN:143,_RNCNCINvXNtNtNtCsdRS28FRhyO9_16cargo_quickstart8commands4init11inquire_apiNtB7_11RealInquireNtB7_10InquireApi11multiselectReEs_00Bd_
FN:107,_RNCNCINvXNtNtNtCsdRS28FRhyO9_16cargo_quickstart8commands4init11inquire_apiNtB7_11RealInquireNtB7_10InquireApi6selectReEs_00Bd_
FN:146,_RNCNCNCINvXNtNtNtCsdRS28FRhyO9_16cargo_quickstart8commands4init11inquire_apiNtB9_11RealInquireNtB9_10InquireApi11multiselectReEs_000Bf_
FN:60,_RNCNvXNtNtNtCsdRS28FRhyO9_16cargo_quickstart8commands4init11inquire_apiNtB4_11RealInquireNtB4_10InquireApi4text0Ba_
FN:116,_RNCNvXNtNtNtCsdRS28FRhyO9_16cargo_quickstart8commands4init11inquire_apiNtB4_11RealInquireNtB4_10InquireApi7confirm0Ba_
FN:51,_RNvXNtNtNtCsdRS28FRhyO9_16cargo_quickstart8commands4init11inquire_apiNtB2_11RealInquireNtB2_10InquireApi4text
FN:112,_RNvXNtNtNtCsdRS28FRhyO9_16cargo_quickstart8commands4init11inquire_apiNtB2_11RealInquireNtB2_10InquireApi7confirm
FN:119,_RINvXNtNtNtCs71rpGBOlD6b_16cargo_quickstart8commands4init11inquire_apiNtB3_11RealInquireNtB3_10InquireApi11multiselectReEB9_
FN:63,_RINvXNtNtNtCs71rpGBOlD6b_16cargo_quickstart8commands4init11inquire_apiNtB3_11RealInquireNtB3_10InquireApi20text_with_validationNCINvNtB5_11interactive25get_project_name_with_apiB16_E0EB9_
FN:88,_RINvXNtNtNtCs71rpGBOlD6b_16cargo_quickstart8commands4init11inquire_apiNtB3_11RealInquireNtB3_10InquireApi6selectReEB9_
FN:284,_RINvXs0_NtNtNtCs71rpGBOlD6b_16cargo_quickstart8commands4init11inquire_apiNtB6_11TestInquireNtB6_10InquireApi11multiselectReEBc_
FN:250,_RINvXs0_NtNtNtCs71rpGBOlD6b_16cargo_quickstart8commands4init11inquire_apiNtB6_11TestInquireNtB6_10InquireApi20text_with_validationNCINvNtB8_11interactive25get_project_name_with_apiB19_E0EBc_
FN:250,_RINvXs0_NtNtNtCs71rpGBOlD6b_16cargo_quickstart8commands4init11inquire_apiNtB6_11TestInquireNtB6_10InquireApi20text_with_validationNCNvNtB6_5testss_38test_test_inquire_text_with_validation0EBc_
FN:250,_RINvXs0_NtNtNtCs71rpGBOlD6b_16cargo_quickstart8commands4init11inquire_apiNtB6_11TestInquireNtB6_10InquireApi20text_with_validationNCNvNtB6_5testss_38test_test_inquire_validation_with_help0EBc_
FN:250,_RINvXs0_NtNtNtCs71rpGBOlD6b_16cargo_quickstart8commands4init11inquire_apiNtB6_11TestInquireNtB6_10InquireApi20text_with_validationNCNvNtB6_5testss_53test_test_inquire_text_with_validation_error_response0EBc_
FN:250,_RINvXs0_NtNtNtCs71rpGBOlD6b_16cargo_quickstart8commands4init11inquire_apiNtB6_11TestInquireNtB6_10InquireApi20text_with_validationNCNvNtB6_5testss_59test_test_inquire_text_with_validation_error_from_validator0EBc_
FN:271,_RINvXs0_NtNtNtCs71rpGBOlD6b_16cargo_quickstart8commands4init11inquire_apiNtB6_11TestInquireNtB6_10InquireApi6selectReEBc_
FN:138,_RNCINvXNtNtNtCs71rpGBOlD6b_16cargo_quickstart8commands4init11inquire_apiNtB5_11RealInquireNtB5_10InquireApi11multiselectReE0Bb_
FN:139,_RNCINvXNtNtNtCs71rpGBOlD6b_16cargo_quickstart8commands4init11inquire_apiNtB5_11RealInquireNtB5_10InquireApi11multiselectReEs_0Bb_
FN:71,_RNCINvXNtNtNtCs71rpGBOlD6b_16cargo_quickstart8commands4init11inquire_apiNtB5_11RealInquireNtB5_10InquireApi20text_with_validationNCINvNtB7_11interactive25get_project_name_with_apiB18_E0E0Bb_
FN:85,_RNCINvXNtNtNtCs71rpGBOlD6b_16cargo_quickstart8commands4init11inquire_apiNtB5_11RealInquireNtB5_10InquireApi20text_with_validationNCINvNtB7_11interactive25get_project_name_with_apiB18_E0Es_0Bb_
FN:102,_RNCINvXNtNtNtCs71rpGBOlD6b_16cargo_quickstart8commands4init11inquire_apiNtB5_11RealInquireNtB5_10InquireApi6selectReE0Bb_
FN:103,_RNCINvXNtNtNtCs71rpGBOlD6b_16cargo_quickstart8commands4init11inquire_apiNtB5_11RealInquireNtB5_10InquireApi6selectReEs_0Bb_
FN:143,_RNCNCINvXNtNtNtCs71rpGBOlD6b_16cargo_quickstart8commands4init11inquire_apiNtB7_11RealInquireNtB7_10InquireApi11multiselectReEs_00Bd_
[...]
FN:28,_RNvMNtNtCs34bUwjwCd46_14quickstart_lib8template6loaderNtB2_14TemplateLoader13load_template
FN:43,_RNvMNtNtCs34bUwjwCd46_14quickstart_lib8template6loaderNtB2_14TemplateLoader14list_templates
FN:37,_RNvMNtNtCs34bUwjwCd46_14quickstart_lib8template6loaderNtB2_14TemplateLoader15template_exists
FN:135,_RNvMNtNtCs34bUwjwCd46_14quickstart_lib8template6loaderNtB2_14TemplateLoader20get_destination_path
FN:97,_RNvMNtNtCs34bUwjwCd46_14quickstart_lib8template6loaderNtB2_14TemplateLoader26collect_templates_from_dir
FN:178,_RNvMNtNtCs34bUwjwCd46_14quickstart_lib8template6loaderNtB2_14TemplateLoader9base_path
FN:21,_RINvMNtNtCs34bUwjwCd46_14quickstart_lib8template6loaderNtB3_14TemplateLoader3newpEB7_
FN:21,_RINvMNtNtCs34bUwjwCd46_14quickstart_lib8template6loaderNtB3_14TemplateLoader3newNtNtCsk7vxJ71mTpZ_3std4path7PathBufECs71rpGBOlD6b_16cargo_quickstart
FN:21,_RINvMNtNtCs34bUwjwCd46_14quickstart_lib8template6loaderNtB3_14TemplateLoader3newRNtNtCsk7vxJ71mTpZ_3std4path4PathECs71rpGBOlD6b_16cargo_quickstart
FN:283,_RNCNvNtNtNtCsdGuuzZantQI_14quickstart_lib8template6loader5testss_19test_list_templates0B9_
FN:286,_RNCNvNtNtNtCsdGuuzZantQI_14quickstart_lib8template6loader5testss_19test_list_templatess_0B9_
FN:189,_RNvNtNtNtCsdGuuzZantQI_14quickstart_lib8template6loader5tests24create_test_template_dir
FN:233,_RNvNtNtNtCsdGuuzZantQI_14quickstart_lib8template6loader5testss_18test_load_template
FN:263,_RNvNtNtNtCsdGuuzZantQI_14quickstart_lib8template6loader5testss_19test_list_templates
FN:248,_RNvNtNtNtCsdGuuzZantQI_14quickstart_lib8template6loader5testss_20test_template_exists
FN:293,_RNvNtNtNtCsdGuuzZantQI_14quickstart_lib8template6loader5testss_25test_get_destination_path
FN:21,_RINvMNtNtCsdGuuzZantQI_14quickstart_lib8template6loaderNtB3_14TemplateLoader3newNtNtCsk7vxJ71mTpZ_3std4path7PathBufEB7_
FN:21,_RINvMNtNtCsdGuuzZantQI_14quickstart_lib8template6loaderNtB3_14TemplateLoader3newRNtNtCsk7vxJ71mTpZ_3std4path4PathEB7_
FN:31,_RNCNvMNtNtCsdGuuzZantQI_14quickstart_lib8template6loaderNtB4_14TemplateLoader13load_template0B8_
FN:138,_RNCNvMNtNtCsdGuuzZantQI_14quickstart_lib8template6loaderNtB4_14TemplateLoader20get_destination_path0B8_
FN:107,_RNCNvMNtNtCsdGuuzZantQI_14quickstart_lib8template6loaderNtB4_14TemplateLoader26collect_templates_from_dir0B8_
FN:111,_RNCNvMNtNtCsdGuuzZantQI_14quickstart_lib8template6loaderNtB4_14TemplateLoader26collect_templates_from_dirs_0B8_
FN:28,_RNvMNtNtCsdGuuzZantQI_14quickstart_lib8template6loaderNtB2_14TemplateLoader13load_template
FN:43,_RNvMNtNtCsdGuuzZantQI_14quickstart_lib8template6loaderNtB2_14TemplateLoader14list_templates
FN:37,_RNvMNtNtCsdGuuzZantQI_14quickstart_lib8template6loaderNtB2_14TemplateLoader15template_exists
FN:135,_RNvMNtNtCsdGuuzZantQI_14quickstart_lib8template6loaderNtB2_14TemplateLoader20get_destination_path
FN:97,_RNvMNtNtCsdGuuzZantQI_14quickstart_lib8template6loaderNtB2_14TemplateLoader26collect_templates_from_dir
FN:178,_RNvMNtNtCsdGuuzZantQI_14quickstart_lib8template6loaderNtB2_14TemplateLoader9base_path
FNDA:0,_RINvMNtNtCs34bUwjwCd46_14quickstart_lib8template6loaderNtB3_14TemplateLoader3newNtNtCsk7vxJ71mTpZ_3std4path7PathBufECsdRS28FRhyO9_16cargo_quickstart
FNDA:0,_RNCNvMNtNtCs34bUwjwCd46_14quickstart_lib8template6loaderNtB4_14TemplateLoader13load_template0B8_
FNDA:0,_RNCNvMNtNtCs34bUwjwCd46_14quickstart_lib8template6loaderNtB4_14TemplateLoader20get_destination_path0B8_
FNDA:0,_RNCNvMNtNtCs34bUwjwCd46_14quickstart_lib8template6loaderNtB4_14TemplateLoader26collect_templates_from_dir0B8_
FNDA:0,_RNCNvMNtNtCs34bUwjwCd46_14quickstart_lib8template6loaderNtB4_14TemplateLoader26collect_templates_from_dirs_0B8_
FNDA:21,_RNvMNtNtCs34bUwjwCd46_14quickstart_lib8template6loaderNtB2_14TemplateLoader13load_template
FNDA:17,_RNvMNtNtCs34bUwjwCd46_14quickstart_lib8template6loaderNtB2_14TemplateLoader14list_templates
FNDA:0,_RNvMNtNtCs34bUwjwCd46_14quickstart_lib8template6loaderNtB2_14TemplateLoader15template_exists
FNDA:21,_RNvMNtNtCs34bUwjwCd46_14quickstart_lib8template6loaderNtB2_14TemplateLoader20get_destination_path
FNDA:38,_RNvMNtNtCs34bUwjwCd46_14quickstart_lib8template6loaderNtB2_14TemplateLoader26collect_templates_from_dir
FNDA:74,_RNvMNtNtCs34bUwjwCd46_14quickstart_lib8template6loaderNtB2_14TemplateLoader9base_path
FNDA:0,_RINvMNtNtCs34bUwjwCd46_14quickstart_lib8template6loaderNtB3_14TemplateLoader3newpEB7_
FNDA:6,_RINvMNtNtCs34bUwjwCd46_14quickstart_lib8template6loaderNtB3_14TemplateLoader3newNtNtCsk7vxJ71mTpZ_3std4path7PathBufECs71rpGBOlD6b_16cargo_quickstart
FNDA:2,_RINvMNtNtCs34bUwjwCd46_14quickstart_lib8template6loaderNtB3_14TemplateLoader3newRNtNtCsk7vxJ71mTpZ_3std4path4PathECs71rpGBOlD6b_16cargo_quickstart
FNDA:1,_RNCNvNtNtNtCsdGuuzZantQI_14quickstart_lib8template6loader5testss_19test_list_templates0B9_
FNDA:2,_RNCNvNtNtNtCsdGuuzZantQI_14quickstart_lib8template6loader5testss_19test_list_templatess_0B9_
FNDA:4,_RNvNtNtNtCsdGuuzZantQI_14quickstart_lib8template6loader5tests24create_test_template_dir
FNDA:1,_RNvNtNtNtCsdGuuzZantQI_14quickstart_lib8template6loader5testss_18test_load_template
FNDA:1,_RNvNtNtNtCsdGuuzZantQI_14quickstart_lib8template6loader5testss_19test_list_templates
FNDA:1,_RNvNtNtNtCsdGuuzZantQI_14quickstart_lib8template6loader5testss_20test_template_exists
FNDA:1,_RNvNtNtNtCsdGuuzZantQI_14quickstart_lib8template6loader5testss_25test_get_destination_path
FNDA:1,_RINvMNtNtCsdGuuzZantQI_14quickstart_lib8template6loaderNtB3_14TemplateLoader3newNtNtCsk7vxJ71mTpZ_3std4path7PathBufEB7_
FNDA:4,_RINvMNtNtCsdGuuzZantQI_14quickstart_lib8template6loaderNtB3_14TemplateLoader3newRNtNtCsk7vxJ71mTpZ_3std4path4PathEB7_
FNDA:0,_RNCNvMNtNtCsdGuuzZantQI_14quickstart_lib8template6loaderNtB4_14TemplateLoader13load_template0B8_
FNDA:0,_RNCNvMNtNtCsdGuuzZantQI_14quickstart_lib8template6loaderNtB4_14TemplateLoader20get_destination_path0B8_
FNDA:0,_RNCNvMNtNtCsdGuuzZantQI_14quickstart_lib8template6loaderNtB4_14TemplateLoader26collect_templates_from_dir0B8_
FNDA:0,_RNCNvMNtNtCsdGuuzZantQI_14quickstart_lib8template6loaderNtB4_14TemplateLoader26collect_templates_from_dirs_0B8_
FNDA:1,_RNvMNtNtCsdGuuzZantQI_14quickstart_lib8template6loaderNtB2_14TemplateLoader13load_template
FNDA:2,_RNvMNtNtCsdGuuzZantQI_14quickstart_lib8template6loaderNtB2_14TemplateLoader14list_templates
FNDA:2,_RNvMNtNtCsdGuuzZantQI_14quickstart_lib8template6loaderNtB2_14TemplateLoader15template_exists
FNDA:1,_RNvMNtNtCsdGuuzZantQI_14quickstart_lib8template6loaderNtB2_14TemplateLoader20get_destination_path
FNDA:5,_RNvMNtNtCsdGuuzZantQI_14quickstart_lib8template6loaderNtB2_14TemplateLoader26collect_templates_from_dir
FNDA:0,_RNvMNtNtCsdGuuzZantQI_14quickstart_lib8template6loaderNtB2_14TemplateLoader9base_path
FNF:18
FNH:14
DA:21,13
DA:22,13
DA:23,13
DA:24,13
DA:25,13
DA:28,22
DA:29,22
DA:30,22
DA:31,0
DA:32,0
DA:33,0
DA:34,22
DA:37,2
DA:38,2
DA:39,2
DA:40,2
DA:43,19
DA:44,19
DA:45,19
DA:46,19
DA:47,19
DA:49,19
DA:50,12
DA:51,7
DA:54,19
DA:55,7
DA:56,12
DA:59,19
DA:60,19
DA:62,19
DA:63,19
DA:66,19
DA:67,7
DA:68,7
DA:69,7
DA:70,7
DA:71,12
DA:74,12
DA:75,11
DA:76,11
DA:78,1
DA:79,1
DA:83,12
DA:84,12
DA:85,12
DA:87,12
DA:88,90
DA:89,78
DA:90,78
DA:92,12
DA:93,19
DA:97,43
DA:98,43
DA:99,0
DA:100,0
DA:101,0
DA:102,43
DA:104,43
DA:106,108
DA:107,0
DA:108,0
DA:109,0
DA:110,108
DA:111,0
DA:112,0
DA:113,0
DA:115,108
DA:117,108
DA:119,20
DA:120,20
DA:123,88
DA:124,78
DA:125,78
DA:126,78
DA:127,10
DA:131,43
DA:132,43
DA:135,22
DA:137,22
DA:138,22
DA:141,22
DA:142,22
DA:143,22
DA:144,22
DA:147,22
DA:148,22
DA:149,22
DA:150,5
DA:152,5
DA:153,5
DA:155,0
DA:158,17
DA:161,0
DA:165,22
DA:168,22
DA:169,22
DA:170,22
DA:171,0
DA:172,0
DA:174,0
DA:175,22
DA:178,74
DA:179,74
DA:180,74
DA:189,4
DA:191,4
DA:192,0
DA:193,4
DA:195,4
DA:198,4
DA:201,4
DA:202,4
DA:205,4
DA:206,4
DA:209,4
DA:210,4
DA:211,4
DA:213,4
DA:214,4
DA:215,4
DA:216,4
DA:217,4
DA:219,4
DA:221,4
DA:222,4
DA:223,4
DA:224,4
DA:225,4
DA:227,4
DA:229,4
DA:230,4
DA:233,1
DA:235,1
DA:236,0
DA:237,0
DA:238,1
DA:240,1
DA:241,1
DA:243,1
DA:244,1
DA:245,1
DA:248,1
DA:250,1
DA:251,0
DA:252,0
DA:253,1
DA:255,1
DA:256,1
DA:258,1
DA:259,1
DA:260,1
DA:263,1
DA:265,1
DA:266,0
DA:267,0
DA:268,1
DA:270,1
DA:271,1
DA:273,1
DA:274,1
DA:275,1
DA:278,1
DA:281,1
DA:282,1
DA:283,1
DA:284,1
DA:285,1
DA:286,2
DA:288,1
DA:289,1
DA:290,1
DA:293,1
DA:295,1
DA:296,0
DA:297,0
DA:298,1
DA:300,1
DA:301,1
DA:303,1
DA:304,1
DA:306,1
DA:309,1
DA:310,1
BRF:0
BRH:0
LF:188
LH:159
end_of_record
SF:/Users/smeya/git/cargo-quickstart/crates/quickstart-lib/src/template/mod.rs
FN:24,_RNvXNtCs34bUwjwCd46_14quickstart_lib8templateNtB2_15TemplateVariantNtNtCs6FgkbHSHiEg_4core7default7Default7default
FN:70,_RNvNtNtCsdGuuzZantQI_14quickstart_lib8template5testss_26test_template_variant_enum
FN:24,_RNvXNtCsdGuuzZantQI_14quickstart_lib8templateNtB2_15TemplateVariantNtNtCs6FgkbHSHiEg_4core7default7Default7default
FN:104,_RINvNvNtNtCsdGuuzZantQI_14quickstart_lib8template5testss_16test_result_type12takes_resulthEB8_
FN:103,_RNvNtNtCsdGuuzZantQI_14quickstart_lib8template5testss_16test_result_type
FN:80,_RNvNtNtCsdGuuzZantQI_14quickstart_lib8template5testss_28test_template_error_variants
FNDA:0,_RNvXNtCs34bUwjwCd46_14quickstart_lib8templateNtB2_15TemplateVariantNtNtCs6FgkbHSHiEg_4core7default7Default7default
FNDA:1,_RNvNtNtCsdGuuzZantQI_14quickstart_lib8template5testss_26test_template_variant_enum
FNDA:1,_RNvXNtCsdGuuzZantQI_14quickstart_lib8templateNtB2_15TemplateVariantNtNtCs6FgkbHSHiEg_4core7default7Default7default
FNDA:2,_RINvNvNtNtCsdGuuzZantQI_14quickstart_lib8template5testss_16test_result_type12takes_resulthEB8_
FNDA:1,_RNvNtNtCsdGuuzZantQI_14quickstart_lib8template5testss_16test_result_type
FNDA:1,_RNvNtNtCsdGuuzZantQI_14quickstart_lib8template5testss_28test_template_error_variants
FNF:5
FNH:5
DA:24,1
DA:25,1
DA:26,1
DA:70,1
DA:71,1
DA:72,1
DA:73,1
DA:74,1
DA:77,1
DA:80,1
DA:82,1
DA:83,1
DA:84,1
DA:85,1
DA:86,1
DA:89,1
DA:90,1
DA:91,1
DA:92,1
DA:93,1
DA:96,1
DA:97,1
DA:98,1
DA:99,1
DA:100,1
DA:103,1
DA:104,2
DA:105,2
DA:106,2
DA:107,1
DA:108,1
DA:109,1
DA:110,1
DA:111,1
BRF:0
BRH:0
LF:34
LH:34
end_of_record
SF:/Users/smeya/git/cargo-quickstart/crates/quickstart-lib/src/template/variables.rs
FN:104,_RNvMNtNtCs34bUwjwCd46_14quickstart_lib8template9variablesNtB2_17TemplateVariables11from_config
FN:104,_RNvMNtNtCsdGuuzZantQI_14quickstart_lib8template9variablesNtB2_17TemplateVariables11from_config
FN:160,_RNvMNtNtCsdGuuzZantQI_14quickstart_lib8template9variablesNtB2_17TemplateVariables22default_test_variables
FNDA:5,_RNvMNtNtCs34bUwjwCd46_14quickstart_lib8template9variablesNtB2_17TemplateVariables11from_config
FNDA:1,_RNvMNtNtCsdGuuzZantQI_14quickstart_lib8template9variablesNtB2_17TemplateVariables11from_config
FNDA:7,_RNvMNtNtCsdGuuzZantQI_14quickstart_lib8template9variablesNtB2_17TemplateVariables22default_test_variables
FNF:2
FNH:2
DA:104,6
DA:106,6
DA:107,6
DA:108,6
DA:111,6
DA:112,6
DA:113,6
DA:114,6
DA:117,6
DA:118,6
DA:121,6
DA:122,6
DA:125,6
DA:126,6
DA:128,6
DA:129,6
DA:130,6
DA:131,6
DA:132,6
DA:133,6
DA:134,6
DA:135,6
DA:136,6
DA:137,6
DA:138,6
DA:139,6
DA:140,6
DA:141,6
DA:142,6
DA:143,6
DA:144,6
DA:145,6
DA:146,6
DA:147,6
DA:148,6
DA:149,6
DA:150,6
DA:151,6
DA:152,6
DA:153,6
DA:154,6
DA:155,6
DA:156,6
DA:160,7
DA:162,7
DA:163,0
DA:165,7
DA:166,7
DA:169,7
DA:170,7
DA:171,7
DA:172,7
DA:173,7
DA:174,7
DA:175,7
DA:176,7
DA:177,7
DA:178,7
DA:179,7
DA:180,7
DA:181,7
DA:182,7
DA:183,7
DA:184,7
DA:185,7
DA:186,7
DA:187,7
DA:188,7
DA:189,7
DA:190,7
DA:191,7
DA:192,7
DA:193,7
DA:194,7
DA:195,7
DA:196,7
DA:197,7
BRF:0
BRH:0
LF:77
LH:76
end_of_record
SF:/Users/smeya/git/cargo-quickstart/crates/quickstart-lib/src/tools/helpers.rs
FN:31,_RNCNvXNtNtCs34bUwjwCd46_14quickstart_lib5tools7helpersNtB4_15LowercaseHelperNtNtCs99WJxGeZ8oU_10handlebars7helpers9HelperDef4call0B8_
FN:85,_RNCNvXs0_NtNtCs34bUwjwCd46_14quickstart_lib5tools7helpersNtB7_15SnakeCaseHelperNtNtCs99WJxGeZ8oU_10handlebars7helpers9HelperDef4call0Bb_
FN:113,_RNCNvXs1_NtNtCs34bUwjwCd46_14quickstart_lib5tools7helpersNtB7_15KebabCaseHelperNtNtCs99WJxGeZ8oU_10handlebars7helpers9HelperDef4call0Bb_
FN:58,_RNCNvXs_NtNtCs34bUwjwCd46_14quickstart_lib5tools7helpersNtB6_15UppercaseHelperNtNtCs99WJxGeZ8oU_10handlebars7helpers9HelperDef4call0Ba_
FN:155,_RNvNtNtCs34bUwjwCd46_14quickstart_lib5tools7helpers13to_kebab_case
FN:129,_RNvNtNtCs34bUwjwCd46_14quickstart_lib5tools7helpers13to_snake_case
FN:23,_RNvXNtNtCs34bUwjwCd46_14quickstart_lib5tools7helpersNtB2_15LowercaseHelperNtNtCs99WJxGeZ8oU_10handlebars7helpers9HelperDef4call
FN:77,_RNvXs0_NtNtCs34bUwjwCd46_14quickstart_lib5tools7helpersNtB5_15SnakeCaseHelperNtNtCs99WJxGeZ8oU_10handlebars7helpers9HelperDef4call
FN:105,_RNvXs1_NtNtCs34bUwjwCd46_14quickstart_lib5tools7helpersNtB5_15KebabCaseHelperNtNtCs99WJxGeZ8oU_10handlebars7helpers9HelperDef4call
FN:50,_RNvXs_NtNtCs34bUwjwCd46_14quickstart_lib5tools7helpersNtB4_15UppercaseHelperNtNtCs99WJxGeZ8oU_10handlebars7helpers9HelperDef4call
FN:31,_RNCNvXNtNtCsdGuuzZantQI_14quickstart_lib5tools7helpersNtB4_15LowercaseHelperNtNtCs99WJxGeZ8oU_10handlebars7helpers9HelperDef4call0B8_
FN:85,_RNCNvXs0_NtNtCsdGuuzZantQI_14quickstart_lib5tools7helpersNtB7_15SnakeCaseHelperNtNtCs99WJxGeZ8oU_10handlebars7helpers9HelperDef4call0Bb_
FN:113,_RNCNvXs1_NtNtCsdGuuzZantQI_14quickstart_lib5tools7helpersNtB7_15KebabCaseHelperNtNtCs99WJxGeZ8oU_10handlebars7helpers9HelperDef4call0Bb_
FN:58,_RNCNvXs_NtNtCsdGuuzZantQI_14quickstart_lib5tools7helpersNtB6_15UppercaseHelperNtNtCs99WJxGeZ8oU_10handlebars7helpers9HelperDef4call0Ba_
FN:155,_RNvNtNtCsdGuuzZantQI_14quickstart_lib5tools7helpers13to_kebab_case
FN:129,_RNvNtNtCsdGuuzZantQI_14quickstart_lib5tools7helpers13to_snake_case
FN:23,_RNvXNtNtCsdGuuzZantQI_14quickstart_lib5tools7helpersNtB2_15LowercaseHelperNtNtCs99WJxGeZ8oU_10handlebars7helpers9HelperDef4call
FN:77,_RNvXs0_NtNtCsdGuuzZantQI_14quickstart_lib5tools7helpersNtB5_15SnakeCaseHelperNtNtCs99WJxGeZ8oU_10handlebars7helpers9HelperDef4call
FN:105,_RNvXs1_NtNtCsdGuuzZantQI_14quickstart_lib5tools7helpersNtB5_15KebabCaseHelperNtNtCs99WJxGeZ8oU_10handlebars7helpers9HelperDef4call
FN:50,_RNvXs_NtNtCsdGuuzZantQI_14quickstart_lib5tools7helpersNtB4_15UppercaseHelperNtNtCs99WJxGeZ8oU_10handlebars7helpers9HelperDef4call
FN:187,_RNvNtNtNtCsdGuuzZantQI_14quickstart_lib5tools7helpers5testss_21test_lowercase_helper
FN:200,_RNvNtNtNtCsdGuuzZantQI_14quickstart_lib5tools7helpers5testss_21test_uppercase_helper
FN:226,_RNvNtNtNtCsdGuuzZantQI_14quickstart_lib5tools7helpers5testss_22test_kebab_case_helper
FN:213,_RNvNtNtNtCsdGuuzZantQI_14quickstart_lib5tools7helpers5testss_22test_snake_case_helper
FN:239,_RNvNtNtNtCsdGuuzZantQI_14quickstart_lib5tools7helpers5testss_25test_helper_missing_param
FN:259,_RNvNtNtNtCsdGuuzZantQI_14quickstart_lib5tools7helpers5testss_28test_helper_non_string_param
FN:289,_RNvNtNtNtCsdGuuzZantQI_14quickstart_lib5tools7helpers5testss_29test_to_kebab_case_edge_cases
FN:280,_RNvNtNtNtCsdGuuzZantQI_14quickstart_lib5tools7helpers5testss_29test_to_snake_case_edge_cases
FNDA:0,_RNCNvXNtNtCs34bUwjwCd46_14quickstart_lib5tools7helpersNtB4_15LowercaseHelperNtNtCs99WJxGeZ8oU_10handlebars7helpers9HelperDef4call0B8_
FNDA:0,_RNCNvXs0_NtNtCs34bUwjwCd46_14quickstart_lib5tools7helpersNtB7_15SnakeCaseHelperNtNtCs99WJxGeZ8oU_10handlebars7helpers9HelperDef4call0Bb_
FNDA:0,_RNCNvXs1_NtNtCs34bUwjwCd46_14quickstart_lib5tools7helpersNtB7_15KebabCaseHelperNtNtCs99WJxGeZ8oU_10handlebars7helpers9HelperDef4call0Bb_
FNDA:0,_RNCNvXs_NtNtCs34bUwjwCd46_14quickstart_lib5tools7helpersNtB6_15UppercaseHelperNtNtCs99WJxGeZ8oU_10handlebars7helpers9HelperDef4call0Ba_
FNDA:0,_RNvNtNtCs34bUwjwCd46_14quickstart_lib5tools7helpers13to_kebab_case
FNDA:0,_RNvNtNtCs34bUwjwCd46_14quickstart_lib5tools7helpers13to_snake_case
FNDA:0,_RNvXNtNtCs34bUwjwCd46_14quickstart_lib5tools7helpersNtB2_15LowercaseHelperNtNtCs99WJxGeZ8oU_10handlebars7helpers9HelperDef4call
FNDA:0,_RNvXs0_NtNtCs34bUwjwCd46_14quickstart_lib5tools7helpersNtB5_15SnakeCaseHelperNtNtCs99WJxGeZ8oU_10handlebars7helpers9HelperDef4call
FNDA:0,_RNvXs1_NtNtCs34bUwjwCd46_14quickstart_lib5tools7helpersNtB5_15KebabCaseHelperNtNtCs99WJxGeZ8oU_10handlebars7helpers9HelperDef4call
FNDA:0,_RNvXs_NtNtCs34bUwjwCd46_14quickstart_lib5tools7helpersNtB4_15UppercaseHelperNtNtCs99WJxGeZ8oU_10handlebars7helpers9HelperDef4call
FNDA:1,_RNCNvXNtNtCsdGuuzZantQI_14quickstart_lib5tools7helpersNtB4_15LowercaseHelperNtNtCs99WJxGeZ8oU_10handlebars7helpers9HelperDef4call0B8_
FNDA:1,_RNCNvXs0_NtNtCsdGuuzZantQI_14quickstart_lib5tools7helpersNtB7_15SnakeCaseHelperNtNtCs99WJxGeZ8oU_10handlebars7helpers9HelperDef4call0Bb_
FNDA:1,_RNCNvXs1_NtNtCsdGuuzZantQI_14quickstart_lib5tools7helpersNtB7_15KebabCaseHelperNtNtCs99WJxGeZ8oU_10handlebars7helpers9HelperDef4call0Bb_
FNDA:1,_RNCNvXs_NtNtCsdGuuzZantQI_14quickstart_lib5tools7helpersNtB6_15UppercaseHelperNtNtCs99WJxGeZ8oU_10handlebars7helpers9HelperDef4call0Ba_
FNDA:7,_RNvNtNtCsdGuuzZantQI_14quickstart_lib5tools7helpers13to_kebab_case
FNDA:7,_RNvNtNtCsdGuuzZantQI_14quickstart_lib5tools7helpers13to_snake_case
FNDA:3,_RNvXNtNtCsdGuuzZantQI_14quickstart_lib5tools7helpersNtB2_15LowercaseHelperNtNtCs99WJxGeZ8oU_10handlebars7helpers9HelperDef4call
FNDA:3,_RNvXs0_NtNtCsdGuuzZantQI_14quickstart_lib5tools7helpersNtB5_15SnakeCaseHelperNtNtCs99WJxGeZ8oU_10handlebars7helpers9HelperDef4call
FNDA:3,_RNvXs1_NtNtCsdGuuzZantQI_14quickstart_lib5tools7helpersNtB5_15KebabCaseHelperNtNtCs99WJxGeZ8oU_10handlebars7helpers9HelperDef4call
FNDA:3,_RNvXs_NtNtCsdGuuzZantQI_14quickstart_lib5tools7helpersNtB4_15UppercaseHelperNtNtCs99WJxGeZ8oU_10handlebars7helpers9HelperDef4call
FNDA:1,_RNvNtNtNtCsdGuuzZantQI_14quickstart_lib5tools7helpers5testss_21test_lowercase_helper
FNDA:1,_RNvNtNtNtCsdGuuzZantQI_14quickstart_lib5tools7helpers5testss_21test_uppercase_helper
FNDA:1,_RNvNtNtNtCsdGuuzZantQI_14quickstart_lib5tools7helpers5testss_22test_kebab_case_helper
FNDA:1,_RNvNtNtNtCsdGuuzZantQI_14quickstart_lib5tools7helpers5testss_22test_snake_case_helper
FNDA:1,_RNvNtNtNtCsdGuuzZantQI_14quickstart_lib5tools7helpers5testss_25test_helper_missing_param
FNDA:1,_RNvNtNtNtCsdGuuzZantQI_14quickstart_lib5tools7helpers5testss_28test_helper_non_string_param
FNDA:1,_RNvNtNtNtCsdGuuzZantQI_14quickstart_lib5tools7helpers5testss_29test_to_kebab_case_edge_cases
FNDA:1,_RNvNtNtNtCsdGuuzZantQI_14quickstart_lib5tools7helpers5testss_29test_to_snake_case_edge_cases
FNF:18
FNH:18
DA:23,3
DA:24,3
DA:25,3
DA:26,3
DA:27,3
DA:28,3
DA:29,3
DA:30,3
DA:31,3
DA:32,1
DA:33,1
DA:34,1
DA:35,1
DA:36,1
DA:38,2
DA:39,2
DA:41,2
DA:42,3
DA:50,3
DA:51,3
DA:52,3
DA:53,3
DA:54,3
DA:55,3
DA:56,3
DA:57,3
DA:58,3
DA:59,1
DA:60,1
DA:61,1
DA:62,1
DA:63,1
DA:65,2
DA:66,2
DA:68,2
DA:69,3
DA:77,3
DA:78,3
DA:79,3
DA:80,3
DA:81,3
DA:82,3
DA:83,3
DA:84,3
DA:85,3
DA:86,1
DA:87,1
DA:88,1
DA:89,1
DA:90,1
DA:92,2
DA:93,2
DA:94,2
DA:96,2
DA:97,3
DA:105,3
DA:106,3
DA:107,3
DA:108,3
DA:109,3
DA:110,3
DA:111,3
DA:112,3
DA:113,3
DA:114,1
DA:115,1
DA:116,1
DA:117,1
DA:118,1
DA:120,2
DA:121,2
DA:122,2
DA:124,2
DA:125,3
DA:129,7
DA:130,7
DA:131,7
DA:132,49
DA:133,49
DA:134,7
DA:135,4
DA:136,4
DA:137,7
DA:138,7
DA:139,7
DA:140,7
DA:141,42
DA:142,3
DA:143,3
DA:144,3
DA:145,3
DA:146,39
DA:147,39
DA:148,39
DA:149,39
DA:151,7
DA:152,7
DA:155,7
DA:156,7
DA:157,7
DA:158,56
DA:159,56
DA:160,5
DA:161,3
DA:162,3
DA:163,5
DA:164,5
DA:165,5
DA:166,5
DA:167,51
DA:168,4
DA:169,4
DA:170,4
DA:171,4
DA:172,47
DA:173,47
DA:174,47
DA:175,47
DA:177,7
DA:178,7
DA:187,1
DA:188,1
DA:189,1
DA:191,1
DA:192,1
DA:193,1
DA:195,1
DA:196,1
DA:197,1
DA:200,1
DA:201,1
DA:202,1
DA:204,1
DA:205,1
DA:206,1
DA:208,1
DA:209,1
DA:210,1
DA:213,1
DA:214,1
DA:215,1
DA:217,1
DA:218,1
DA:219,1
DA:221,1
DA:222,1
DA:223,1
DA:226,1
DA:227,1
DA:228,1
DA:230,1
DA:231,1
DA:232,1
DA:234,1
DA:235,1
DA:236,1
DA:239,1
DA:240,1
DA:241,1
DA:242,1
DA:243,1
DA:244,1
DA:246,1
DA:247,5
DA:248,4
DA:249,4
DA:250,4
DA:251,4
DA:252,4
DA:253,0
DA:256,1
DA:259,1
DA:260,1
DA:261,1
DA:262,1
DA:263,1
DA:264,1
DA:266,1
DA:267,1
DA:269,1
DA:270,5
DA:271,4
DA:272,4
DA:274,4
DA:275,4
DA:277,1
DA:280,1
DA:281,1
DA:282,1
DA:283,1
DA:284,1
DA:285,1
DA:286,1
DA:289,1
DA:290,1
DA:291,1
DA:292,1
DA:293,1
DA:294,1
DA:295,1
BRF:0
BRH:0
LF:208
LH:207
end_of_record